     SPEED            = 1.000000  Knots 
     BREADTH          = 25.001822
     FRICTIONAL COEFF.= 5.000000e-02
THE NUMBER OF FRAMES = 486
X_COOR(I)        Y(I)    Z_COOR(I)    X_NORM(I)    Y_NORM(I)    Z_NORM(I)     ALPHA(I)      BETA(I)     GAMMA(I)
244.000000, 0.000000, 18.600000, 0.486000, 0.236000, -0.842000, 64.128998, 74.355003, 59.993999
243.500000, 0.970000, 18.600000, 0.485000, 0.252000, -0.837000, 62.606998, 73.280998, 59.901001
243.000000, 1.398000, 18.600000, 0.431000, 0.542000, -0.721000, 38.487999, 53.044998, 59.112999
242.500000, 1.796000, 18.600000, 0.431000, 0.542000, -0.721000, 38.487999, 53.044998, 59.112999
242.000000, 2.145000, 18.600000, 0.411000, 0.672000, -0.617000, 31.448999, 42.555000, 56.332001
241.500000, 2.451000, 18.600000, 0.411000, 0.672000, -0.617000, 31.448999, 42.555000, 56.332001
241.000000, 2.757000, 18.600000, 0.411000, 0.672000, -0.617000, 31.448999, 42.555000, 56.332001
240.500000, 3.062000, 18.600000, 0.411000, 0.672000, -0.617000, 31.448999, 42.555000, 56.332001
240.000000, 3.368000, 18.600000, 0.411000, 0.672000, -0.617000, 31.448999, 42.555000, 56.332001
239.500000, 3.674000, 18.600000, 0.411000, 0.672000, -0.617000, 31.448999, 42.555000, 56.332001
239.000000, 3.980000, 18.600000, 0.411000, 0.672000, -0.617000, 31.448999, 42.555000, 56.332001
238.500000, 4.285000, 18.600000, 0.411000, 0.672000, -0.617000, 31.448999, 42.555000, 56.332001
238.000000, 4.591000, 18.600000, 0.411000, 0.672000, -0.617000, 31.448999, 42.555000, 56.332001
237.500000, 4.897000, 18.600000, 0.411000, 0.672000, -0.617000, 31.448999, 42.555000, 56.332001
237.000000, 5.203000, 18.600000, 0.411000, 0.672000, -0.617000, 31.448999, 42.555000, 56.332001
236.500000, 5.509000, 18.600000, 0.411000, 0.672000, -0.617000, 31.448999, 42.555000, 56.332001
236.000000, 5.814000, 18.600000, 0.411000, 0.672000, -0.617000, 31.448999, 42.555000, 56.332001
235.500000, 6.120000, 18.600000, 0.411000, 0.672000, -0.617000, 31.448999, 42.555000, 56.332001
235.000000, 6.426000, 18.600000, 0.411000, 0.672000, -0.617000, 31.448999, 42.555000, 56.332001
234.500000, 6.732000, 18.600000, 0.411000, 0.672000, -0.617000, 31.448999, 42.555000, 56.332001
234.000000, 7.038000, 18.600000, 0.411000, 0.672000, -0.617000, 31.448999, 42.555000, 56.332001
233.500000, 7.343000, 18.600000, 0.411000, 0.672000, -0.617000, 31.448999, 42.555000, 56.332001
233.000000, 7.649000, 18.600000, 0.411000, 0.672000, -0.617000, 31.448999, 42.555000, 56.332001
232.500000, 7.955000, 18.600000, 0.411000, 0.672000, -0.617000, 31.448999, 42.555000, 56.332001
232.000000, 8.261000, 18.600000, 0.411000, 0.672000, -0.617000, 31.448999, 42.555000, 56.332001
231.800995, 8.185000, 18.600000, 0.394000, 0.710000, -0.584000, 29.034000, 39.423000, 55.971001
231.300995, 8.463000, 18.600000, 0.394000, 0.710000, -0.584000, 29.034000, 39.423000, 55.971001
230.800995, 8.740000, 18.600000, 0.394000, 0.710000, -0.584000, 29.034000, 39.423000, 55.971001
230.300995, 9.018000, 18.600000, 0.394000, 0.710000, -0.584000, 29.034000, 39.423000, 55.971001
229.800995, 9.296000, 18.600000, 0.394000, 0.710000, -0.584000, 29.034000, 39.423000, 55.971001
229.300995, 9.573000, 18.600000, 0.394000, 0.710000, -0.584000, 29.034000, 39.423000, 55.971001
228.800995, 9.851000, 18.600000, 0.394000, 0.710000, -0.584000, 29.034000, 39.423000, 55.971001
228.300995, 10.128000, 18.600000, 0.394000, 0.710000, -0.584000, 29.034000, 39.423000, 55.971001
227.800995, 10.429000, 18.600000, 0.441000, 0.715000, -0.543000, 31.681000, 37.219002, 50.905998
227.300995, 10.738000, 18.600000, 0.441000, 0.715000, -0.543000, 31.681000, 37.219002, 50.905998
226.800995, 11.046000, 18.600000, 0.441000, 0.715000, -0.543000, 31.681000, 37.219002, 50.905998
226.300995, 11.355000, 18.600000, 0.441000, 0.715000, -0.543000, 31.681000, 37.219002, 50.905998
225.800995, 11.663000, 18.600000, 0.441000, 0.715000, -0.543000, 31.681000, 37.219002, 50.905998
225.699997, 11.753000, 18.600000, 0.400000, 0.723000, -0.563000, 28.917000, 37.917000, 54.657001
225.199997, 12.029000, 18.600000, 0.400000, 0.723000, -0.563000, 28.917000, 37.917000, 54.657001
224.699997, 12.305000, 18.600000, 0.400000, 0.723000, -0.563000, 28.917000, 37.917000, 54.657001
224.199997, 12.500000, 18.600000, 0.223000, 0.840000, -0.495000, 14.897000, 30.493999, 65.690002
223.699997, 12.633000, 18.600000, 0.223000, 0.840000, -0.495000, 14.897000, 30.493999, 65.690002
223.199997, 12.766000, 18.600000, 0.223000, 0.840000, -0.495000, 14.897000, 30.493999, 65.690002
222.699997, 12.899000, 18.600000, 0.223000, 0.840000, -0.495000, 14.897000, 30.493999, 65.690002
222.199997, 13.032000, 18.600000, 0.223000, 0.840000, -0.495000, 14.897000, 30.493999, 65.690002
221.699997, 13.165000, 18.600000, 0.223000, 0.840000, -0.495000, 14.897000, 30.493999, 65.690002
221.199997, 13.298000, 18.600000, 0.223000, 0.840000, -0.495000, 14.897000, 30.493999, 65.690002
220.699997, 13.431000, 18.600000, 0.223000, 0.840000, -0.495000, 14.897000, 30.493999, 65.690002
220.199997, 13.564000, 18.600000, 0.223000, 0.840000, -0.495000, 14.897000, 30.493999, 65.690002
219.699997, 13.697000, 18.600000, 0.223000, 0.840000, -0.495000, 14.897000, 30.493999, 65.690002
219.199997, 13.830000, 18.600000, 0.223000, 0.840000, -0.495000, 14.897000, 30.493999, 65.690002
218.699997, 13.963000, 18.600000, 0.223000, 0.840000, -0.495000, 14.897000, 30.493999, 65.690002
218.199997, 14.096000, 18.600000, 0.223000, 0.840000, -0.495000, 14.897000, 30.493999, 65.690002
217.699997, 14.273000, 18.600000, 0.306000, 0.820000, -0.483000, 20.445999, 30.492001, 57.661999
217.199997, 14.459000, 18.600000, 0.306000, 0.820000, -0.483000, 20.445999, 30.492001, 57.661999
216.699997, 14.645000, 18.600000, 0.306000, 0.820000, -0.483000, 20.445999, 30.492001, 57.661999
216.199997, 14.832000, 18.600000, 0.306000, 0.820000, -0.483000, 20.445999, 30.492001, 57.661999
215.699997, 15.018000, 18.600000, 0.306000, 0.820000, -0.483000, 20.445999, 30.492001, 57.661999
215.199997, 15.205000, 18.600000, 0.306000, 0.820000, -0.483000, 20.445999, 30.492001, 57.661999
214.699997, 15.391000, 18.600000, 0.306000, 0.820000, -0.483000, 20.445999, 30.492001, 57.661999
214.199997, 15.577000, 18.600000, 0.306000, 0.820000, -0.483000, 20.445999, 30.492001, 57.661999
213.699997, 15.764000, 18.600000, 0.306000, 0.820000, -0.483000, 20.445999, 30.492001, 57.661999
213.199997, 15.996000, 18.600000, 0.514000, 0.783000, -0.351000, 33.305000, 24.141001, 34.299999
212.699997, 16.325001, 18.600000, 0.514000, 0.783000, -0.351000, 33.305000, 24.141001, 34.299999
212.199997, 16.653000, 18.600000, 0.514000, 0.783000, -0.351000, 33.305000, 24.141001, 34.299999
211.699997, 16.982000, 18.600000, 0.514000, 0.783000, -0.351000, 33.305000, 24.141001, 34.299999
211.199997, 17.309999, 18.600000, 0.514000, 0.783000, -0.351000, 33.305000, 24.141001, 34.299999
210.699997, 17.639000, 18.600000, 0.514000, 0.783000, -0.351000, 33.305000, 24.141001, 34.299999
210.199997, 17.966999, 18.600000, 0.514000, 0.783000, -0.351000, 33.305000, 24.141001, 34.299999
209.699997, 18.296000, 18.600000, 0.514000, 0.783000, -0.351000, 33.305000, 24.141001, 34.299999
209.199997, 18.610001, 18.600000, 0.476000, 0.801000, -0.363000, 30.738001, 24.363001, 37.290001
208.699997, 18.900000, 18.600000, 0.348000, 0.854000, -0.387000, 22.146999, 24.365000, 48.053001
208.199997, 19.104000, 18.600000, 0.348000, 0.854000, -0.387000, 22.146999, 24.365000, 48.053001
207.699997, 19.306999, 18.600000, 0.348000, 0.854000, -0.387000, 22.146999, 24.365000, 48.053001
207.199997, 19.511000, 18.600000, 0.348000, 0.854000, -0.387000, 22.146999, 24.365000, 48.053001
206.699997, 19.714001, 18.600000, 0.348000, 0.854000, -0.387000, 22.146999, 24.365000, 48.053001
206.199997, 19.917999, 18.600000, 0.348000, 0.854000, -0.387000, 22.146999, 24.365000, 48.053001
205.699997, 20.121000, 18.600000, 0.348000, 0.854000, -0.387000, 22.146999, 24.365000, 48.053001
205.199997, 20.325001, 18.600000, 0.348000, 0.854000, -0.387000, 22.146999, 24.365000, 48.053001
204.699997, 20.528000, 18.600000, 0.348000, 0.854000, -0.387000, 22.146999, 24.365000, 48.053001
204.199997, 20.732000, 18.600000, 0.348000, 0.854000, -0.387000, 22.146999, 24.365000, 48.053001
203.699997, 20.934999, 18.600000, 0.348000, 0.854000, -0.387000, 22.146999, 24.365000, 48.053001
203.199997, 21.139000, 18.600000, 0.348000, 0.854000, -0.387000, 22.146999, 24.365000, 48.053001
202.699997, 21.341999, 18.600000, 0.348000, 0.854000, -0.387000, 22.146999, 24.365000, 48.053001
202.199997, 21.546000, 18.600000, 0.348000, 0.854000, -0.387000, 22.146999, 24.365000, 48.053001
201.699997, 21.749001, 18.600000, 0.348000, 0.854000, -0.387000, 22.146999, 24.365000, 48.053001
201.199997, 21.952999, 18.600000, 0.348000, 0.854000, -0.387000, 22.146999, 24.365000, 48.053001
200.699997, 22.156000, 18.600000, 0.348000, 0.854000, -0.387000, 22.146999, 24.365000, 48.053001
200.199997, 22.360001, 18.600000, 0.348000, 0.854000, -0.387000, 22.146999, 24.365000, 48.053001
199.699997, 22.563000, 18.600000, 0.348000, 0.854000, -0.387000, 22.146999, 24.365000, 48.053001
199.199997, 22.785000, 18.600000, 0.470000, 0.844000, -0.258000, 29.114000, 17.006001, 28.775000
198.699997, 23.063000, 18.600000, 0.470000, 0.844000, -0.258000, 29.114000, 17.006001, 28.775000
197.835007, 23.351000, 18.600000, 0.103000, 0.967000, -0.232000, 6.075000, 13.493000, 66.082001
197.335007, 23.403999, 18.600000, 0.103000, 0.967000, -0.232000, 6.075000, 13.493000, 66.082001
196.835007, 23.458000, 18.600000, 0.103000, 0.967000, -0.232000, 6.075000, 13.493000, 66.082001
196.335007, 23.511000, 18.600000, 0.103000, 0.967000, -0.232000, 6.075000, 13.493000, 66.082001
195.835007, 23.563999, 18.600000, 0.103000, 0.967000, -0.232000, 6.075000, 13.493000, 66.082001
195.335007, 23.617001, 18.600000, 0.103000, 0.967000, -0.232000, 6.075000, 13.493000, 66.082001
194.835007, 23.670000, 18.600000, 0.103000, 0.967000, -0.232000, 6.075000, 13.493000, 66.082001
194.335007, 23.724001, 18.600000, 0.103000, 0.967000, -0.232000, 6.075000, 13.493000, 66.082001
193.835007, 23.777000, 18.600000, 0.103000, 0.967000, -0.232000, 6.075000, 13.493000, 66.082001
193.335007, 23.833000, 18.600000, 0.117000, 0.984000, -0.137000, 6.789000, 7.947000, 49.543999
192.835007, 23.893000, 18.600000, 0.117000, 0.984000, -0.137000, 6.789000, 7.947000, 49.543999
192.335007, 23.952999, 18.600000, 0.117000, 0.984000, -0.137000, 6.789000, 7.947000, 49.543999
191.835007, 24.011999, 18.600000, 0.117000, 0.984000, -0.137000, 6.789000, 7.947000, 49.543999
191.335007, 24.072001, 18.600000, 0.117000, 0.984000, -0.137000, 6.789000, 7.947000, 49.543999
190.835007, 24.131001, 18.600000, 0.117000, 0.984000, -0.137000, 6.789000, 7.947000, 49.543999
190.335007, 24.191000, 18.600000, 0.117000, 0.984000, -0.137000, 6.789000, 7.947000, 49.543999
189.835007, 24.250000, 18.600000, 0.117000, 0.984000, -0.137000, 6.789000, 7.947000, 49.543999
189.335007, 24.309999, 18.600000, 0.117000, 0.984000, -0.137000, 6.789000, 7.947000, 49.543999
188.835007, 24.368999, 18.600000, 0.117000, 0.984000, -0.137000, 6.789000, 7.947000, 49.543999
188.335007, 24.429001, 18.600000, 0.117000, 0.984000, -0.137000, 6.789000, 7.947000, 49.543999
187.835007, 24.488001, 18.600000, 0.117000, 0.984000, -0.137000, 6.789000, 7.947000, 49.543999
187.335007, 24.548000, 18.600000, 0.117000, 0.984000, -0.137000, 6.789000, 7.947000, 49.543999
186.835007, 24.607000, 18.600000, 0.117000, 0.984000, -0.137000, 6.789000, 7.947000, 49.543999
186.335007, 24.667000, 18.600000, 0.117000, 0.984000, -0.137000, 6.789000, 7.947000, 49.543999
185.835007, 24.726000, 18.600000, 0.117000, 0.984000, -0.137000, 6.789000, 7.947000, 49.543999
185.335007, 24.785999, 18.600000, 0.117000, 0.984000, -0.137000, 6.789000, 7.947000, 49.543999
184.863998, 24.841999, 18.600000, 0.057000, 0.988000, -0.143000, 3.327000, 8.230000, 68.101997
183.862000, 24.875000, 18.600000, 0.000000, 0.993000, -0.118000, 0.000000, 6.776000, 90.000000
183.362000, 24.875000, 18.600000, 0.000000, 0.993000, -0.118000, 0.000000, 6.776000, 90.000000
182.862000, 24.875000, 18.600000, 0.000000, 0.993000, -0.118000, 0.000000, 6.776000, 90.000000
182.362000, 24.875000, 18.600000, 0.000000, 0.993000, -0.118000, 0.000000, 6.776000, 90.000000
181.862000, 24.875000, 18.600000, 0.000000, 0.993000, -0.118000, 0.000000, 6.776000, 90.000000
181.362000, 24.875000, 18.600000, 0.000000, 0.993000, -0.118000, 0.000000, 6.776000, 90.000000
180.862000, 24.875000, 18.600000, 0.000000, 0.993000, -0.118000, 0.000000, 6.776000, 90.000000
180.362000, 24.875000, 18.600000, 0.000000, 0.993000, -0.118000, 0.000000, 6.776000, 90.000000
179.862000, 24.875000, 18.600000, 0.000000, 0.993000, -0.118000, 0.000000, 6.776000, 90.000000
179.362000, 24.875000, 18.600000, 0.000000, 0.993000, -0.118000, 0.000000, 6.776000, 90.000000
178.862000, 24.875000, 18.600000, 0.000000, 0.993000, -0.118000, 0.000000, 6.776000, 90.000000
178.362000, 24.875000, 18.600000, 0.000000, 0.993000, -0.118000, 0.000000, 6.776000, 90.000000
177.862000, 24.875000, 18.600000, 0.000000, 0.993000, -0.118000, 0.000000, 6.776000, 90.000000
177.362000, 24.875000, 18.600000, 0.000000, 0.993000, -0.118000, 0.000000, 6.776000, 90.000000
176.862000, 24.875000, 18.600000, 0.000000, 0.993000, -0.118000, 0.000000, 6.776000, 90.000000
176.362000, 24.875000, 18.600000, 0.000000, 0.993000, -0.118000, 0.000000, 6.776000, 90.000000
175.862000, 24.875000, 18.600000, 0.000000, 0.993000, -0.118000, 0.000000, 6.776000, 90.000000
175.362000, 24.875000, 18.600000, 0.000000, 0.993000, -0.118000, 0.000000, 6.776000, 90.000000
174.862000, 24.875000, 18.600000, 0.000000, 0.993000, -0.118000, 0.000000, 6.776000, 90.000000
174.362000, 24.875000, 18.600000, 0.000000, 0.993000, -0.118000, 0.000000, 6.776000, 90.000000
173.862000, 24.875000, 18.600000, 0.000000, 0.993000, -0.118000, 0.000000, 6.776000, 90.000000
173.362000, 24.875000, 18.600000, 0.000000, 0.993000, -0.118000, 0.000000, 6.776000, 90.000000
172.862000, 24.875000, 18.600000, 0.000000, 0.993000, -0.118000, 0.000000, 6.776000, 90.000000
172.362000, 24.875000, 18.600000, 0.000000, 0.993000, -0.118000, 0.000000, 6.776000, 90.000000
171.862000, 24.875000, 18.600000, 0.000000, 0.993000, -0.118000, 0.000000, 6.776000, 90.000000
171.362000, 24.875000, 18.600000, 0.000000, 0.993000, -0.118000, 0.000000, 6.776000, 90.000000
170.862000, 24.875000, 18.600000, 0.000000, 0.993000, -0.118000, 0.000000, 6.776000, 90.000000
170.362000, 24.875000, 18.600000, 0.000000, 0.993000, -0.118000, 0.000000, 6.776000, 90.000000
169.862000, 24.875000, 18.600000, 0.000000, 0.993000, -0.118000, 0.000000, 6.776000, 90.000000
169.362000, 24.875000, 18.600000, 0.000000, 0.993000, -0.118000, 0.000000, 6.776000, 90.000000
168.862000, 24.875000, 18.600000, 0.000000, 0.993000, -0.118000, 0.000000, 6.776000, 90.000000
168.362000, 24.875000, 18.600000, 0.000000, 0.993000, -0.118000, 0.000000, 6.776000, 90.000000
167.862000, 24.875000, 18.600000, 0.000000, 0.993000, -0.118000, 0.000000, 6.776000, 90.000000
167.362000, 24.875000, 18.600000, 0.000000, 0.993000, -0.118000, 0.000000, 6.776000, 90.000000
166.862000, 24.875000, 18.600000, 0.000000, 0.993000, -0.118000, 0.000000, 6.776000, 90.000000
166.362000, 24.875000, 18.600000, 0.000000, 0.993000, -0.118000, 0.000000, 6.776000, 90.000000
165.862000, 24.875000, 18.600000, 0.000000, 0.993000, -0.118000, 0.000000, 6.776000, 90.000000
165.362000, 24.875000, 18.600000, 0.000000, 0.993000, -0.118000, 0.000000, 6.776000, 90.000000
164.862000, 24.875000, 18.600000, 0.000000, 0.993000, -0.118000, 0.000000, 6.776000, 90.000000
164.362000, 24.875000, 18.600000, 0.000000, 0.993000, -0.118000, 0.000000, 6.776000, 90.000000
163.862000, 24.875000, 18.600000, 0.000000, 0.993000, -0.118000, 0.000000, 6.776000, 90.000000
163.362000, 24.875000, 18.600000, 0.000000, 0.993000, -0.118000, 0.000000, 6.776000, 90.000000
162.862000, 24.875000, 18.600000, 0.000000, 0.993000, -0.118000, 0.000000, 6.776000, 90.000000
162.362000, 24.875000, 18.600000, 0.000000, 0.993000, -0.118000, 0.000000, 6.776000, 90.000000
161.862000, 24.875000, 18.600000, 0.000000, 0.993000, -0.118000, 0.000000, 6.776000, 90.000000
161.362000, 24.875000, 18.600000, 0.000000, 0.993000, -0.118000, 0.000000, 6.776000, 90.000000
160.862000, 24.875000, 18.600000, 0.000000, 0.993000, -0.118000, 0.000000, 6.776000, 90.000000
160.362000, 24.875000, 18.600000, 0.000000, 0.993000, -0.118000, 0.000000, 6.776000, 90.000000
159.862000, 24.875000, 18.600000, 0.000000, 0.993000, -0.118000, 0.000000, 6.776000, 90.000000
159.362000, 24.875000, 18.600000, 0.000000, 0.993000, -0.118000, 0.000000, 6.776000, 90.000000
158.862000, 24.875000, 18.600000, 0.000000, 0.993000, -0.118000, 0.000000, 6.776000, 90.000000
158.362000, 24.875000, 18.600000, 0.000000, 0.993000, -0.118000, 0.000000, 6.776000, 90.000000
157.862000, 24.875000, 18.600000, 0.000000, 0.993000, -0.118000, 0.000000, 6.776000, 90.000000
157.362000, 24.875000, 18.600000, 0.000000, 0.993000, -0.118000, 0.000000, 6.776000, 90.000000
156.862000, 24.875000, 18.600000, 0.000000, 0.993000, -0.118000, 0.000000, 6.776000, 90.000000
156.362000, 24.875000, 18.600000, 0.000000, 0.993000, -0.118000, 0.000000, 6.776000, 90.000000
155.862000, 24.875000, 18.600000, 0.000000, 0.993000, -0.118000, 0.000000, 6.776000, 90.000000
155.362000, 24.875000, 18.600000, 0.000000, 0.993000, -0.118000, 0.000000, 6.776000, 90.000000
154.862000, 24.875000, 18.600000, 0.000000, 0.993000, -0.118000, 0.000000, 6.776000, 90.000000
154.362000, 24.875000, 18.600000, 0.000000, 0.993000, -0.118000, 0.000000, 6.776000, 90.000000
153.862000, 24.875000, 18.600000, 0.000000, 0.993000, -0.118000, 0.000000, 6.776000, 90.000000
153.362000, 24.875000, 18.600000, 0.000000, 0.993000, -0.118000, 0.000000, 6.776000, 90.000000
152.862000, 24.875000, 18.600000, 0.000000, 0.993000, -0.118000, 0.000000, 6.776000, 90.000000
152.362000, 24.875000, 18.600000, 0.000000, 0.993000, -0.118000, 0.000000, 6.776000, 90.000000
151.862000, 24.875000, 18.600000, 0.000000, 0.993000, -0.118000, 0.000000, 6.776000, 90.000000
151.362000, 24.875000, 18.600000, 0.000000, 0.993000, -0.118000, 0.000000, 6.776000, 90.000000
150.862000, 24.875000, 18.600000, 0.000000, 0.993000, -0.118000, 0.000000, 6.776000, 90.000000
150.362000, 24.875000, 18.600000, 0.000000, 0.993000, -0.118000, 0.000000, 6.776000, 90.000000
149.862000, 24.875000, 18.600000, 0.000000, 0.993000, -0.118000, 0.000000, 6.776000, 90.000000
149.362000, 24.875000, 18.600000, 0.000000, 0.993000, -0.118000, 0.000000, 6.776000, 90.000000
148.862000, 24.875000, 18.600000, 0.000000, 0.993000, -0.118000, 0.000000, 6.776000, 90.000000
148.362000, 24.875000, 18.600000, 0.000000, 0.993000, -0.118000, 0.000000, 6.776000, 90.000000
147.862000, 24.875000, 18.600000, 0.000000, 0.993000, -0.118000, 0.000000, 6.776000, 90.000000
147.362000, 24.875000, 18.600000, 0.000000, 0.993000, -0.118000, 0.000000, 6.776000, 90.000000
146.862000, 24.875000, 18.600000, 0.000000, 0.993000, -0.118000, 0.000000, 6.776000, 90.000000
146.362000, 24.875000, 18.600000, 0.000000, 0.993000, -0.118000, 0.000000, 6.776000, 90.000000
145.862000, 24.875000, 18.600000, 0.000000, 0.993000, -0.118000, 0.000000, 6.776000, 90.000000
145.362000, 24.875000, 18.600000, 0.000000, 0.993000, -0.118000, 0.000000, 6.776000, 90.000000
144.862000, 24.875000, 18.600000, 0.000000, 0.993000, -0.118000, 0.000000, 6.776000, 90.000000
144.362000, 24.875000, 18.600000, 0.000000, 0.993000, -0.118000, 0.000000, 6.776000, 90.000000
143.862000, 24.875000, 18.600000, 0.000000, 0.993000, -0.118000, 0.000000, 6.776000, 90.000000
143.362000, 24.875000, 18.600000, 0.000000, 0.993000, -0.118000, 0.000000, 6.776000, 90.000000
142.862000, 24.875000, 18.600000, 0.000000, 0.993000, -0.118000, 0.000000, 6.776000, 90.000000
142.362000, 24.875000, 18.600000, 0.000000, 0.993000, -0.118000, 0.000000, 6.776000, 90.000000
141.862000, 24.875000, 18.600000, 0.000000, 0.993000, -0.118000, 0.000000, 6.776000, 90.000000
141.362000, 24.875000, 18.600000, 0.000000, 0.993000, -0.118000, 0.000000, 6.776000, 90.000000
140.862000, 24.875000, 18.600000, 0.000000, 0.993000, -0.118000, 0.000000, 6.776000, 90.000000
140.362000, 24.875000, 18.600000, 0.000000, 0.993000, -0.118000, 0.000000, 6.776000, 90.000000
139.862000, 24.875000, 18.600000, 0.000000, 0.993000, -0.118000, 0.000000, 6.776000, 90.000000
139.362000, 24.875000, 18.600000, 0.000000, 0.993000, -0.118000, 0.000000, 6.776000, 90.000000
138.862000, 24.875000, 18.600000, 0.000000, 0.993000, -0.118000, 0.000000, 6.776000, 90.000000
138.362000, 24.875000, 18.600000, 0.000000, 0.993000, -0.118000, 0.000000, 6.776000, 90.000000
137.862000, 24.875000, 18.600000, 0.000000, 0.993000, -0.118000, 0.000000, 6.776000, 90.000000
137.362000, 24.875000, 18.600000, 0.000000, 0.993000, -0.118000, 0.000000, 6.776000, 90.000000
136.862000, 24.875000, 18.600000, 0.000000, 0.993000, -0.118000, 0.000000, 6.776000, 90.000000
136.362000, 24.875000, 18.600000, 0.000000, 0.993000, -0.118000, 0.000000, 6.776000, 90.000000
135.862000, 24.875000, 18.600000, 0.000000, 0.993000, -0.118000, 0.000000, 6.776000, 90.000000
135.362000, 24.875000, 18.600000, 0.000000, 0.993000, -0.118000, 0.000000, 6.776000, 90.000000
134.862000, 24.875000, 18.600000, 0.000000, 0.993000, -0.118000, 0.000000, 6.776000, 90.000000
134.362000, 24.875000, 18.600000, 0.000000, 0.993000, -0.118000, 0.000000, 6.776000, 90.000000
133.862000, 24.875000, 18.600000, 0.000000, 0.993000, -0.118000, 0.000000, 6.776000, 90.000000
133.362000, 24.875000, 18.600000, 0.000000, 0.993000, -0.118000, 0.000000, 6.776000, 90.000000
132.862000, 24.875000, 18.600000, 0.000000, 0.993000, -0.118000, 0.000000, 6.776000, 90.000000
132.362000, 24.875000, 18.600000, 0.000000, 0.993000, -0.118000, 0.000000, 6.776000, 90.000000
131.862000, 24.875000, 18.600000, 0.000000, 0.993000, -0.118000, 0.000000, 6.776000, 90.000000
131.362000, 24.875000, 18.600000, 0.000000, 0.993000, -0.118000, 0.000000, 6.776000, 90.000000
130.862000, 24.875000, 18.600000, 0.000000, 0.993000, -0.118000, 0.000000, 6.776000, 90.000000
130.362000, 24.875000, 18.600000, 0.000000, 0.993000, -0.118000, 0.000000, 6.776000, 90.000000
129.862000, 24.875000, 18.600000, 0.000000, 0.993000, -0.118000, 0.000000, 6.776000, 90.000000
129.362000, 24.875000, 18.600000, 0.000000, 0.993000, -0.118000, 0.000000, 6.776000, 90.000000
128.862000, 24.875000, 18.600000, 0.000000, 0.993000, -0.118000, 0.000000, 6.776000, 90.000000
128.362000, 24.875000, 18.600000, 0.000000, 0.993000, -0.118000, 0.000000, 6.776000, 90.000000
127.862000, 24.875000, 18.600000, 0.000000, 0.993000, -0.118000, 0.000000, 6.776000, 90.000000
127.362000, 24.875000, 18.600000, 0.000000, 0.993000, -0.118000, 0.000000, 6.776000, 90.000000
126.862000, 24.875000, 18.600000, 0.000000, 0.993000, -0.118000, 0.000000, 6.776000, 90.000000
126.362000, 24.875000, 18.600000, 0.000000, 0.993000, -0.118000, 0.000000, 6.776000, 90.000000
125.862000, 24.875000, 18.600000, 0.000000, 0.993000, -0.118000, 0.000000, 6.776000, 90.000000
125.362000, 24.875000, 18.600000, 0.000000, 0.993000, -0.118000, 0.000000, 6.776000, 90.000000
124.862000, 24.875000, 18.600000, 0.000000, 0.993000, -0.118000, 0.000000, 6.776000, 90.000000
124.362000, 24.875000, 18.600000, 0.000000, 0.993000, -0.118000, 0.000000, 6.776000, 90.000000
123.862000, 24.875000, 18.600000, 0.000000, 0.993000, -0.118000, 0.000000, 6.776000, 90.000000
123.362000, 24.875000, 18.600000, 0.000000, 0.993000, -0.118000, 0.000000, 6.776000, 90.000000
122.862000, 24.875000, 18.600000, 0.000000, 0.993000, -0.118000, 0.000000, 6.776000, 90.000000
122.362000, 24.875000, 18.600000, 0.000000, 0.993000, -0.118000, 0.000000, 6.776000, 90.000000
121.862000, 24.875000, 18.600000, 0.000000, 0.993000, -0.118000, 0.000000, 6.776000, 90.000000
121.362000, 24.875000, 18.600000, 0.000000, 0.993000, -0.118000, 0.000000, 6.776000, 90.000000
120.862000, 24.875000, 18.600000, 0.000000, 0.993000, -0.118000, 0.000000, 6.776000, 90.000000
120.362000, 24.875000, 18.600000, 0.000000, 0.993000, -0.118000, 0.000000, 6.776000, 90.000000
119.862000, 24.875000, 18.600000, 0.000000, 0.993000, -0.118000, 0.000000, 6.776000, 90.000000
119.362000, 24.875000, 18.600000, 0.000000, 0.993000, -0.118000, 0.000000, 6.776000, 90.000000
118.862000, 24.875000, 18.600000, 0.000000, 0.993000, -0.118000, 0.000000, 6.776000, 90.000000
118.362000, 24.875000, 18.600000, 0.000000, 0.993000, -0.118000, 0.000000, 6.776000, 90.000000
117.862000, 24.875000, 18.600000, 0.000000, 0.993000, -0.118000, 0.000000, 6.776000, 90.000000
117.362000, 24.875000, 18.600000, 0.000000, 0.993000, -0.118000, 0.000000, 6.776000, 90.000000
116.862000, 24.875000, 18.600000, 0.000000, 0.993000, -0.118000, 0.000000, 6.776000, 90.000000
116.362000, 24.875000, 18.600000, 0.000000, 0.993000, -0.118000, 0.000000, 6.776000, 90.000000
115.862000, 24.875000, 18.600000, 0.000000, 0.993000, -0.118000, 0.000000, 6.776000, 90.000000
115.362000, 24.875000, 18.600000, 0.000000, 0.993000, -0.118000, 0.000000, 6.776000, 90.000000
114.862000, 24.875000, 18.600000, 0.000000, 0.993000, -0.118000, 0.000000, 6.776000, 90.000000
114.362000, 24.875000, 18.600000, 0.000000, 0.993000, -0.118000, 0.000000, 6.776000, 90.000000
113.862000, 24.875000, 18.600000, 0.000000, 0.993000, -0.118000, 0.000000, 6.776000, 90.000000
113.362000, 24.875000, 18.600000, 0.000000, 0.993000, -0.118000, 0.000000, 6.776000, 90.000000
112.862000, 24.875000, 18.600000, 0.000000, 0.993000, -0.118000, 0.000000, 6.776000, 90.000000
112.362000, 24.875000, 18.600000, 0.000000, 0.993000, -0.118000, 0.000000, 6.776000, 90.000000
111.862000, 24.875000, 18.600000, 0.000000, 0.993000, -0.118000, 0.000000, 6.776000, 90.000000
111.362000, 24.875000, 18.600000, 0.000000, 0.993000, -0.118000, 0.000000, 6.776000, 90.000000
110.862000, 24.875000, 18.600000, 0.000000, 0.993000, -0.118000, 0.000000, 6.776000, 90.000000
110.362000, 24.875000, 18.600000, 0.000000, 0.993000, -0.118000, 0.000000, 6.776000, 90.000000
109.862000, 24.875000, 18.600000, 0.000000, 0.993000, -0.118000, 0.000000, 6.776000, 90.000000
109.362000, 24.875000, 18.600000, 0.000000, 0.993000, -0.118000, 0.000000, 6.776000, 90.000000
108.862000, 24.875000, 18.600000, 0.000000, 0.993000, -0.118000, 0.000000, 6.776000, 90.000000
108.362000, 24.875000, 18.600000, 0.000000, 0.993000, -0.118000, 0.000000, 6.776000, 90.000000
107.862000, 24.875000, 18.600000, 0.000000, 0.993000, -0.118000, 0.000000, 6.776000, 90.000000
107.362000, 24.875000, 18.600000, 0.000000, 0.993000, -0.118000, 0.000000, 6.776000, 90.000000
106.862000, 24.875000, 18.600000, 0.000000, 0.993000, -0.118000, 0.000000, 6.776000, 90.000000
106.362000, 24.875000, 18.600000, 0.000000, 0.993000, -0.118000, 0.000000, 6.776000, 90.000000
105.862000, 24.875000, 18.600000, 0.000000, 0.993000, -0.118000, 0.000000, 6.776000, 90.000000
105.362000, 24.875000, 18.600000, 0.000000, 0.993000, -0.118000, 0.000000, 6.776000, 90.000000
104.862000, 24.875000, 18.600000, 0.000000, 0.993000, -0.118000, 0.000000, 6.776000, 90.000000
104.362000, 24.875000, 18.600000, 0.000000, 0.993000, -0.118000, 0.000000, 6.776000, 90.000000
103.862000, 24.875000, 18.600000, 0.000000, 0.993000, -0.118000, 0.000000, 6.776000, 90.000000
103.362000, 24.875000, 18.600000, 0.000000, 0.993000, -0.118000, 0.000000, 6.776000, 90.000000
102.862000, 24.875000, 18.600000, 0.000000, 0.993000, -0.118000, 0.000000, 6.776000, 90.000000
102.362000, 24.875000, 18.600000, 0.000000, 0.993000, -0.118000, 0.000000, 6.776000, 90.000000
101.862000, 24.875000, 18.600000, 0.000000, 0.993000, -0.118000, 0.000000, 6.776000, 90.000000
101.362000, 24.875000, 18.600000, 0.000000, 0.993000, -0.118000, 0.000000, 6.776000, 90.000000
100.862000, 24.875000, 18.600000, 0.000000, 0.993000, -0.118000, 0.000000, 6.776000, 90.000000
100.362000, 24.875000, 18.600000, 0.000000, 0.993000, -0.118000, 0.000000, 6.776000, 90.000000
99.862000, 24.875000, 18.600000, 0.000000, 0.993000, -0.118000, 0.000000, 6.776000, 90.000000
99.362000, 24.875000, 18.600000, 0.000000, 0.993000, -0.118000, 0.000000, 6.776000, 90.000000
98.862000, 24.875000, 18.600000, 0.000000, 0.993000, -0.118000, 0.000000, 6.776000, 90.000000
98.362000, 24.875000, 18.600000, 0.000000, 0.993000, -0.118000, 0.000000, 6.776000, 90.000000
97.862000, 24.875000, 18.600000, 0.000000, 0.993000, -0.118000, 0.000000, 6.776000, 90.000000
97.362000, 24.875000, 18.600000, 0.000000, 0.993000, -0.118000, 0.000000, 6.776000, 90.000000
96.862000, 24.875000, 18.600000, 0.000000, 0.993000, -0.118000, 0.000000, 6.776000, 90.000000
96.362000, 24.875000, 18.600000, 0.000000, 0.993000, -0.118000, 0.000000, 6.776000, 90.000000
95.862000, 24.875000, 18.600000, 0.000000, 0.993000, -0.118000, 0.000000, 6.776000, 90.000000
95.362000, 24.875000, 18.600000, 0.000000, 0.993000, -0.118000, 0.000000, 6.776000, 90.000000
94.862000, 24.875000, 18.600000, 0.000000, 0.993000, -0.118000, 0.000000, 6.776000, 90.000000
94.362000, 24.875000, 18.600000, 0.000000, 0.993000, -0.118000, 0.000000, 6.776000, 90.000000
93.862000, 24.875000, 18.600000, 0.000000, 0.993000, -0.118000, 0.000000, 6.776000, 90.000000
93.362000, 24.875000, 18.600000, 0.000000, 0.993000, -0.118000, 0.000000, 6.776000, 90.000000
92.862000, 24.875000, 18.600000, 0.000000, 0.993000, -0.118000, 0.000000, 6.776000, 90.000000
92.362000, 24.875000, 18.600000, 0.000000, 0.993000, -0.118000, 0.000000, 6.776000, 90.000000
91.862000, 24.875000, 18.600000, 0.000000, 0.993000, -0.118000, 0.000000, 6.776000, 90.000000
91.362000, 24.875000, 18.600000, 0.000000, 0.993000, -0.118000, 0.000000, 6.776000, 90.000000
90.862000, 24.875000, 18.600000, 0.000000, 0.993000, -0.118000, 0.000000, 6.776000, 90.000000
90.362000, 24.875000, 18.600000, 0.000000, 0.993000, -0.118000, 0.000000, 6.776000, 90.000000
89.862000, 24.875000, 18.600000, 0.000000, 0.993000, -0.118000, 0.000000, 6.776000, 90.000000
89.362000, 24.875000, 18.600000, 0.000000, 0.993000, -0.118000, 0.000000, 6.776000, 90.000000
88.862000, 24.875000, 18.600000, 0.000000, 0.993000, -0.118000, 0.000000, 6.776000, 90.000000
88.362000, 24.875000, 18.600000, 0.000000, 0.993000, -0.118000, 0.000000, 6.776000, 90.000000
87.862000, 24.875000, 18.600000, 0.000000, 0.993000, -0.118000, 0.000000, 6.776000, 90.000000
87.362000, 24.875000, 18.600000, 0.000000, 0.993000, -0.118000, 0.000000, 6.776000, 90.000000
86.862000, 24.875000, 18.600000, 0.000000, 0.993000, -0.118000, 0.000000, 6.776000, 90.000000
86.362000, 24.875000, 18.600000, 0.000000, 0.993000, -0.118000, 0.000000, 6.776000, 90.000000
85.862000, 24.875000, 18.600000, 0.000000, 0.993000, -0.118000, 0.000000, 6.776000, 90.000000
85.362000, 24.875000, 18.600000, 0.000000, 0.993000, -0.118000, 0.000000, 6.776000, 90.000000
84.862000, 24.875000, 18.600000, 0.000000, 0.993000, -0.118000, 0.000000, 6.776000, 90.000000
84.362000, 24.875000, 18.600000, 0.000000, 0.993000, -0.118000, 0.000000, 6.776000, 90.000000
83.862000, 24.875000, 18.600000, 0.000000, 0.993000, -0.118000, 0.000000, 6.776000, 90.000000
83.362000, 24.875000, 18.600000, 0.000000, 0.993000, -0.118000, 0.000000, 6.776000, 90.000000
82.862000, 24.875000, 18.600000, 0.000000, 0.993000, -0.118000, 0.000000, 6.776000, 90.000000
82.362000, 24.875000, 18.600000, 0.000000, 0.993000, -0.118000, 0.000000, 6.776000, 90.000000
81.862000, 24.875000, 18.600000, 0.000000, 0.993000, -0.118000, 0.000000, 6.776000, 90.000000
81.362000, 24.875000, 18.600000, 0.000000, 0.993000, -0.118000, 0.000000, 6.776000, 90.000000
80.862000, 24.875000, 18.600000, 0.000000, 0.993000, -0.118000, 0.000000, 6.776000, 90.000000
80.362000, 24.875000, 18.600000, 0.000000, 0.993000, -0.118000, 0.000000, 6.776000, 90.000000
79.862000, 24.875000, 18.600000, 0.000000, 0.993000, -0.118000, 0.000000, 6.776000, 90.000000
79.362000, 24.875000, 18.600000, 0.000000, 0.993000, -0.118000, 0.000000, 6.776000, 90.000000
78.862000, 24.875000, 18.600000, 0.000000, 0.993000, -0.118000, 0.000000, 6.776000, 90.000000
78.362000, 24.875000, 18.600000, 0.000000, 0.993000, -0.118000, 0.000000, 6.776000, 90.000000
77.862000, 24.875000, 18.600000, 0.000000, 0.993000, -0.118000, 0.000000, 6.776000, 90.000000
77.362000, 24.875000, 18.600000, 0.000000, 0.993000, -0.118000, 0.000000, 6.776000, 90.000000
76.862000, 24.875000, 18.600000, 0.000000, 0.993000, -0.118000, 0.000000, 6.776000, 90.000000
76.362000, 24.875000, 18.600000, 0.000000, 0.993000, -0.118000, 0.000000, 6.776000, 90.000000
75.862000, 24.875000, 18.600000, 0.000000, 0.993000, -0.118000, 0.000000, 6.776000, 90.000000
75.362000, 24.875000, 18.600000, 0.000000, 0.993000, -0.118000, 0.000000, 6.776000, 90.000000
74.862000, 24.875000, 18.600000, 0.000000, 0.993000, -0.118000, 0.000000, 6.776000, 90.000000
74.362000, 24.875000, 18.600000, 0.000000, 0.993000, -0.118000, 0.000000, 6.776000, 90.000000
73.862000, 24.875000, 18.600000, 0.000000, 0.993000, -0.118000, 0.000000, 6.776000, 90.000000
73.362000, 24.875000, 18.600000, 0.000000, 0.993000, -0.118000, 0.000000, 6.776000, 90.000000
72.862000, 24.875000, 18.600000, 0.000000, 0.993000, -0.118000, 0.000000, 6.776000, 90.000000
72.362000, 24.875000, 18.600000, 0.000000, 0.993000, -0.118000, 0.000000, 6.776000, 90.000000
71.862000, 24.875000, 18.600000, 0.000000, 0.993000, -0.118000, 0.000000, 6.776000, 90.000000
71.362000, 24.875000, 18.600000, 0.000000, 0.993000, -0.118000, 0.000000, 6.776000, 90.000000
70.862000, 24.875000, 18.600000, 0.000000, 0.993000, -0.118000, 0.000000, 6.776000, 90.000000
70.362000, 24.875000, 18.600000, 0.000000, 0.993000, -0.118000, 0.000000, 6.776000, 90.000000
69.862000, 24.875000, 18.600000, 0.000000, 0.993000, -0.118000, 0.000000, 6.776000, 90.000000
69.362000, 24.875000, 18.600000, 0.000000, 0.993000, -0.118000, 0.000000, 6.776000, 90.000000
68.862000, 24.875000, 18.600000, 0.000000, 0.993000, -0.118000, 0.000000, 6.776000, 90.000000
68.362000, 24.875000, 18.600000, 0.000000, 0.993000, -0.118000, 0.000000, 6.776000, 90.000000
67.862000, 24.875000, 18.600000, 0.000000, 0.993000, -0.118000, 0.000000, 6.776000, 90.000000
67.362000, 24.875000, 18.600000, 0.000000, 0.993000, -0.118000, 0.000000, 6.776000, 90.000000
66.862000, 24.875000, 18.600000, 0.000000, 0.993000, -0.118000, 0.000000, 6.776000, 90.000000
66.362000, 24.875000, 18.600000, 0.000000, 0.993000, -0.118000, 0.000000, 6.776000, 90.000000
65.862000, 24.875000, 18.600000, 0.000000, 0.993000, -0.118000, 0.000000, 6.776000, 90.000000
65.362000, 24.875000, 18.600000, 0.000000, 0.993000, -0.118000, 0.000000, 6.776000, 90.000000
64.862000, 24.875000, 18.600000, 0.000000, 0.993000, -0.118000, 0.000000, 6.776000, 90.000000
64.362000, 24.875000, 18.600000, 0.000000, 0.993000, -0.118000, 0.000000, 6.776000, 90.000000
63.862000, 24.875000, 18.600000, 0.000000, 0.993000, -0.118000, 0.000000, 6.776000, 90.000000
63.362000, 24.875000, 18.600000, 0.000000, 0.993000, -0.118000, 0.000000, 6.776000, 90.000000
62.862000, 24.875000, 18.600000, 0.000000, 0.993000, -0.118000, 0.000000, 6.776000, 90.000000
62.362000, 24.875000, 18.600000, 0.000000, 0.993000, -0.118000, 0.000000, 6.776000, 90.000000
61.862000, 24.875000, 18.600000, 0.000000, 0.993000, -0.118000, 0.000000, 6.776000, 90.000000
61.362000, 24.875000, 18.600000, 0.000000, 0.993000, -0.118000, 0.000000, 6.776000, 90.000000
60.862000, 24.875000, 18.600000, 0.000000, 0.993000, -0.118000, 0.000000, 6.776000, 90.000000
60.362000, 24.875000, 18.600000, -0.000000, 0.993000, -0.118000, 0.000000, 6.779000, 89.999001
59.862000, 24.875000, 18.600000, -0.000000, 0.993000, -0.118000, 0.000000, 6.779000, 89.999001
59.362000, 24.875000, 18.600000, -0.000000, 0.993000, -0.118000, 0.000000, 6.779000, 89.999001
58.862000, 24.875000, 18.600000, -0.000000, 0.993000, -0.118000, 0.000000, 6.779000, 89.999001
58.362000, 24.875000, 18.600000, -0.000000, 0.993000, -0.118000, 0.000000, 6.779000, 89.999001
57.862000, 24.875000, 18.600000, -0.000000, 0.993000, -0.118000, 0.000000, 6.779000, 89.999001
57.362000, 24.875000, 18.600000, -0.000000, 0.993000, -0.118000, 0.000000, 6.779000, 89.999001
56.862000, 24.875000, 18.600000, -0.000000, 0.993000, -0.118000, 0.000000, 6.779000, 89.999001
56.362000, 24.875000, 18.600000, -0.000000, 0.993000, -0.118000, 0.000000, 6.779000, 89.999001
55.862000, 24.875000, 18.600000, -0.000000, 0.993000, -0.118000, 0.000000, 6.779000, 89.999001
55.362000, 24.875000, 18.600000, -0.000000, 0.993000, -0.118000, 0.000000, 6.779000, 89.999001
54.862000, 24.875000, 18.600000, -0.000000, 0.993000, -0.118000, 0.000000, 6.779000, 89.999001
54.362000, 24.875000, 18.600000, -0.000000, 0.993000, -0.118000, 0.000000, 6.779000, 89.999001
53.862000, 24.875000, 18.600000, -0.000000, 0.993000, -0.118000, 0.000000, 6.779000, 89.999001
53.362000, 24.875000, 18.600000, -0.000000, 0.993000, -0.118000, 0.000000, 6.779000, 89.999001
52.862000, 24.875000, 18.600000, -0.000000, 0.993000, -0.118000, 0.000000, 6.779000, 89.999001
52.362000, 24.875000, 18.600000, -0.000000, 0.993000, -0.118000, 0.000000, 6.779000, 89.999001
51.862000, 24.875000, 18.600000, -0.000000, 0.993000, -0.118000, 0.000000, 6.779000, 89.999001
51.362000, 24.875000, 18.600000, -0.000000, 0.993000, -0.118000, 0.000000, 6.779000, 89.999001
50.862000, 24.875000, 18.600000, -0.000000, 0.993000, -0.118000, 0.000000, 6.779000, 89.999001
50.362000, 24.875000, 18.600000, -0.000000, 0.993000, -0.118000, 0.000000, 6.779000, 89.999001
49.862000, 24.875000, 18.600000, -0.000000, 0.993000, -0.118000, 0.000000, 6.779000, 89.999001
49.362000, 24.875000, 18.600000, -0.000000, 0.993000, -0.118000, 0.000000, 6.779000, 89.999001
48.862000, 24.875000, 18.600000, -0.000000, 0.993000, -0.118000, 0.000000, 6.779000, 89.999001
48.362000, 24.875000, 18.600000, -0.000000, 0.993000, -0.118000, 0.000000, 6.779000, 89.999001
47.862000, 24.875000, 18.600000, -0.000000, 0.993000, -0.118000, 0.000000, 6.779000, 89.999001
47.362000, 24.875000, 18.600000, -0.000000, 0.993000, -0.118000, 0.000000, 6.779000, 89.999001
46.862000, 24.875000, 18.600000, -0.000000, 0.993000, -0.118000, 0.000000, 6.779000, 89.999001
46.362000, 24.875000, 18.600000, -0.000000, 0.993000, -0.118000, 0.000000, 6.779000, 89.999001
45.862000, 24.875000, 18.600000, -0.000000, 0.993000, -0.118000, 0.000000, 6.779000, 89.999001
45.362000, 24.875000, 18.600000, -0.000000, 0.993000, -0.118000, 0.000000, 6.779000, 89.999001
44.862000, 24.875000, 18.600000, -0.000000, 0.993000, -0.118000, 0.000000, 6.779000, 89.999001
44.362000, 24.875000, 18.600000, -0.000000, 0.993000, -0.118000, 0.000000, 6.779000, 89.999001
43.862000, 24.875000, 18.600000, -0.000000, 0.993000, -0.118000, 0.000000, 6.779000, 89.999001
43.362000, 24.875000, 18.600000, -0.000000, 0.993000, -0.118000, 0.000000, 6.779000, 89.999001
42.862000, 24.875000, 18.600000, -0.000000, 0.993000, -0.118000, 0.000000, 6.779000, 89.999001
42.362000, 24.875000, 18.600000, -0.000000, 0.993000, -0.118000, 0.000000, 6.779000, 89.999001
42.220001, 24.875000, 18.600000, -0.095000, 0.974000, -0.204000, 5.571000, 11.814000, 64.998001
41.720001, 24.826000, 18.600000, -0.095000, 0.974000, -0.204000, 5.571000, 11.814000, 64.998001
40.748001, 24.729000, 18.600000, -0.202000, 0.967000, -0.153000, 11.821000, 8.992000, 37.091999
40.248001, 24.624001, 18.600000, -0.202000, 0.967000, -0.153000, 11.821000, 8.992000, 37.091999
39.748001, 24.591000, 18.600000, -0.043000, 0.950000, -0.308000, 2.615000, 17.937000, 81.970001
39.248001, 24.569000, 18.600000, -0.043000, 0.950000, -0.308000, 2.615000, 17.937000, 81.970001
38.748001, 24.546000, 18.600000, -0.043000, 0.950000, -0.308000, 2.615000, 17.937000, 81.970001
38.248001, 24.523001, 18.600000, -0.043000, 0.950000, -0.308000, 2.615000, 17.937000, 81.970001
37.748001, 24.500000, 18.600000, -0.043000, 0.950000, -0.308000, 2.615000, 17.937000, 81.970001
37.248001, 24.476999, 18.600000, -0.043000, 0.950000, -0.308000, 2.615000, 17.937000, 81.970001
36.748001, 24.454000, 18.600000, -0.043000, 0.950000, -0.308000, 2.615000, 17.937000, 81.970001
36.248001, 24.431999, 18.600000, -0.043000, 0.950000, -0.308000, 2.615000, 17.937000, 81.970001
35.748001, 24.409000, 18.600000, -0.043000, 0.950000, -0.308000, 2.615000, 17.937000, 81.970001
35.248001, 24.386000, 18.600000, -0.043000, 0.950000, -0.308000, 2.615000, 17.937000, 81.970001
34.748001, 24.363001, 18.600000, -0.043000, 0.950000, -0.308000, 2.615000, 17.937000, 81.970001
34.248001, 24.340000, 18.600000, -0.043000, 0.950000, -0.308000, 2.615000, 17.937000, 81.970001
33.748001, 24.278999, 18.600000, -0.184000, 0.893000, -0.409000, 11.666000, 24.622000, 65.748001
33.248001, 24.176001, 18.600000, -0.184000, 0.893000, -0.409000, 11.666000, 24.622000, 65.748001
32.748001, 24.072001, 18.600000, -0.184000, 0.893000, -0.409000, 11.666000, 24.622000, 65.748001
32.248001, 23.969000, 18.600000, -0.184000, 0.893000, -0.409000, 11.666000, 24.622000, 65.748001
32.237000, 23.906000, 18.600000, -0.207000, 0.879000, -0.429000, 13.259000, 25.978001, 64.191002
31.737000, 23.789000, 18.600000, -0.207000, 0.879000, -0.429000, 13.259000, 25.978001, 64.191002
31.237000, 23.671000, 18.600000, -0.207000, 0.879000, -0.429000, 13.259000, 25.978001, 64.191002
30.737000, 23.552999, 18.600000, -0.207000, 0.879000, -0.429000, 13.259000, 25.978001, 64.191002
30.237000, 23.434999, 18.600000, -0.207000, 0.879000, -0.429000, 13.259000, 25.978001, 64.191002
29.737000, 23.316999, 18.600000, -0.207000, 0.879000, -0.429000, 13.259000, 25.978001, 64.191002
29.237000, 23.198999, 18.600000, -0.207000, 0.879000, -0.429000, 13.259000, 25.978001, 64.191002
28.737000, 23.080000, 18.600000, -0.285000, 0.810000, -0.513000, 19.389000, 32.356998, 60.949001
28.237000, 22.903999, 18.600000, -0.285000, 0.810000, -0.513000, 19.389000, 32.356998, 60.949001
27.737000, 22.728001, 18.600000, -0.285000, 0.810000, -0.513000, 19.389000, 32.356998, 60.949001
27.237000, 22.552000, 18.600000, -0.285000, 0.810000, -0.513000, 19.389000, 32.356998, 60.949001
26.737000, 22.375999, 18.600000, -0.285000, 0.810000, -0.513000, 19.389000, 32.356998, 60.949001
26.237000, 22.200001, 18.600000, -0.285000, 0.810000, -0.513000, 19.389000, 32.356998, 60.949001
25.737000, 22.024000, 18.600000, -0.285000, 0.810000, -0.513000, 19.389000, 32.356998, 60.949001
25.237000, 21.848000, 18.600000, -0.285000, 0.810000, -0.513000, 19.389000, 32.356998, 60.949001
24.737000, 21.672001, 18.600000, -0.285000, 0.810000, -0.513000, 19.389000, 32.356998, 60.949001
24.237000, 21.496000, 18.600000, -0.285000, 0.810000, -0.513000, 19.389000, 32.356998, 60.949001
23.737000, 21.320000, 18.600000, -0.285000, 0.810000, -0.513000, 19.389000, 32.356998, 60.949001
23.237000, 21.143999, 18.600000, -0.285000, 0.810000, -0.513000, 19.389000, 32.356998, 60.949001
22.737000, 20.968000, 18.600000, -0.285000, 0.810000, -0.513000, 19.389000, 32.356998, 60.949001
22.237000, 20.792000, 18.600000, -0.285000, 0.810000, -0.513000, 19.389000, 32.356998, 60.949001
21.737000, 20.615999, 18.600000, -0.285000, 0.810000, -0.513000, 19.389000, 32.356998, 60.949001
21.350000, 20.503000, 18.600000, -0.349000, 0.715000, -0.606000, 26.042000, 40.301998, 60.051998
20.850000, 20.259001, 18.600000, -0.349000, 0.715000, -0.606000, 26.042000, 40.301998, 60.051998
20.350000, 20.014000, 18.600000, -0.349000, 0.715000, -0.606000, 26.042000, 40.301998, 60.051998
19.850000, 19.770000, 18.600000, -0.349000, 0.715000, -0.606000, 26.042000, 40.301998, 60.051998
19.350000, 19.525999, 18.600000, -0.349000, 0.715000, -0.606000, 26.042000, 40.301998, 60.051998
18.850000, 19.281000, 18.600000, -0.349000, 0.715000, -0.606000, 26.042000, 40.301998, 60.051998
18.350000, 19.037001, 18.600000, -0.348000, 0.714000, -0.608000, 26.000999, 40.407001, 60.188999
17.850000, 18.794001, 18.600000, -0.348000, 0.714000, -0.608000, 26.000999, 40.407001, 60.188999
17.350000, 18.549999, 18.600000, -0.348000, 0.714000, -0.608000, 26.000999, 40.407001, 60.188999
16.850000, 18.306000, 18.600000, -0.348000, 0.714000, -0.608000, 26.000999, 40.407001, 60.188999
16.350000, 18.030001, 18.600000, -0.435000, 0.686000, -0.584000, 32.361000, 40.407001, 53.337002
15.850000, 17.712999, 18.600000, -0.435000, 0.686000, -0.584000, 32.361000, 40.407001, 53.337002
15.350000, 17.396000, 18.600000, -0.435000, 0.686000, -0.584000, 32.361000, 40.407001, 53.337002
14.850000, 17.079000, 18.600000, -0.435000, 0.686000, -0.584000, 32.361000, 40.407001, 53.337002
14.350000, 16.749001, 18.600000, -0.431000, 0.620000, -0.656000, 34.811001, 46.609001, 56.682999
13.850000, 16.402000, 18.600000, -0.431000, 0.620000, -0.656000, 34.811001, 46.609001, 56.682999
13.350000, 16.054001, 18.600000, -0.431000, 0.620000, -0.656000, 34.811001, 46.609001, 56.682999
13.175000, 16.000000, 18.600000, -0.422000, 0.631000, -0.650000, 33.778000, 45.848999, 57.001999
12.675000, 15.426000, 18.600000, -0.653000, 0.437000, -0.618000, 56.194000, 54.730999, 43.435001
12.175000, 14.679000, 18.600000, -0.653000, 0.437000, -0.618000, 56.194000, 54.730999, 43.435001
11.675000, 13.932000, 18.600000, -0.653000, 0.437000, -0.618000, 56.194000, 54.730999, 43.435001
11.175000, 13.187000, 18.600000, -0.591000, 0.405000, -0.697000, 55.549000, 59.832001, 49.726002
10.675000, 12.458000, 18.600000, -0.591000, 0.405000, -0.697000, 55.549000, 59.832001, 49.726002
10.175000, 11.729000, 18.600000, -0.591000, 0.405000, -0.697000, 55.549000, 59.832001, 49.726002
9.675000, 11.000000, 18.600000, -0.591000, 0.405000, -0.697000, 55.549000, 59.832001, 49.726002
9.175000, 10.271000, 18.600000, -0.591000, 0.405000, -0.697000, 55.549000, 59.832001, 49.726002
8.675000, 9.543000, 18.600000, -0.591000, 0.405000, -0.697000, 55.549000, 59.832001, 49.726002
8.175000, 8.814000, 18.600000, -0.591000, 0.405000, -0.697000, 55.549000, 59.832001, 49.726002
7.675000, 8.085000, 18.600000, -0.591000, 0.405000, -0.697000, 55.549000, 59.832001, 49.726002
7.175000, 7.356000, 18.600000, -0.591000, 0.405000, -0.697000, 55.549000, 59.832001, 49.726002
6.675000, 6.627000, 18.600000, -0.591000, 0.405000, -0.697000, 55.549000, 59.832001, 49.726002
6.175000, 5.898000, 18.600000, -0.591000, 0.405000, -0.697000, 55.549000, 59.832001, 49.726002
5.675000, 5.170000, 18.600000, -0.591000, 0.405000, -0.697000, 55.549000, 59.832001, 49.726002
5.175000, 4.441000, 18.600000, -0.591000, 0.405000, -0.697000, 55.549000, 59.832001, 49.726002
4.675000, 3.712000, 18.600000, -0.591000, 0.405000, -0.697000, 55.549000, 59.832001, 49.726002
4.175000, 2.983000, 18.600000, -0.591000, 0.405000, -0.697000, 55.549000, 59.832001, 49.726002
3.675000, 2.254000, 18.600000, -0.591000, 0.405000, -0.697000, 55.549000, 59.832001, 49.726002
3.175000, 1.525000, 18.600000, -0.591000, 0.405000, -0.697000, 55.549000, 59.832001, 49.726002
2.675000, 0.797000, 18.600000, -0.591000, 0.405000, -0.697000, 55.549000, 59.832001, 49.726002
2.175000, 0.068000, 18.600000, -0.591000, 0.405000, -0.697000, 55.549000, 59.832001, 49.726002
   1   40.123245   74.355011
   2   40.175404   73.281006
   3   35.550339   53.044998
   4   35.550339   53.044998
   5   33.667061   42.555000
   6   33.667061   42.555000
   7   33.667061   42.555000
   8   33.667061   42.555000
   9   33.667061   42.555000
   10   33.667061   42.555000
   11   33.667061   42.555000
   12   33.667061   42.555000
   13   33.667061   42.555000
   14   33.667061   42.555000
   15   33.667061   42.555000
   16   33.667061   42.555000
   17   33.667061   42.555000
   18   33.667061   42.555000
   19   33.667061   42.555000
   20   33.667061   42.555000
   21   33.667061   42.555000
   22   33.667061   42.555000
   23   33.667061   42.555000
   24   33.667061   42.555000
   25   33.667061   42.555000
   26   32.311348   39.423000
   27   32.311348   39.423000
   28   32.311348   39.423000
   29   32.311348   39.423000
   30   32.311348   39.423000
   31   32.311348   39.423000
   32   32.311348   39.423000
   33   32.311348   39.423000
   34   36.285896   37.219006
   35   36.285896   37.219006
   36   36.285896   37.219006
   37   36.285896   37.219006
   38   36.285896   37.219006
   39   32.891754   37.917004
   40   32.891754   37.917004
   41   32.891754   37.917004
   42   18.079847   30.493999
   43   18.079847   30.493999
   44   18.079847   30.493999
   45   18.079847   30.493999
   46   18.079847   30.493999
   47   18.079847   30.493999
   48   18.079847   30.493999
   49   18.079847   30.493999
   50   18.079847   30.493999
   51   18.079847   30.493999
   52   18.079847   30.493999
   53   18.079847   30.493999
   54   18.079847   30.493999
   55   25.083759   30.492004
   56   25.083759   30.492004
   57   25.083759   30.492004
   58   25.083759   30.492004
   59   25.083759   30.492004
   60   25.083759   30.492004
   61   25.083759   30.492004
   62   25.083759   30.492004
   63   25.083759   30.492004
   64   42.583664   24.141001
   65   42.583664   24.141001
   66   42.583664   24.141001
   67   42.583664   24.141001
   68   42.583664   24.141001
   69   42.583664   24.141001
   70   42.583664   24.141001
   71   42.583664   24.141001
   72   39.342514   24.363001
   73   28.467823   24.365000
   74   28.467823   24.365000
   75   28.467823   24.365000
   76   28.467823   24.365000
   77   28.467823   24.365000
   78   28.467823   24.365000
   79   28.467823   24.365000
   80   28.467823   24.365000
   81   28.467823   24.365000
   82   28.467823   24.365000
   83   28.467823   24.365000
   84   28.467823   24.365000
   85   28.467823   24.365000
   86   28.467823   24.365000
   87   28.467823   24.365000
   88   28.467823   24.365000
   89   28.467823   24.365000
   90   28.467823   24.365000
   91   28.467823   24.365000
   92   38.840038   17.006001
   93   38.840038   17.006001
   94   8.539781   13.493001
   95   8.539781   13.493001
   96   8.539781   13.493001
   97   8.539781   13.493001
   98   8.539781   13.493001
   99   8.539781   13.493001
   100   8.539781   13.493001
   101   8.539781   13.493001
   102   8.539781   13.493001
   103   9.239758   7.947000
   104   9.239758   7.947000
   105   9.239758   7.947000
   106   9.239758   7.947000
   107   9.239758   7.947000
   108   9.239758   7.947000
   109   9.239758   7.947000
   110   9.239758   7.947000
   111   9.239758   7.947000
   112   9.239758   7.947000
   113   9.239758   7.947000
   114   9.239758   7.947000
   115   9.239758   7.947000
   116   9.239758   7.947000
   117   9.239758   7.947000
   118   9.239758   7.947000
   119   9.239758   7.947000
   120   4.730978   8.230000
   121   0.421509   6.776000
   122   0.421509   6.776000
   123   0.421509   6.776000
   124   0.421509   6.776000
   125   0.421509   6.776000
   126   0.421509   6.776000
   127   0.421509   6.776000
   128   0.421509   6.776000
   129   0.421509   6.776000
   130   0.421509   6.776000
   131   0.421509   6.776000
   132   0.421509   6.776000
   133   0.421509   6.776000
   134   0.421509   6.776000
   135   0.421509   6.776000
   136   0.421509   6.776000
   137   0.421509   6.776000
   138   0.421509   6.776000
   139   0.421509   6.776000
   140   0.421509   6.776000
   141   0.421509   6.776000
   142   0.421509   6.776000
   143   0.421509   6.776000
   144   0.421509   6.776000
   145   0.421509   6.776000
   146   0.421509   6.776000
   147   0.421509   6.776000
   148   0.421509   6.776000
   149   0.421509   6.776000
   150   0.421509   6.776000
   151   0.421509   6.776000
   152   0.421509   6.776000
   153   0.421509   6.776000
   154   0.421509   6.776000
   155   0.421509   6.776000
   156   0.421509   6.776000
   157   0.421509   6.776000
   158   0.421509   6.776000
   159   0.421509   6.776000
   160   0.421509   6.776000
   161   0.421509   6.776000
   162   0.421509   6.776000
   163   0.421509   6.776000
   164   0.421509   6.776000
   165   0.421509   6.776000
   166   0.421509   6.776000
   167   0.421509   6.776000
   168   0.421509   6.776000
   169   0.421509   6.776000
   170   0.421509   6.776000
   171   0.421509   6.776000
   172   0.421509   6.776000
   173   0.421509   6.776000
   174   0.421509   6.776000
   175   0.421509   6.776000
   176   0.421509   6.776000
   177   0.421509   6.776000
   178   0.421509   6.776000
   179   0.421509   6.776000
   180   0.421509   6.776000
   181   0.421509   6.776000
   182   0.421509   6.776000
   183   0.421509   6.776000
   184   0.421509   6.776000
   185   0.421509   6.776000
   186   0.421509   6.776000
   187   0.421509   6.776000
   188   0.421509   6.776000
   189   0.421509   6.776000
   190   0.421509   6.776000
   191   0.421509   6.776000
   192   0.421509   6.776000
   193   0.421509   6.776000
   194   0.421509   6.776000
   195   0.421509   6.776000
   196   0.421509   6.776000
   197   0.421509   6.776000
   198   0.421509   6.776000
   199   0.421509   6.776000
   200   0.421509   6.776000
   201   0.421509   6.776000
   202   0.421509   6.776000
   203   0.421509   6.776000
   204   0.421509   6.776000
   205   0.421509   6.776000
   206   0.421509   6.776000
   207   0.421509   6.776000
   208   0.421509   6.776000
   209   0.421509   6.776000
   210   0.421509   6.776000
   211   0.421509   6.776000
   212   0.421509   6.776000
   213   0.421509   6.776000
   214   0.421509   6.776000
   215   0.421509   6.776000
   216   0.421509   6.776000
   217   0.421509   6.776000
   218   0.421509   6.776000
   219   0.421509   6.776000
   220   0.421509   6.776000
   221   0.421509   6.776000
   222   0.421509   6.776000
   223   0.421509   6.776000
   224   0.421509   6.776000
   225   0.421509   6.776000
   226   0.421509   6.776000
   227   0.421509   6.776000
   228   0.421509   6.776000
   229   0.421509   6.776000
   230   0.421509   6.776000
   231   0.421509   6.776000
   232   0.421509   6.776000
   233   0.421509   6.776000
   234   0.421509   6.776000
   235   0.421509   6.776000
   236   0.421509   6.776000
   237   0.421509   6.776000
   238   0.421509   6.776000
   239   0.421509   6.776000
   240   0.421509   6.776000
   241   0.421509   6.776000
   242   0.421509   6.776000
   243   0.421509   6.776000
   244   0.421509   6.776000
   245   0.421509   6.776000
   246   0.421509   6.776000
   247   0.421509   6.776000
   248   0.421509   6.776000
   249   0.421509   6.776000
   250   0.421509   6.776000
   251   0.421509   6.776000
   252   0.421509   6.776000
   253   0.421509   6.776000
   254   0.421509   6.776000
   255   0.421509   6.776000
   256   0.421509   6.776000
   257   0.421509   6.776000
   258   0.421509   6.776000
   259   0.421509   6.776000
   260   0.421509   6.776000
   261   0.421509   6.776000
   262   0.421509   6.776000
   263   0.421509   6.776000
   264   0.421509   6.776000
   265   0.421509   6.776000
   266   0.421509   6.776000
   267   0.421509   6.776000
   268   0.421509   6.776000
   269   0.421509   6.776000
   270   0.421509   6.776000
   271   0.421509   6.776000
   272   0.421509   6.776000
   273   0.421509   6.776000
   274   0.421509   6.776000
   275   0.421509   6.776000
   276   0.421509   6.776000
   277   0.421509   6.776000
   278   0.421509   6.776000
   279   0.421509   6.776000
   280   0.421509   6.776000
   281   0.421509   6.776000
   282   0.421509   6.776000
   283   0.421509   6.776000
   284   0.421509   6.776000
   285   0.421509   6.776000
   286   0.421509   6.776000
   287   0.421509   6.776000
   288   0.421509   6.776000
   289   0.421509   6.776000
   290   0.421509   6.776000
   291   0.421509   6.776000
   292   0.421509   6.776000
   293   0.421509   6.776000
   294   0.421509   6.776000
   295   0.421509   6.776000
   296   0.421509   6.776000
   297   0.421509   6.776000
   298   0.421509   6.776000
   299   0.421509   6.776000
   300   0.421509   6.776000
   301   0.421509   6.776000
   302   0.421509   6.776000
   303   0.421509   6.776000
   304   0.421509   6.776000
   305   0.421509   6.776000
   306   0.421509   6.776000
   307   0.421509   6.776000
   308   0.421509   6.776000
   309   0.421509   6.776000
   310   0.421509   6.776000
   311   0.421509   6.776000
   312   0.421509   6.776000
   313   0.421509   6.776000
   314   0.421509   6.776000
   315   0.421509   6.776000
   316   0.421509   6.776000
   317   0.421509   6.776000
   318   0.421509   6.776000
   319   0.421509   6.776000
   320   0.421509   6.776000
   321   0.421509   6.776000
   322   0.421509   6.776000
   323   0.421509   6.776000
   324   0.421509   6.776000
   325   0.421509   6.776000
   326   0.421509   6.776000
   327   0.421509   6.776000
   328   0.421509   6.776000
   329   0.421509   6.776000
   330   0.421509   6.776000
   331   0.421509   6.776000
   332   0.421509   6.776000
   333   0.421509   6.776000
   334   0.421509   6.776000
   335   0.421509   6.776000
   336   0.421509   6.776000
   337   0.421509   6.776000
   338   0.421509   6.776000
   339   0.421509   6.776000
   340   0.421509   6.776000
   341   0.421509   6.776000
   342   0.421509   6.776000
   343   0.421509   6.776000
   344   0.421509   6.776000
   345   0.421509   6.776000
   346   0.421509   6.776000
   347   0.421509   6.776000
   348   0.421509   6.776000
   349   0.421509   6.776000
   350   0.421509   6.776000
   351   0.421509   6.776000
   352   0.421509   6.776000
   353   0.421509   6.776000
   354   0.421509   6.776000
   355   0.421509   6.776000
   356   0.421509   6.776000
   357   0.421509   6.776000
   358   0.421509   6.776000
   359   0.421509   6.776000
   360   0.421509   6.776000
   361   0.421509   6.776000
   362   0.421509   6.776000
   363   0.421509   6.776000
   364   0.421509   6.776000
   365   0.421509   6.776000
   366   0.421509   6.776000
   367   0.421509   6.776000
   368   0.421509   6.779000
   369   0.421509   6.779000
   370   0.421509   6.779000
   371   0.421509   6.779000
   372   0.421509   6.779000
   373   0.421509   6.779000
   374   0.421509   6.779000
   375   0.421509   6.779000
   376   0.421509   6.779000
   377   0.421509   6.779000
   378   0.421509   6.779000
   379   0.421509   6.779000
   380   0.421509   6.779000
   381   0.421509   6.779000
   382   0.421509   6.779000
   383   0.421509   6.779000
   384   0.421509   6.779000
   385   0.421509   6.779000
   386   0.421509   6.779000
   387   0.421509   6.779000
   388   0.421509   6.779000
   389   0.421509   6.779000
   390   0.421509   6.779000
   391   0.421509   6.779000
   392   0.421509   6.779000
   393   0.421509   6.779000
   394   0.421509   6.779000
   395   0.421509   6.779000
   396   0.421509   6.779000
   397   0.421509   6.779000
   398   0.421509   6.779000
   399   0.421509   6.779000
   400   0.421509   6.779000
   401   0.421509   6.779000
   402   0.421509   6.779000
   403   0.421509   6.779000
   404   0.421509   6.779000
   405   7.990161   11.814000
   406   7.990161   11.814000
   407   16.564781   8.992001
   408   16.564781   8.992001
   409   4.161089   17.937000
   410   4.161089   17.937000
   411   4.161089   17.937000
   412   4.161089   17.937000
   413   4.161089   17.937000
   414   4.161089   17.937000
   415   4.161089   17.937000
   416   4.161089   17.937000
   417   4.161089   17.937000
   418   4.161089   17.937000
   419   4.161089   17.937000
   420   4.161089   17.937000
   421   15.262476   24.622000
   422   15.262476   24.622000
   423   15.262476   24.622000
   424   15.262476   24.622000
   425   16.925922   25.978001
   426   16.925922   25.978001
   427   16.925922   25.978001
   428   16.925922   25.978001
   429   16.925922   25.978001
   430   16.925922   25.978001
   431   16.925922   25.978001
   432   23.180557   32.356998
   433   23.180557   32.356998
   434   23.180557   32.356998
   435   23.180557   32.356998
   436   23.180557   32.356998
   437   23.180557   32.356998
   438   23.180557   32.356998
   439   23.180557   32.356998
   440   23.180557   32.356998
   441   23.180557   32.356998
   442   23.180557   32.356998
   443   23.180557   32.356998
   444   23.180557   32.356998
   445   23.180557   32.356998
   446   23.180557   32.356998
   447   28.542730   40.301998
   448   28.542730   40.301998
   449   28.542730   40.301998
   450   28.542730   40.301998
   451   28.542730   40.301998
   452   28.542730   40.301998
   453   28.422710   40.407001
   454   28.422710   40.407001
   455   28.422710   40.407001
   456   28.422710   40.407001
   457   35.742352   40.407001
   458   35.742352   40.407001
   459   35.742352   40.407001
   460   35.742352   40.407001
   461   35.438732   46.609001
   462   35.438732   46.609001
   463   35.438732   46.609001
   464   34.848988   45.848999
   465   55.047787   54.731003
   466   55.047787   54.731003
   467   55.047787   54.731003
   468   49.470909   59.832005
   469   49.470909   59.832005
   470   49.470909   59.832005
   471   49.470909   59.832005
   472   49.470909   59.832005
   473   49.470909   59.832005
   474   49.470909   59.832005
   475   49.470909   59.832005
   476   49.470909   59.832005
   477   49.470909   59.832005
   478   49.470909   59.832005
   479   49.470909   59.832005
   480   49.470909   59.832005
   481   49.470909   59.832005
   482   49.470909   59.832005
   483   49.470909   59.832005
   484   49.470909   59.832005
   485   49.470909   59.832005
   486   49.470909   59.832005
   240.345993,   6
   3.000000   2.500000   2.000000   1.500000   1.000000   0.500000
   18.430000   17.885000   17.464001   17.089001   16.782000   16.631001
   42.555000   42.555000   53.382999   53.044998   61.792999   73.280998
   235.345993,   12
   6.000000   5.500000   5.000000   4.500000   4.000000   3.500000   3.000000   2.500000   2.000000   1.500000   1.000000   0.500000
   18.367001   17.822001   17.277000   16.733000   16.188000   15.644000   15.216000   14.844000   14.473000   14.152000   13.884000   13.742000
   42.555000   42.555000   42.555000   42.555000   42.555000   42.555000   53.382999   53.382999   53.382999   61.792999   61.792999   74.355003
   230.345993,   17
   8.500000   8.000000   7.500000   7.000000   6.500000   6.000000   5.500000   5.000000   4.500000   4.000000   3.500000   3.000000   2.500000   2.000000   1.500000   1.000000   0.500000
   18.000999   17.392000   16.784000   16.153999   15.496000   14.873000   14.358000   13.882000   13.417000   12.958000   12.566000   12.223000   11.888000   11.554000   11.272000   11.017000   10.788000
   39.423000   39.423000   39.423000   37.219002   37.219002   44.187000   44.187000   47.134998   47.134998   49.886002   53.036999   56.178001   56.178001   55.566002   63.742001   66.483002   63.137001
   225.345993,   23
   11.500000   11.000000   10.500000   10.000000   9.500000   9.000000   8.500000   8.000000   7.500000   7.000000   6.500000   6.000000   5.500000   5.000000   4.500000   4.000000   3.500000   3.000000   2.500000   2.000000   1.500000   1.000000   0.500000
   18.025000   17.382999   16.740999   16.099001   15.457000   14.815000   14.224000   13.742000   13.268000   12.794000   12.319000   11.845000   11.371000   10.895000   10.415000   9.934000   9.225000   0.134000   0.000000   0.000000   0.000000   0.000000   0.000000
   37.917000   37.917000   37.917000   37.917000   37.917000   37.917000   44.966999   46.516998   46.516998   46.516998   46.516998   46.516998   46.516998   46.143002   46.143002   46.143002   20.462999   50.924999   90.000000   90.000000   90.000000   90.000000   90.000000
   220.345993,   27
   13.500000   13.000000   12.500000   12.000000   11.500000   11.000000   10.500000   10.000000   9.500000   9.000000   8.500000   8.000000   7.500000   7.000000   6.500000   6.000000   5.500000   5.000000   4.500000   4.000000   3.500000   3.000000   2.500000   2.000000   1.500000   1.000000   0.500000
   18.558001   17.709000   16.860001   16.011000   15.162000   14.313000   13.464000   12.615000   11.911000   11.269000   10.636000   10.136000   9.635000   9.135000   7.897000   6.878000   0.082000   0.000000   0.000000   0.000000   0.000000   0.000000   0.000000   0.000000   0.000000   0.000000   0.000000
   30.493999   30.493999   30.493999   30.493999   30.493999   30.493999   30.493999   30.493999   37.917000   37.917000   44.966999   44.966999   44.966999   44.966999   18.337999   26.250000   50.924999   90.000000   90.000000   90.000000   90.000000   90.000000   90.000000   90.000000   90.000000   90.000000   90.000000
   215.345993,   29
   15.000000   14.500000   14.000000   13.500000   13.000000   12.500000   12.000000   11.500000   11.000000   10.500000   10.000000   9.500000   9.000000   8.500000   8.000000   7.000000   6.500000   6.000000   5.500000   5.000000   4.500000   4.000000   3.500000   3.000000   2.500000   2.000000   1.500000   1.000000   0.500000
   18.344999   17.496000   16.646999   15.798000   14.948000   13.945000   12.829000   11.713000   10.598000   9.482000   8.490000   7.593000   6.516000   5.502000   4.488000   0.000000   0.000000   0.000000   0.000000   0.000000   0.000000   0.000000   0.000000   0.000000   0.000000   0.000000   0.000000   0.000000   0.000000
   30.492001   30.492001   30.492001   30.492001   30.492001   24.141001   24.141001   24.141001   24.141001   24.141001   29.118999   29.118999   26.250000   26.250000   26.250000   90.000000   90.000000   90.000000   90.000000   90.000000   90.000000   90.000000   90.000000   90.000000   90.000000   90.000000   90.000000   90.000000   90.000000
   210.345993,   34
   17.500000   17.000000   16.500000   16.000000   15.500000   15.000000   14.500000   14.000000   13.500000   13.000000   12.500000   12.000000   11.500000   11.000000   10.500000   9.500000   9.000000   8.500000   8.000000   7.500000   7.000000   6.500000   6.000000   5.500000   5.000000   4.500000   4.000000   3.500000   3.000000   2.500000   2.000000   1.500000   1.000000   0.500000
   17.771000   16.656000   15.540000   14.424000   13.309000   12.193000   11.078000   9.962000   8.876000   7.979000   7.081000   6.183000   5.286000   4.388000   3.491000   0.000000   0.000000   0.000000   0.000000   0.000000   0.000000   0.000000   0.000000   0.000000   0.000000   0.000000   0.000000   0.000000   0.000000   0.000000   0.000000   0.000000   0.000000   0.000000
   24.141001   24.141001   24.141001   24.141001   24.141001   24.141001   24.141001   24.141001   29.118999   29.118999   29.118999   29.118999   29.118999   29.118999   29.118999   90.000000   90.000000   90.000000   90.000000   90.000000   90.000000   90.000000   90.000000   90.000000   90.000000   90.000000   90.000000   90.000000   90.000000   90.000000   90.000000   90.000000   90.000000   90.000000
   205.345993,   40
   20.000000   19.500000   19.000000   18.500000   18.000000   17.500000   17.000000   16.500000   16.000000   15.500000   15.000000   14.500000   14.000000   13.500000   13.000000   12.500000   12.000000   11.500000   11.000000   10.500000   10.000000   9.500000   9.000000   8.500000   8.000000   7.500000   7.000000   6.500000   6.000000   5.500000   5.000000   4.500000   4.000000   3.500000   3.000000   2.500000   2.000000   1.500000   1.000000   0.500000
   18.014000   16.910000   15.806000   14.702000   13.598000   12.494000   10.876000   9.705000   8.715000   7.725000   6.736000   5.802000   4.952000   4.102000   3.252000   2.402000   0.000000   0.000000   0.000000   0.000000   0.000000   0.000000   0.000000   0.000000   0.000000   0.000000   0.000000   0.000000   0.000000   0.000000   0.000000   0.000000   0.000000   0.000000   0.000000   0.000000   0.000000   0.000000   0.000000   0.000000
   24.365000   24.365000   24.365000   24.365000   24.365000   24.365000   17.006001   26.799999   26.799999   26.799999   26.799999   30.462999   30.462999   30.462999   30.462999   30.462999   90.000000   90.000000   90.000000   90.000000   90.000000   90.000000   90.000000   90.000000   90.000000   90.000000   90.000000   90.000000   90.000000   90.000000   90.000000   90.000000   90.000000   90.000000   90.000000   90.000000   90.000000   90.000000   90.000000   90.000000
   200.345993,   44
   22.000000   21.500000   21.000000   20.500000   20.000000   19.500000   19.000000   18.500000   18.000000   17.500000   17.000000   16.500000   16.000000   15.500000   15.000000   14.500000   14.000000   13.500000   13.000000   12.500000   12.000000   11.500000   11.000000   10.500000   10.000000   9.500000   9.000000   8.500000   8.000000   7.500000   7.000000   6.500000   6.000000   5.500000   5.000000   4.500000   4.000000   3.500000   3.000000   2.500000   2.000000   1.500000   1.000000   0.500000
   17.937000   16.485001   14.850000   13.215000   11.945000   10.955000   9.966000   8.976000   7.986000   6.996000   6.006000   5.016000   4.027000   3.037000   2.047000   1.182000   0.000000   0.000000   0.000000   0.000000   0.000000   0.000000   0.000000   0.000000   0.000000   0.000000   0.000000   0.000000   0.000000   0.000000   0.000000   0.000000   0.000000   0.000000   0.000000   0.000000   0.000000   0.000000   0.000000   0.000000   0.000000   0.000000   0.000000   0.000000
   24.365000   17.006001   17.006001   17.006001   26.799999   26.799999   26.799999   26.799999   26.799999   26.799999   26.799999   26.799999   26.799999   26.799999   26.799999   30.462999   90.000000   90.000000   90.000000   90.000000   90.000000   90.000000   90.000000   90.000000   90.000000   90.000000   90.000000   90.000000   90.000000   90.000000   90.000000   90.000000   90.000000   90.000000   90.000000   90.000000   90.000000   90.000000   90.000000   90.000000   90.000000   90.000000   90.000000   90.000000
   195.345993,   47
   23.500000   23.000000   22.500000   22.000000   21.500000   21.000000   20.500000   20.000000   19.500000   19.000000   18.500000   18.000000   17.500000   17.000000   16.500000   16.000000   15.500000   15.000000   14.500000   14.000000   13.500000   13.000000   12.500000   12.000000   11.500000   11.000000   10.500000   10.000000   9.500000   9.000000   8.500000   8.000000   7.500000   7.000000   6.500000   6.000000   5.500000   5.000000   4.500000   4.000000   3.500000   3.000000   2.500000   2.000000   1.500000   1.000000   0.500000
   17.926001   15.512000   14.154000   12.797000   11.440000   10.083000   8.433000   7.510000   6.592000   5.673000   4.664000   3.840000   3.054000   2.269000   1.486000   0.040000   0.000000   0.000000   0.000000   0.000000   0.000000   0.000000   0.000000   0.000000   0.000000   0.000000   0.000000   0.000000   0.000000   0.000000   0.000000   0.000000   0.000000   0.000000   0.000000   0.000000   0.000000   0.000000   0.000000   0.000000   0.000000   0.000000   0.000000   0.000000   0.000000   0.000000   0.000000
   7.947000   20.225000   20.225000   20.225000   20.225000   20.225000   15.397000   28.568001   28.568001   28.568001   24.121000   32.480000   32.480000   32.480000   35.016998   64.154999   90.000000   90.000000   90.000000   90.000000   90.000000   90.000000   90.000000   90.000000   90.000000   90.000000   90.000000   90.000000   90.000000   90.000000   90.000000   90.000000   90.000000   90.000000   90.000000   90.000000   90.000000   90.000000   90.000000   90.000000   90.000000   90.000000   90.000000   90.000000   90.000000   90.000000   90.000000
   190.345993,   48
   24.000000   23.500000   23.000000   22.500000   22.000000   21.500000   21.000000   20.500000   20.000000   19.500000   19.000000   18.500000   18.000000   17.500000   17.000000   16.500000   16.000000   15.500000   15.000000   14.500000   14.000000   13.500000   13.000000   12.500000   12.000000   11.500000   11.000000   10.500000   10.000000   9.500000   9.000000   8.500000   8.000000   7.500000   7.000000   6.500000   6.000000   5.500000   5.000000   4.500000   4.000000   3.500000   3.000000   2.500000   2.000000   1.500000   1.000000   0.500000
   17.243999   13.662000   12.040000   10.683000   9.097000   7.281000   6.161000   5.243000   4.141000   3.153000   2.367000   1.609000   0.895000   0.064000   0.000000   0.000000   0.000000   0.000000   0.000000   0.000000   0.000000   0.000000   0.000000   0.000000   0.000000   0.000000   0.000000   0.000000   0.000000   0.000000   0.000000   0.000000   0.000000   0.000000   0.000000   0.000000   0.000000   0.000000   0.000000   0.000000   0.000000   0.000000   0.000000   0.000000   0.000000   0.000000   0.000000   0.000000
   7.947000   7.947000   20.225000   20.225000   15.397000   15.397000   28.568001   28.568001   24.121000   32.480000   32.480000   35.016998   35.016998   64.154999   90.000000   90.000000   90.000000   90.000000   90.000000   90.000000   90.000000   90.000000   90.000000   90.000000   90.000000   90.000000   90.000000   90.000000   90.000000   90.000000   90.000000   90.000000   90.000000   90.000000   90.000000   90.000000   90.000000   90.000000   90.000000   90.000000   90.000000   90.000000   90.000000   90.000000   90.000000   90.000000   90.000000   90.000000
   185.345993,   49
   24.500000   24.000000   23.500000   23.000000   22.500000   22.000000   21.500000   21.000000   20.500000   20.000000   19.500000   19.000000   18.500000   18.000000   17.500000   17.000000   16.500000   16.000000   15.500000   15.000000   14.500000   14.000000   13.500000   13.000000   12.500000   12.000000   11.500000   11.000000   10.500000   10.000000   9.500000   9.000000   8.500000   8.000000   7.500000   7.000000   6.500000   6.000000   5.500000   5.000000   4.500000   4.000000   3.500000   3.000000   2.500000   2.000000   1.500000   1.000000   0.500000
   16.562000   12.980000   9.915000   7.945000   6.129000   4.735000   3.618000   2.501000   1.732000   1.018000   0.399000   0.089000   0.000000   0.000000   0.000000   0.000000   0.000000   0.000000   0.000000   0.000000   0.000000   0.000000   0.000000   0.000000   0.000000   0.000000   0.000000   0.000000   0.000000   0.000000   0.000000   0.000000   0.000000   0.000000   0.000000   0.000000   0.000000   0.000000   0.000000   0.000000   0.000000   0.000000   0.000000   0.000000   0.000000   0.000000   0.000000   0.000000   0.000000
   7.947000   7.947000   11.310000   15.397000   15.397000   24.121000   24.121000   24.121000   35.016998   35.016998   51.486000   64.154999   90.000000   90.000000   90.000000   90.000000   90.000000   90.000000   90.000000   90.000000   90.000000   90.000000   90.000000   90.000000   90.000000   90.000000   90.000000   90.000000   90.000000   90.000000   90.000000   90.000000   90.000000   90.000000   90.000000   90.000000   90.000000   90.000000   90.000000   90.000000   90.000000   90.000000   90.000000   90.000000   90.000000   90.000000   90.000000   90.000000   90.000000
   180.345993,   47
   23.500000   23.000000   22.500000   22.000000   21.500000   21.000000   20.500000   20.000000   19.500000   19.000000   18.500000   18.000000   17.500000   17.000000   16.500000   16.000000   15.500000   15.000000   14.500000   14.000000   13.500000   13.000000   12.500000   12.000000   11.500000   11.000000   10.500000   10.000000   9.500000   9.000000   8.500000   8.000000   7.500000   7.000000   6.500000   6.000000   5.500000   5.000000   4.500000   4.000000   3.500000   3.000000   2.500000   2.000000   1.500000   1.000000   0.500000
   8.217000   6.234000   3.776000   2.296000   1.373000   0.711000   0.310000   0.158000   0.047000   0.000000   0.000000   0.000000   0.000000   0.000000   0.000000   0.000000   0.000000   0.000000   0.000000   0.000000   0.000000   0.000000   0.000000   0.000000   0.000000   0.000000   0.000000   0.000000   0.000000   0.000000   0.000000   0.000000   0.000000   0.000000   0.000000   0.000000   0.000000   0.000000   0.000000   0.000000   0.000000   0.000000   0.000000   0.000000   0.000000   0.000000   0.000000
   14.447000   11.500000   11.500000   29.882000   28.086000   47.814999   66.530998   77.426003   77.426003   90.000000   90.000000   90.000000   90.000000   90.000000   90.000000   90.000000   90.000000   90.000000   90.000000   90.000000   90.000000   90.000000   90.000000   90.000000   90.000000   90.000000   90.000000   90.000000   90.000000   90.000000   90.000000   90.000000   90.000000   90.000000   90.000000   90.000000   90.000000   90.000000   90.000000   90.000000   90.000000   90.000000   90.000000   90.000000   90.000000   90.000000   90.000000
   175.345993,   46
   23.000000   22.500000   22.000000   21.500000   21.000000   20.500000   20.000000   19.500000   19.000000   18.500000   18.000000   17.500000   17.000000   16.500000   16.000000   15.500000   15.000000   14.500000   14.000000   13.500000   13.000000   12.500000   12.000000   11.500000   11.000000   10.500000   10.000000   9.500000   9.000000   8.500000   8.000000   7.500000   7.000000   6.500000   6.000000   5.500000   5.000000   4.500000   4.000000   3.500000   3.000000   2.500000   2.000000   1.500000   1.000000   0.500000
   3.394000   2.006000   0.979000   0.569000   0.297000   0.187000   0.075000   0.000000   0.000000   0.000000   0.000000   0.000000   0.000000   0.000000   0.000000   0.000000   0.000000   0.000000   0.000000   0.000000   0.000000   0.000000   0.000000   0.000000   0.000000   0.000000   0.000000   0.000000   0.000000   0.000000   0.000000   0.000000   0.000000   0.000000   0.000000   0.000000   0.000000   0.000000   0.000000   0.000000   0.000000   0.000000   0.000000   0.000000   0.000000   0.000000
   10.501000   24.948000   49.973000   50.905998   77.945999   77.426003   77.426003   90.000000   90.000000   90.000000   90.000000   90.000000   90.000000   90.000000   90.000000   90.000000   90.000000   90.000000   90.000000   90.000000   90.000000   90.000000   90.000000   90.000000   90.000000   90.000000   90.000000   90.000000   90.000000   90.000000   90.000000   90.000000   90.000000   90.000000   90.000000   90.000000   90.000000   90.000000   90.000000   90.000000   90.000000   90.000000   90.000000   90.000000   90.000000   90.000000
   170.345993,   46
   22.500000   22.000000   21.500000   21.000000   20.500000   20.000000   20.000000   19.500000   19.000000   18.500000   18.000000   17.500000   17.000000   16.500000   16.000000   15.500000   15.000000   14.500000   14.000000   13.500000   13.000000   12.500000   12.000000   11.500000   11.000000   10.500000   10.000000   9.500000   9.000000   8.500000   8.000000   7.500000   7.000000   6.500000   6.000000   5.500000   5.000000   4.500000   4.000000   3.500000   3.000000   2.500000   2.000000   1.500000   1.000000   0.500000
   1.346000   0.771000   0.409000   0.173000   0.042000   0.000000   0.000000   0.000000   0.000000   0.000000   0.000000   0.000000   0.000000   0.000000   0.000000   0.000000   0.000000   0.000000   0.000000   0.000000   0.000000   0.000000   0.000000   0.000000   0.000000   0.000000   0.000000   0.000000   0.000000   0.000000   0.000000   0.000000   0.000000   0.000000   0.000000   0.000000   0.000000   0.000000   0.000000   0.000000   0.000000   0.000000   0.000000   0.000000   0.000000   0.000000
   26.955999   52.806000   64.430000   75.265999   85.175003   85.175003   90.000000   90.000000   90.000000   90.000000   90.000000   90.000000   90.000000   90.000000   90.000000   90.000000   90.000000   90.000000   90.000000   90.000000   90.000000   90.000000   90.000000   90.000000   90.000000   90.000000   90.000000   90.000000   90.000000   90.000000   90.000000   90.000000   90.000000   90.000000   90.000000   90.000000   90.000000   90.000000   90.000000   90.000000   90.000000   90.000000   90.000000   90.000000   90.000000   90.000000
   165.345993,   46
   22.500000   22.000000   21.500000   21.000000   20.500000   20.000000   20.000000   19.500000   19.000000   18.500000   18.000000   17.500000   17.000000   16.500000   16.000000   15.500000   15.000000   14.500000   14.000000   13.500000   13.000000   12.500000   12.000000   11.500000   11.000000   10.500000   10.000000   9.500000   9.000000   8.500000   8.000000   7.500000   7.000000   6.500000   6.000000   5.500000   5.000000   4.500000   4.000000   3.500000   3.000000   2.500000   2.000000   1.500000   1.000000   0.500000
   1.344000   0.770000   0.408000   0.173000   0.043000   0.000000   0.000000   0.000000   0.000000   0.000000   0.000000   0.000000   0.000000   0.000000   0.000000   0.000000   0.000000   0.000000   0.000000   0.000000   0.000000   0.000000   0.000000   0.000000   0.000000   0.000000   0.000000   0.000000   0.000000   0.000000   0.000000   0.000000   0.000000   0.000000   0.000000   0.000000   0.000000   0.000000   0.000000   0.000000   0.000000   0.000000   0.000000   0.000000   0.000000   0.000000
   26.955999   52.806000   64.430000   69.828003   83.416000   85.175003   90.000000   90.000000   90.000000   90.000000   90.000000   90.000000   90.000000   90.000000   90.000000   90.000000   90.000000   90.000000   90.000000   90.000000   90.000000   90.000000   90.000000   90.000000   90.000000   90.000000   90.000000   90.000000   90.000000   90.000000   90.000000   90.000000   90.000000   90.000000   90.000000   90.000000   90.000000   90.000000   90.000000   90.000000   90.000000   90.000000   90.000000   90.000000   90.000000   90.000000
   160.345993,   45
   22.500000   22.000000   21.500000   21.000000   20.500000   20.000000   19.500000   19.000000   18.500000   18.000000   17.500000   17.000000   16.500000   16.000000   15.500000   15.000000   14.500000   14.000000   13.500000   13.000000   12.500000   12.000000   11.500000   11.000000   10.500000   10.000000   9.500000   9.000000   8.500000   8.000000   7.500000   7.000000   6.500000   6.000000   5.500000   5.000000   4.500000   4.000000   3.500000   3.000000   2.500000   2.000000   1.500000   1.000000   0.500000
   1.345000   0.770000   0.407000   0.174000   0.044000   0.000000   0.000000   0.000000   0.000000   0.000000   0.000000   0.000000   0.000000   0.000000   0.000000   0.000000   0.000000   0.000000   0.000000   0.000000   0.000000   0.000000   0.000000   0.000000   0.000000   0.000000   0.000000   0.000000   0.000000   0.000000   0.000000   0.000000   0.000000   0.000000   0.000000   0.000000   0.000000   0.000000   0.000000   0.000000   0.000000   0.000000   0.000000   0.000000   0.000000
   32.354000   52.806000   64.430000   69.828003   83.416000   90.000000   90.000000   90.000000   90.000000   90.000000   90.000000   90.000000   90.000000   90.000000   90.000000   90.000000   90.000000   90.000000   90.000000   90.000000   90.000000   90.000000   90.000000   90.000000   90.000000   90.000000   90.000000   90.000000   90.000000   90.000000   90.000000   90.000000   90.000000   90.000000   90.000000   90.000000   90.000000   90.000000   90.000000   90.000000   90.000000   90.000000   90.000000   90.000000   90.000000
   155.345993,   45
   22.500000   22.000000   21.500000   21.000000   20.500000   20.000000   19.500000   19.000000   18.500000   18.000000   17.500000   17.000000   16.500000   16.000000   15.500000   15.000000   14.500000   14.000000   13.500000   13.000000   12.500000   12.000000   11.500000   11.000000   10.500000   10.000000   9.500000   9.000000   8.500000   8.000000   7.500000   7.000000   6.500000   6.000000   5.500000   5.000000   4.500000   4.000000   3.500000   3.000000   2.500000   2.000000   1.500000   1.000000   0.500000
   1.346000   0.769000   0.406000   0.175000   0.044000   0.000000   0.000000   0.000000   0.000000   0.000000   0.000000   0.000000   0.000000   0.000000   0.000000   0.000000   0.000000   0.000000   0.000000   0.000000   0.000000   0.000000   0.000000   0.000000   0.000000   0.000000   0.000000   0.000000   0.000000   0.000000   0.000000   0.000000   0.000000   0.000000   0.000000   0.000000   0.000000   0.000000   0.000000   0.000000   0.000000   0.000000   0.000000   0.000000   0.000000
   32.354000   52.806000   64.430000   69.828003   83.416000   90.000000   90.000000   90.000000   90.000000   90.000000   90.000000   90.000000   90.000000   90.000000   90.000000   90.000000   90.000000   90.000000   90.000000   90.000000   90.000000   90.000000   90.000000   90.000000   90.000000   90.000000   90.000000   90.000000   90.000000   90.000000   90.000000   90.000000   90.000000   90.000000   90.000000   90.000000   90.000000   90.000000   90.000000   90.000000   90.000000   90.000000   90.000000   90.000000   90.000000
   150.345993,   46
   22.500000   22.000000   21.500000   21.000000   20.500000   20.000000   20.000000   19.500000   19.000000   18.500000   18.000000   17.500000   17.000000   16.500000   16.000000   15.500000   15.000000   14.500000   14.000000   13.500000   13.000000   12.500000   12.000000   11.500000   11.000000   10.500000   10.000000   9.500000   9.000000   8.500000   8.000000   7.500000   7.000000   6.500000   6.000000   5.500000   5.000000   4.500000   4.000000   3.500000   3.000000   2.500000   2.000000   1.500000   1.000000   0.500000
   1.347000   0.768000   0.406000   0.176000   0.045000   -0.000000   0.000000   0.000000   0.000000   0.000000   0.000000   0.000000   0.000000   0.000000   0.000000   0.000000   0.000000   0.000000   0.000000   0.000000   0.000000   0.000000   0.000000   0.000000   0.000000   0.000000   0.000000   0.000000   0.000000   0.000000   0.000000   0.000000   0.000000   0.000000   0.000000   0.000000   0.000000   0.000000   0.000000   0.000000   0.000000   0.000000   0.000000   0.000000   0.000000   0.000000
   32.354000   52.806000   64.430000   69.828003   83.416000   85.175003   90.000000   90.000000   90.000000   90.000000   90.000000   90.000000   90.000000   90.000000   90.000000   90.000000   90.000000   90.000000   90.000000   90.000000   90.000000   90.000000   90.000000   90.000000   90.000000   90.000000   90.000000   90.000000   90.000000   90.000000   90.000000   90.000000   90.000000   90.000000   90.000000   90.000000   90.000000   90.000000   90.000000   90.000000   90.000000   90.000000   90.000000   90.000000   90.000000   90.000000
   145.345993,   46
   22.500000   22.000000   21.500000   21.000000   20.500000   20.000000   20.000000   19.500000   19.000000   18.500000   18.000000   17.500000   17.000000   16.500000   16.000000   15.500000   15.000000   14.500000   14.000000   13.500000   13.000000   12.500000   12.000000   11.500000   11.000000   10.500000   10.000000   9.500000   9.000000   8.500000   8.000000   7.500000   7.000000   6.500000   6.000000   5.500000   5.000000   4.500000   4.000000   3.500000   3.000000   2.500000   2.000000   1.500000   1.000000   0.500000
   1.348000   0.768000   0.405000   0.177000   0.046000   -0.000000   0.000000   0.000000   0.000000   0.000000   0.000000   0.000000   0.000000   0.000000   0.000000   0.000000   0.000000   0.000000   0.000000   0.000000   0.000000   0.000000   0.000000   0.000000   0.000000   0.000000   0.000000   0.000000   0.000000   0.000000   0.000000   0.000000   0.000000   0.000000   0.000000   0.000000   0.000000   0.000000   0.000000   0.000000   0.000000   0.000000   0.000000   0.000000   0.000000   0.000000
   32.354000   52.806000   64.430000   69.828003   83.416000   85.175003   90.000000   90.000000   90.000000   90.000000   90.000000   90.000000   90.000000   90.000000   90.000000   90.000000   90.000000   90.000000   90.000000   90.000000   90.000000   90.000000   90.000000   90.000000   90.000000   90.000000   90.000000   90.000000   90.000000   90.000000   90.000000   90.000000   90.000000   90.000000   90.000000   90.000000   90.000000   90.000000   90.000000   90.000000   90.000000   90.000000   90.000000   90.000000   90.000000   90.000000
   140.345993,   46
   22.500000   22.000000   21.500000   21.000000   20.500000   20.000000   20.000000   19.500000   19.000000   18.500000   18.000000   17.500000   17.000000   16.500000   16.000000   15.500000   15.000000   14.500000   14.000000   13.500000   13.000000   12.500000   12.000000   11.500000   11.000000   10.500000   10.000000   9.500000   9.000000   8.500000   8.000000   7.500000   7.000000   6.500000   6.000000   5.500000   5.000000   4.500000   4.000000   3.500000   3.000000   2.500000   2.000000   1.500000   1.000000   0.500000
   1.350000   0.767000   0.404000   0.178000   0.047000   -0.000000   0.000000   0.000000   0.000000   0.000000   0.000000   0.000000   0.000000   0.000000   0.000000   0.000000   0.000000   0.000000   0.000000   0.000000   0.000000   0.000000   0.000000   0.000000   0.000000   0.000000   0.000000   0.000000   0.000000   0.000000   0.000000   0.000000   0.000000   0.000000   0.000000   0.000000   0.000000   0.000000   0.000000   0.000000   0.000000   0.000000   0.000000   0.000000   0.000000   0.000000
   32.354000   52.806000   64.430000   69.828003   83.416000   85.175003   90.000000   90.000000   90.000000   90.000000   90.000000   90.000000   90.000000   90.000000   90.000000   90.000000   90.000000   90.000000   90.000000   90.000000   90.000000   90.000000   90.000000   90.000000   90.000000   90.000000   90.000000   90.000000   90.000000   90.000000   90.000000   90.000000   90.000000   90.000000   90.000000   90.000000   90.000000   90.000000   90.000000   90.000000   90.000000   90.000000   90.000000   90.000000   90.000000   90.000000
   135.345993,   45
   22.500000   22.000000   21.500000   21.000000   20.500000   20.000000   19.500000   19.000000   18.500000   18.000000   17.500000   17.000000   16.500000   16.000000   15.500000   15.000000   14.500000   14.000000   13.500000   13.000000   12.500000   12.000000   11.500000   11.000000   10.500000   10.000000   9.500000   9.000000   8.500000   8.000000   7.500000   7.000000   6.500000   6.000000   5.500000   5.000000   4.500000   4.000000   3.500000   3.000000   2.500000   2.000000   1.500000   1.000000   0.500000
   1.351000   0.766000   0.404000   0.179000   0.047000   0.000000   0.000000   0.000000   0.000000   0.000000   0.000000   0.000000   0.000000   0.000000   0.000000   0.000000   0.000000   0.000000   0.000000   0.000000   0.000000   0.000000   0.000000   0.000000   0.000000   0.000000   0.000000   0.000000   0.000000   0.000000   0.000000   0.000000   0.000000   0.000000   0.000000   0.000000   0.000000   0.000000   0.000000   0.000000   0.000000   0.000000   0.000000   0.000000   0.000000
   32.354000   52.806000   56.337002   69.828003   83.416000   90.000000   90.000000   90.000000   90.000000   90.000000   90.000000   90.000000   90.000000   90.000000   90.000000   90.000000   90.000000   90.000000   90.000000   90.000000   90.000000   90.000000   90.000000   90.000000   90.000000   90.000000   90.000000   90.000000   90.000000   90.000000   90.000000   90.000000   90.000000   90.000000   90.000000   90.000000   90.000000   90.000000   90.000000   90.000000   90.000000   90.000000   90.000000   90.000000   90.000000
   130.345993,   46
   22.500000   22.000000   21.500000   21.000000   20.500000   20.000000   20.000000   19.500000   19.000000   18.500000   18.000000   17.500000   17.000000   16.500000   16.000000   15.500000   15.000000   14.500000   14.000000   13.500000   13.000000   12.500000   12.000000   11.500000   11.000000   10.500000   10.000000   9.500000   9.000000   8.500000   8.000000   7.500000   7.000000   6.500000   6.000000   5.500000   5.000000   4.500000   4.000000   3.500000   3.000000   2.500000   2.000000   1.500000   1.000000   0.500000
   1.352000   0.765000   0.405000   0.181000   0.048000   -0.000000   0.000000   0.000000   0.000000   0.000000   0.000000   0.000000   0.000000   0.000000   0.000000   0.000000   0.000000   0.000000   0.000000   0.000000   0.000000   0.000000   0.000000   0.000000   0.000000   0.000000   0.000000   0.000000   0.000000   0.000000   0.000000   0.000000   0.000000   0.000000   0.000000   0.000000   0.000000   0.000000   0.000000   0.000000   0.000000   0.000000   0.000000   0.000000   0.000000   0.000000
   32.354000   52.806000   56.337002   69.828003   83.416000   85.175003   90.000000   90.000000   90.000000   90.000000   90.000000   90.000000   90.000000   90.000000   90.000000   90.000000   90.000000   90.000000   90.000000   90.000000   90.000000   90.000000   90.000000   90.000000   90.000000   90.000000   90.000000   90.000000   90.000000   90.000000   90.000000   90.000000   90.000000   90.000000   90.000000   90.000000   90.000000   90.000000   90.000000   90.000000   90.000000   90.000000   90.000000   90.000000   90.000000   90.000000
   125.346001,   45
   22.500000   22.000000   21.500000   21.000000   20.500000   20.000000   19.500000   19.000000   18.500000   18.000000   17.500000   17.000000   16.500000   16.000000   15.500000   15.000000   14.500000   14.000000   13.500000   13.000000   12.500000   12.000000   11.500000   11.000000   10.500000   10.000000   9.500000   9.000000   8.500000   8.000000   7.500000   7.000000   6.500000   6.000000   5.500000   5.000000   4.500000   4.000000   3.500000   3.000000   2.500000   2.000000   1.500000   1.000000   0.500000
   1.353000   0.765000   0.406000   0.182000   0.049000   0.000000   0.000000   0.000000   0.000000   0.000000   0.000000   0.000000   0.000000   0.000000   0.000000   0.000000   0.000000   0.000000   0.000000   0.000000   0.000000   0.000000   0.000000   0.000000   0.000000   0.000000   0.000000   0.000000   0.000000   0.000000   0.000000   0.000000   0.000000   0.000000   0.000000   0.000000   0.000000   0.000000   0.000000   0.000000   0.000000   0.000000   0.000000   0.000000   0.000000
   32.354000   43.979000   56.337002   69.828003   83.416000   90.000000   90.000000   90.000000   90.000000   90.000000   90.000000   90.000000   90.000000   90.000000   90.000000   90.000000   90.000000   90.000000   90.000000   90.000000   90.000000   90.000000   90.000000   90.000000   90.000000   90.000000   90.000000   90.000000   90.000000   90.000000   90.000000   90.000000   90.000000   90.000000   90.000000   90.000000   90.000000   90.000000   90.000000   90.000000   90.000000   90.000000   90.000000   90.000000   90.000000
