   Vs(kts)     Hi(m) sigf(kPa)  R_br(kN)  R_cl(kN)  R_bu(kN)   R_i(kN)
     1.00      0.20    400.00      21.0     682.1      47.2     750.4
     1.00      0.30    400.00      34.8    1023.2      70.8    1128.9
     1.00      0.40    400.00      49.9    1364.3      94.5    1508.6
     1.00      0.50    400.00      65.9    1705.4     118.1    1889.4
     1.00      0.60    400.00      82.8    2046.4     141.7    2270.9
     1.00      0.70    400.00     100.4    2387.5     165.3    2653.2
     1.00      0.80    400.00     118.6    2728.6     188.9    3036.2
     1.00      0.90    400.00     137.5    3069.7     212.5    3419.7
     1.00      1.00    400.00     156.8    3410.7     236.1    3803.7
     1.00      1.10    400.00     176.7    3751.8     259.8    4188.2
     1.00      0.20    500.00      26.2     682.1      47.2     755.6
     1.00      0.30    500.00      43.5    1023.2      70.8    1137.6
     1.00      0.40    500.00      62.4    1364.3      94.5    1521.1
     1.00      0.50    500.00      82.4    1705.4     118.1    1905.9
     1.00      0.60    500.00     103.5    2046.4     141.7    2291.7
     1.00      0.70    500.00     125.5    2387.5     165.3    2678.3
     1.00      0.80    500.00     148.3    2728.6     188.9    3065.8
     1.00      0.90    500.00     171.8    3069.7     212.5    3454.0
     1.00      1.00    500.00     196.0    3410.7     236.1    3842.9
     1.00      1.10    500.00     220.8    3751.8     259.8    4232.4
     1.00      0.20    600.00      31.5     682.1      47.2     760.8
     1.00      0.30    600.00      52.2    1023.2      70.8    1146.3
     1.00      0.40    600.00      74.8    1364.3      94.5    1533.6
     1.00      0.50    600.00      98.9    1705.4     118.1    1922.3
     1.00      0.60    600.00     124.2    2046.4     141.7    2312.4
     1.00      0.70    600.00     150.6    2387.5     165.3    2703.4
     1.00      0.80    600.00     178.0    2728.6     188.9    3095.5
     1.00      0.90    600.00     206.2    3069.7     212.5    3488.4
     1.00      1.00    600.00     235.2    3410.7     236.1    3882.1
     1.00      1.10    600.00     265.0    3751.8     259.8    4276.6
     1.00      0.20    700.00      36.7     682.1      47.2     766.1
     1.00      0.30    700.00      60.9    1023.2      70.8    1155.0
     1.00      0.40    700.00      87.3    1364.3      94.5    1546.1
     1.00      0.50    700.00     115.4    1705.4     118.1    1938.8
     1.00      0.60    700.00     144.9    2046.4     141.7    2333.1
     1.00      0.70    700.00     175.7    2387.5     165.3    2728.5
     1.00      0.80    700.00     207.6    2728.6     188.9    3125.2
     1.00      0.90    700.00     240.6    3069.7     212.5    3522.8
     1.00      1.00    700.00     274.4    3410.7     236.1    3921.3
     1.00      1.10    700.00     309.2    3751.8     259.8    4320.7
     1.00      0.20    800.00      41.9     682.1      47.2     771.3
     1.00      0.30    800.00      69.6    1023.2      70.8    1163.7
     1.00      0.40    800.00      99.8    1364.3      94.5    1558.5
     1.00      0.50    800.00     131.9    1705.4     118.1    1955.3
     1.00      0.60    800.00     165.6    2046.4     141.7    2353.8
     1.00      0.70    800.00     200.8    2387.5     165.3    2753.6
     1.00      0.80    800.00     237.3    2728.6     188.9    3154.8
     1.00      0.90    800.00     274.9    3069.7     212.5    3557.1
     1.00      1.00    800.00     313.6    3410.7     236.1    3960.5
     1.00      1.10    800.00     353.3    3751.8     259.8    4364.9
     3.00      0.20    400.00      21.0    2046.4      47.2    2114.7
     3.00      0.30    400.00      34.8    3069.7      70.8    3175.3
     3.00      0.40    400.00      49.9    4092.9      94.5    4237.2
     3.00      0.50    400.00      65.9    5116.1     118.1    5300.1
     3.00      0.60    400.00      82.8    6139.3     141.7    6363.8
     3.00      0.70    400.00     100.4    7162.6     165.3    7428.3
     3.00      0.80    400.00     118.6    8185.8     188.9    8493.4
     3.00      0.90    400.00     137.5    9209.0     212.5    9559.0
     3.00      1.00    400.00     156.8   10232.2     236.1   10625.2
     3.00      1.10    400.00     176.7   11255.5     259.8   11691.9
     3.00      0.20    500.00      26.2    2046.4      47.2    2119.9
     3.00      0.30    500.00      43.5    3069.7      70.8    3184.0
     3.00      0.40    500.00      62.4    4092.9      94.5    4249.7
     3.00      0.50    500.00      82.4    5116.1     118.1    5316.6
     3.00      0.60    500.00     103.5    6139.3     141.7    6384.6
     3.00      0.70    500.00     125.5    7162.6     165.3    7453.4
     3.00      0.80    500.00     148.3    8185.8     188.9    8523.0
     3.00      0.90    500.00     171.8    9209.0     212.5    9593.4
     3.00      1.00    500.00     196.0   10232.2     236.1   10664.4
     3.00      1.10    500.00     220.8   11255.5     259.8   11736.1
     3.00      0.20    600.00      31.5    2046.4      47.2    2125.1
     3.00      0.30    600.00      52.2    3069.7      70.8    3192.7
     3.00      0.40    600.00      74.8    4092.9      94.5    4262.2
     3.00      0.50    600.00      98.9    5116.1     118.1    5333.1
     3.00      0.60    600.00     124.2    6139.3     141.7    6405.3
     3.00      0.70    600.00     150.6    7162.6     165.3    7478.5
     3.00      0.80    600.00     178.0    8185.8     188.9    8552.7
     3.00      0.90    600.00     206.2    9209.0     212.5    9627.8
     3.00      1.00    600.00     235.2   10232.2     236.1   10703.6
     3.00      1.10    600.00     265.0   11255.5     259.8   11780.2
     3.00      0.20    700.00      36.7    2046.4      47.2    2130.4
     3.00      0.30    700.00      60.9    3069.7      70.8    3201.4
     3.00      0.40    700.00      87.3    4092.9      94.5    4274.7
     3.00      0.50    700.00     115.4    5116.1     118.1    5349.6
     3.00      0.60    700.00     144.9    6139.3     141.7    6426.0
     3.00      0.70    700.00     175.7    7162.6     165.3    7503.6
     3.00      0.80    700.00     207.6    8185.8     188.9    8582.3
     3.00      0.90    700.00     240.6    9209.0     212.5    9662.1
     3.00      1.00    700.00     274.4   10232.2     236.1   10742.8
     3.00      1.10    700.00     309.2   11255.5     259.8   11824.4
     3.00      0.20    800.00      41.9    2046.4      47.2    2135.6
     3.00      0.30    800.00      69.6    3069.7      70.8    3210.2
     3.00      0.40    800.00      99.8    4092.9      94.5    4287.1
     3.00      0.50    800.00     131.9    5116.1     118.1    5366.1
     3.00      0.60    800.00     165.6    6139.3     141.7    6446.7
     3.00      0.70    800.00     200.8    7162.6     165.3    7528.7
     3.00      0.80    800.00     237.3    8185.8     188.9    8612.0
     3.00      0.90    800.00     274.9    9209.0     212.5    9696.5
     3.00      1.00    800.00     313.6   10232.2     236.1   10782.0
     3.00      1.10    800.00     353.3   11255.5     259.8   11868.6
     5.00      0.20    400.00      21.0    3410.7      47.2    3479.0
     5.00      0.30    400.00      34.8    5116.1      70.8    5221.8
     5.00      0.40    400.00      49.9    6821.5      94.5    6965.8
     5.00      0.50    400.00      65.9    8526.9     118.1    8710.9
     5.00      0.60    400.00      82.8   10232.2     141.7   10456.7
     5.00      0.70    400.00     100.4   11937.6     165.3   12203.3
     5.00      0.80    400.00     118.6   13643.0     188.9   13950.6
     5.00      0.90    400.00     137.5   15348.4     212.5   15698.4
     5.00      1.00    400.00     156.8   17053.7     236.1   17446.7
     5.00      1.10    400.00     176.7   18759.1     259.8   19195.5
     5.00      0.20    500.00      26.2    3410.7      47.2    3484.2
     5.00      0.30    500.00      43.5    5116.1      70.8    5230.5
     5.00      0.40    500.00      62.4    6821.5      94.5    6978.3
     5.00      0.50    500.00      82.4    8526.9     118.1    8727.4
     5.00      0.60    500.00     103.5   10232.2     141.7   10477.5
     5.00      0.70    500.00     125.5   11937.6     165.3   12228.4
     5.00      0.80    500.00     148.3   13643.0     188.9   13980.2
     5.00      0.90    500.00     171.8   15348.4     212.5   15732.7
     5.00      1.00    500.00     196.0   17053.7     236.1   17485.9
     5.00      1.10    500.00     220.8   18759.1     259.8   19239.7
     5.00      0.20    600.00      31.5    3410.7      47.2    3489.4
     5.00      0.30    600.00      52.2    5116.1      70.8    5239.2
     5.00      0.40    600.00      74.8    6821.5      94.5    6990.8
     5.00      0.50    600.00      98.9    8526.9     118.1    8743.8
     5.00      0.60    600.00     124.2   10232.2     141.7   10498.2
     5.00      0.70    600.00     150.6   11937.6     165.3   12253.5
     5.00      0.80    600.00     178.0   13643.0     188.9   14009.9
     5.00      0.90    600.00     206.2   15348.4     212.5   15767.1
     5.00      1.00    600.00     235.2   17053.7     236.1   17525.1
     5.00      1.10    600.00     265.0   18759.1     259.8   19283.9
     5.00      0.20    700.00      36.7    3410.7      47.2    3494.7
     5.00      0.30    700.00      60.9    5116.1      70.8    5247.9
     5.00      0.40    700.00      87.3    6821.5      94.5    7003.3
     5.00      0.50    700.00     115.4    8526.9     118.1    8760.3
     5.00      0.60    700.00     144.9   10232.2     141.7   10518.9
     5.00      0.70    700.00     175.7   11937.6     165.3   12278.6
     5.00      0.80    700.00     207.6   13643.0     188.9   14039.5
     5.00      0.90    700.00     240.6   15348.4     212.5   15801.5
     5.00      1.00    700.00     274.4   17053.7     236.1   17564.3
     5.00      1.10    700.00     309.2   18759.1     259.8   19328.0
     5.00      0.20    800.00      41.9    3410.7      47.2    3499.9
     5.00      0.30    800.00      69.6    5116.1      70.8    5256.6
     5.00      0.40    800.00      99.8    6821.5      94.5    7015.7
     5.00      0.50    800.00     131.9    8526.9     118.1    8776.8
     5.00      0.60    800.00     165.6   10232.2     141.7   10539.6
     5.00      0.70    800.00     200.8   11937.6     165.3   12303.7
     5.00      0.80    800.00     237.3   13643.0     188.9   14069.2
     5.00      0.90    800.00     274.9   15348.4     212.5   15835.8
     5.00      1.00    800.00     313.6   17053.7     236.1   17603.5
     5.00      1.10    800.00     353.3   18759.1     259.8   19372.2
