     SPEED            =  2.000  Knots 
     BREADTH          =   50.000
     FRICTIONAL COEFF.=    0.500E-01
THE NUMBER OF FRAMES =  497
     X_COOR(I)        Y(I)    Z_COOR(I)    X_NORM(I)    Y_NORM(I)    Z_NORM(I)     ALPHA(I)      BETA(I)     GAMMA(I)
     248.5000       0.5830      22.0000       0.8650       0.3910      -0.3150      65.6560      38.8240      20.0060
     248.0000       1.3000      22.0000       0.6790       0.6340      -0.3700      46.9980      30.2880      28.5760
     247.5000       1.7640      22.0000       0.5780       0.7070      -0.4070      39.2480      29.9050      35.1450
     247.0000       2.1410      22.0000       0.5210       0.7350      -0.4350      35.3190      30.6230      39.8760
     246.5000       2.4800      22.0000       0.4860       0.7460      -0.4550      33.0780      31.3630      43.1000
     246.0000       2.7970      22.0000       0.4650       0.7520      -0.4680      31.7440      31.8770      45.1480
     245.5000       3.1010      22.0000       0.4520       0.7550      -0.4740      30.9120      32.1400      46.3760
     245.0000       3.3980      22.0000       0.4460       0.7560      -0.4800      30.5380      32.4240      47.1160
     244.5000       3.6930      22.0000       0.4440       0.7520      -0.4870      30.5760      32.9250      47.6220
     244.0000       3.9880      22.0000       0.4430       0.7490      -0.4930      30.6080      33.3380      48.0350
     243.5000       4.2840      22.0000       0.4410       0.7480      -0.4970      30.5300      33.5880      48.3930
     243.0000       4.5780      22.0000       0.4380       0.7480      -0.4990      30.3610      33.7170      48.7250
     242.5000       4.8700      22.0000       0.4360       0.7470      -0.5020      30.2490      33.8700      49.0150
     242.0000       5.1610      22.0000       0.4340       0.7470      -0.5040      30.1440      33.9820      49.2550
     241.5000       5.4510      22.0000       0.4320       0.7470      -0.5050      30.0470      34.0630      49.4520
     241.0000       5.7390      22.0000       0.4310       0.7470      -0.5060      29.9580      34.1210      49.6150
     240.5000       6.0270      22.0000       0.4290       0.7470      -0.5070      29.8780      34.1650      49.7530
     240.0000       6.3140      22.0000       0.4280       0.7470      -0.5080      29.8070      34.2050      49.8760
     239.5000       6.6000      22.0000       0.4270       0.7480      -0.5090      29.7360      34.2380      49.9930
     239.0000       6.8850      22.0000       0.4260       0.7480      -0.5090      29.6640      34.2710      50.1090
     238.5000       7.1690      22.0000       0.4250       0.7480      -0.5100      29.5930      34.3010      50.2230
     238.0000       7.4530      22.0000       0.4240       0.7480      -0.5110      29.5230      34.3320      50.3360
     237.5000       7.7360      22.0000       0.4230       0.7480      -0.5120      29.4520      34.3580      50.4440
     237.0000       8.0170      22.0000       0.4210       0.7480      -0.5130      29.3990      34.4610      50.6130
     236.5000       8.2990      22.0000       0.4200       0.7480      -0.5140      29.3360      34.4720      50.6960
     236.0000       8.5790      22.0000       0.4190       0.7490      -0.5140      29.2590      34.4580      50.7720
     235.5000       8.8590      22.0000       0.4180       0.7490      -0.5140      29.1780      34.4360      50.8410
     235.0000       9.1380      22.0000       0.4170       0.7500      -0.5140      29.1010      34.4130      50.9050
     234.5000       9.4160      22.0000       0.4160       0.7500      -0.5130      29.0250      34.3840      50.9630
     234.0000       9.6930      22.0000       0.4150       0.7510      -0.5130      28.9470      34.3460      51.0140
     233.5000       9.9690      22.0000       0.4140       0.7520      -0.5130      28.8690      34.3040      51.0590
     233.0000      10.2440      22.0000       0.4140       0.7530      -0.5120      28.7910      34.2550      51.0970
     232.5000      10.5180      22.0000       0.4130       0.7530      -0.5120      28.7080      34.1960      51.1310
     232.0000      10.7920      22.0000       0.4120       0.7540      -0.5110      28.6260      34.1350      51.1630
     231.5000      11.0640      22.0000       0.4110       0.7550      -0.5110      28.5460      34.0740      51.1920
     231.0000      11.3360      22.0000       0.4100       0.7560      -0.5100      28.4650      34.0120      51.2210
     230.5000      11.6060      22.0000       0.4090       0.7570      -0.5100      28.3790      33.9440      51.2490
     230.0000      11.8760      22.0000       0.4080       0.7580      -0.5090      28.2890      33.8710      51.2770
     229.5000      12.1440      22.0000       0.4070       0.7590      -0.5080      28.1930      33.7920      51.3070
     229.0000      12.4120      22.0000       0.4060       0.7600      -0.5070      28.0920      33.7100      51.3390
     228.5000      12.6780      22.0000       0.4050       0.7610      -0.5060      27.9880      33.6260      51.3720
     228.0000      12.9430      22.0000       0.4030       0.7630      -0.5060      27.8810      33.5410      51.4070
     227.5000      13.2070      22.0000       0.4020       0.7640      -0.5050      27.7720      33.4530      51.4430
     227.0000      13.4700      22.0000       0.4010       0.7650      -0.5040      27.6600      33.3630      51.4810
     226.5000      13.7310      22.0000       0.4000       0.7660      -0.5030      27.5440      33.2720      51.5210
     226.0000      13.9910      22.0000       0.3980       0.7680      -0.5020      27.4270      33.1800      51.5630
     225.5000      14.2500      22.0000       0.3970       0.7690      -0.5010      27.3050      33.0840      51.6070
     225.0000      14.5080      22.0000       0.3960       0.7700      -0.5000      27.1770      32.9850      51.6550
     224.5000      14.7640      22.0000       0.3940       0.7720      -0.4990      27.0430      32.8820      51.7050
     224.0000      15.0180      22.0000       0.3920       0.7730      -0.4980      26.9050      32.7740      51.7560
     223.5000      15.2710      22.0000       0.3910       0.7750      -0.4970      26.7620      32.6580      51.8040
     223.0000      15.5220      22.0000       0.3890       0.7770      -0.4950      26.6140      32.5310      51.8480
     222.5000      15.7720      22.0000       0.3870       0.7780      -0.4940      26.4600      32.3920      51.8850
     222.0000      16.0200      22.0000       0.3860       0.7800      -0.4920      26.3020      32.2410      51.9160
     221.5000      16.2660      22.0000       0.3840       0.7820      -0.4900      26.1380      32.0770      51.9390
     221.0000      16.5110      22.0000       0.3820       0.7850      -0.4880      25.9670      31.9000      51.9590
     220.5000      16.7530      22.0000       0.3800       0.7870      -0.4860      25.7890      31.7120      51.9750
     220.0000      16.9940      22.0000       0.3780       0.7890      -0.4840      25.6020      31.5140      51.9930
     219.5000      17.2320      22.0000       0.3760       0.7920      -0.4820      25.4000      31.3080      52.0200
     219.0000      17.4690      22.0000       0.3740       0.7940      -0.4790      25.2010      31.0930      52.0350
     218.5000      17.7030      22.0000       0.3710       0.7970      -0.4760      24.9880      30.8660      52.0540
     218.0000      17.9350      22.0000       0.3690       0.8000      -0.4740      24.7590      30.6290      52.0830
     217.5000      18.1640      22.0000       0.3660       0.8030      -0.4710      24.5160      30.3820      52.1200
     217.0000      18.3910      22.0000       0.3630       0.8060      -0.4680      24.2600      30.1240      52.1630
     216.5000      18.6150      22.0000       0.3600       0.8090      -0.4640      23.9950      29.8530      52.2030
     216.0000      18.8360      22.0000       0.3570       0.8120      -0.4610      23.7210      29.5670      52.2420
     215.5000      19.0540      22.0000       0.3540       0.8160      -0.4570      23.4340      29.2660      52.2790
     215.0000      19.2690      22.0000       0.3500       0.8200      -0.4530      23.1350      28.9490      52.3160
     214.5000      19.4810      22.0000       0.3470       0.8230      -0.4490      22.8280      28.6150      52.3470
     214.0000      19.6900      22.0000       0.3430       0.8270      -0.4450      22.5120      28.2640      52.3710
     213.5000      19.8960      22.0000       0.3390       0.8310      -0.4400      22.1850      27.8950      52.3910
     213.0000      20.0980      22.0000       0.3350       0.8360      -0.4350      21.8470      27.5080      52.4080
     212.5000      20.2970      22.0000       0.3310       0.8400      -0.4300      21.4970      27.1040      52.4210
     212.0000      20.4920      22.0000       0.3270       0.8450      -0.4240      21.1380      26.6830      52.4300
     211.5000      20.6830      22.0000       0.3220       0.8490      -0.4190      20.7680      26.2440      52.4330
     211.0000      20.8710      22.0000       0.3170       0.8540      -0.4130      20.3880      25.7880      52.4320
     210.5000      21.0550      22.0000       0.3120       0.8590      -0.4060      19.9940      25.3150      52.4320
     210.0000      21.2350      22.0000       0.3070       0.8640      -0.4000      19.5870      24.8270      52.4350
     209.5000      21.4110      22.0000       0.3020       0.8690      -0.3930      19.1670      24.3240      52.4410
     209.0000      21.5820      22.0000       0.2960       0.8740      -0.3860      18.7340      23.8070      52.4510
     208.5000      21.7500      22.0000       0.2910       0.8790      -0.3780      18.2890      23.2760      52.4650
     208.0000      21.9130      22.0000       0.2840       0.8840      -0.3700      17.8330      22.7330      52.4830
     207.5000      22.0710      22.0000       0.2780       0.8890      -0.3630      17.3660      22.1770      52.5040
     207.0000      22.2260      22.0000       0.2710       0.8950      -0.3540      16.8710      21.5720      52.5090
     206.5000      22.3750      22.0000       0.2650       0.9000      -0.3450      16.3880      20.9890      52.5260
     206.0000      22.5200      22.0000       0.2580       0.9060      -0.3370      15.9000      20.3930      52.5400
     205.5000      22.6600      22.0000       0.2510       0.9110      -0.3280      15.4050      19.7860      52.5510
     205.0000      22.7950      22.0000       0.2440       0.9160      -0.3180      14.9050      19.1700      52.5610
     204.5000      22.9260      22.0000       0.2370       0.9210      -0.3090      14.3990      18.5450      52.5720
     204.0000      23.0520      22.0000       0.2290       0.9260      -0.2990      13.8880      17.9120      52.5860
     203.5000      23.1730      22.0000       0.2210       0.9310      -0.2900      13.3710      17.2740      52.6050
     203.0000      23.2900      22.0000       0.2140       0.9360      -0.2800      12.8500      16.6300      52.6310
     202.5000      23.4010      22.0000       0.2060       0.9410      -0.2690      12.3240      15.9830      52.6660
     202.0000      23.5080      22.0000       0.1970       0.9450      -0.2590      11.7930      15.3330      52.7130
     201.5000      23.6100      22.0000       0.1890       0.9500      -0.2490      11.2450      14.6820      52.8080
     201.0000      23.7070      22.0000       0.1800       0.9540      -0.2380      10.7070      14.0320      52.8920
     200.5000      23.7990      22.0000       0.1720       0.9580      -0.2280      10.1810      13.3870      52.9620
     200.0000      23.8870      22.0000       0.1640       0.9620      -0.2180       9.6690      12.7480      53.0190
     199.5000      23.9700      22.0000       0.1560       0.9660      -0.2070       9.1690      12.1180      53.0670
     199.0000      24.0480      22.0000       0.1480       0.9690      -0.1970       8.6810      11.4990      53.1120
     198.5000      24.1220      22.0000       0.1400       0.9720      -0.1870       8.2040      10.8930      53.1580
     198.0000      24.1920      22.0000       0.1330       0.9750      -0.1770       7.7400      10.3020      53.2130
     197.5000      24.2580      22.0000       0.1250       0.9780      -0.1680       7.2870       9.7290      53.2830
     197.0000      24.3200      22.0000       0.1180       0.9800      -0.1580       6.8450       9.1750      53.3790
     196.5000      24.3780      22.0000       0.1100       0.9830      -0.1490       6.4150       8.6440      53.5120
     196.0000      24.4330      22.0000       0.1030       0.9850      -0.1410       5.9970       8.1360      53.6900
     195.5000      24.4840      22.0000       0.0970       0.9860      -0.1330       5.5970       7.6510      53.8910
     195.0000      24.5310      22.0000       0.0900       0.9880      -0.1250       5.2140       7.1880      54.1100
     194.5000      24.5750      22.0000       0.0840       0.9900      -0.1170       4.8500       6.7440      54.3410
     194.0000      24.6160      22.0000       0.0780       0.9910      -0.1100       4.5030       6.3180      54.5760
     193.5000      24.6540      22.0000       0.0720       0.9920      -0.1030       4.1740       5.9080      54.8060
     193.0000      24.6890      22.0000       0.0670       0.9930      -0.0960       3.8630       5.5110      55.0180
     192.5000      24.7210      22.0000       0.0620       0.9940      -0.0890       3.5680       5.1270      55.1960
     192.0000      24.7510      22.0000       0.0570       0.9950      -0.0830       3.2910       4.7510      55.3210
     191.5000      24.7790      22.0000       0.0530       0.9960      -0.0760       3.0310       4.3840      55.3660
     191.0000      24.8040      22.0000       0.0490       0.9960      -0.0700       2.7890       4.0230      55.2960
     190.5000      24.8280      22.0000       0.0450       0.9970      -0.0640       2.5630       3.6660      55.0560
     190.0000      24.8490      22.0000       0.0410       0.9970      -0.0580       2.3600       3.3130      54.5510
     189.5000      24.8690      22.0000       0.0380       0.9980      -0.0520       2.1750       2.9650      53.7500
     189.0000      24.8870      22.0000       0.0350       0.9980      -0.0460       2.0080       2.6220      52.5610
     188.5000      24.9040      22.0000       0.0320       0.9990      -0.0400       1.8600       2.2850      50.8590
     188.0000      24.9200      22.0000       0.0300       0.9990      -0.0340       1.7290       1.9530      48.4700
     187.5000      24.9340      22.0000       0.0280       0.9990      -0.0280       1.6170       1.6260      45.1540
     187.0000      24.9480      22.0000       0.0270       0.9990      -0.0230       1.5230       1.3050      40.5880
     186.5000      24.9610      22.0000       0.0250       1.0000      -0.0170       1.4480       0.9900      34.3680
     186.0000      24.9730      22.0000       0.0240       1.0000      -0.0120       1.3900       0.6810      26.0940
     185.5000      24.9850      22.0000       0.0240       1.0000      -0.0070       1.3510       0.3770      15.6120
     185.0000      24.9970      22.0000       0.0230       1.0000      -0.0010       1.3290       0.0800       3.4380
     184.5000      25.0000      22.0000       0.0000       1.0000       0.0000       0.0000       0.0000       0.0000
     184.0000      25.0000      22.0000       0.0000       1.0000       0.0000       0.0000       0.0000       0.0000
     183.5000      25.0000      22.0000       0.0000       1.0000       0.0000       0.0000       0.0000       0.0000
     183.0000      25.0000      22.0000       0.0000       1.0000       0.0000       0.0000       0.0000       0.0000
     182.5000      25.0000      22.0000       0.0000       1.0000       0.0000       0.0000       0.0000       0.0000
     182.0000      25.0000      22.0000       0.0000       1.0000       0.0000       0.0000       0.0000       0.0000
     181.5000      25.0000      22.0000       0.0000       1.0000       0.0000       0.0000       0.0000       0.0000
     181.0000      25.0000      22.0000       0.0000       1.0000       0.0000       0.0000       0.0000       0.0000
     180.5000      25.0000      22.0000       0.0000       1.0000       0.0000       0.0000       0.0000       0.0000
     180.0000      25.0000      22.0000       0.0000       1.0000       0.0000       0.0000       0.0000       0.0000
     179.5000      25.0000      22.0000       0.0000       1.0000       0.0000       0.0000       0.0000       0.0000
     179.0000      25.0000      22.0000       0.0000       1.0000       0.0000       0.0000       0.0000       0.0000
     178.5000      25.0000      22.0000       0.0000       1.0000       0.0000       0.0000       0.0000       0.0000
     178.0000      25.0000      22.0000       0.0000       1.0000       0.0000       0.0000       0.0000       0.0000
     177.5000      25.0000      22.0000       0.0000       1.0000       0.0000       0.0000       0.0000       0.0000
     177.0000      25.0000      22.0000       0.0000       1.0000       0.0000       0.0000       0.0000       0.0000
     176.5000      25.0000      22.0000       0.0000       1.0000       0.0000       0.0000       0.0000       0.0000
     176.0000      25.0000      22.0000       0.0000       1.0000       0.0000       0.0000       0.0000       0.0000
     175.5000      25.0000      22.0000       0.0000       1.0000       0.0000       0.0000       0.0000       0.0000
     175.0000      25.0000      22.0000       0.0000       1.0000       0.0000       0.0000       0.0000       0.0000
     174.5000      25.0000      22.0000       0.0000       1.0000       0.0000       0.0000       0.0000       0.0000
     174.0000      25.0000      22.0000       0.0000       1.0000       0.0000       0.0000       0.0000       0.0000
     173.5000      25.0000      22.0000       0.0000       1.0000       0.0000       0.0000       0.0000       0.0000
     173.0000      25.0000      22.0000       0.0000       1.0000       0.0000       0.0000       0.0000       0.0000
     172.5000      25.0000      22.0000       0.0000       1.0000       0.0000       0.0000       0.0000       0.0000
     172.0000      25.0000      22.0000       0.0000       1.0000       0.0000       0.0000       0.0000       0.0000
     171.5000      25.0000      22.0000       0.0000       1.0000       0.0000       0.0000       0.0000       0.0000
     171.0000      25.0000      22.0000       0.0000       1.0000       0.0000       0.0000       0.0000       0.0000
     170.5000      25.0000      22.0000       0.0000       1.0000       0.0000       0.0000       0.0000       0.0000
     170.0000      25.0000      22.0000       0.0000       1.0000       0.0000       0.0000       0.0000       0.0000
     169.5000      25.0000      22.0000       0.0000       1.0000       0.0000       0.0000       0.0000       0.0000
     169.0000      25.0000      22.0000       0.0000       1.0000       0.0000       0.0000       0.0000       0.0000
     168.5000      25.0000      22.0000       0.0000       1.0000       0.0000       0.0000       0.0000       0.0000
     168.0000      25.0000      22.0000       0.0000       1.0000       0.0000       0.0000       0.0000       0.0000
     167.5000      25.0000      22.0000       0.0000       1.0000       0.0000       0.0000       0.0000       0.0000
     167.0000      25.0000      22.0000       0.0000       1.0000       0.0000       0.0000       0.0000       0.0000
     166.5000      25.0000      22.0000       0.0000       1.0000       0.0000       0.0000       0.0000       0.0000
     166.0000      25.0000      22.0000       0.0000       1.0000       0.0000       0.0000       0.0000       0.0000
     165.5000      25.0000      22.0000       0.0000       1.0000       0.0000       0.0000       0.0000       0.0000
     165.0000      25.0000      22.0000       0.0000       1.0000       0.0000       0.0000       0.0000       0.0000
     164.5000      25.0000      22.0000       0.0000       1.0000       0.0000       0.0000       0.0000       0.0000
     164.0000      25.0000      22.0000       0.0000       1.0000       0.0000       0.0000       0.0000       0.0000
     163.5000      25.0000      22.0000       0.0000       1.0000       0.0000       0.0000       0.0000       0.0000
     163.0000      25.0000      22.0000       0.0000       1.0000       0.0000       0.0000       0.0000       0.0000
     162.5000      25.0000      22.0000       0.0000       1.0000       0.0000       0.0000       0.0000       0.0000
     162.0000      25.0000      22.0000       0.0000       1.0000       0.0000       0.0000       0.0000       0.0000
     161.5000      25.0000      22.0000       0.0000       1.0000       0.0000       0.0000       0.0000       0.0000
     161.0000      25.0000      22.0000       0.0000       1.0000       0.0000       0.0000       0.0000       0.0000
     160.5000      25.0000      22.0000       0.0000       1.0000       0.0000       0.0000       0.0000       0.0000
     160.0000      25.0000      22.0000       0.0000       1.0000       0.0000       0.0000       0.0000       0.0000
     159.5000      25.0000      22.0000       0.0000       1.0000       0.0000       0.0000       0.0000       0.0000
     159.0000      25.0000      22.0000       0.0000       1.0000       0.0000       0.0000       0.0000       0.0000
     158.5000      25.0000      22.0000       0.0000       1.0000       0.0000       0.0000       0.0000       0.0000
     158.0000      25.0000      22.0000       0.0000       1.0000       0.0000       0.0000       0.0000       0.0000
     157.5000      25.0000      22.0000       0.0000       1.0000       0.0000       0.0000       0.0000       0.0000
     157.0000      25.0000      22.0000       0.0000       1.0000       0.0000       0.0000       0.0000       0.0000
     156.5000      25.0000      22.0000       0.0000       1.0000       0.0000       0.0000       0.0000       0.0000
     156.0000      25.0000      22.0000       0.0000       1.0000       0.0000       0.0000       0.0000       0.0000
     155.5000      25.0000      22.0000       0.0000       1.0000       0.0000       0.0000       0.0000       0.0000
     155.0000      25.0000      22.0000       0.0000       1.0000       0.0000       0.0000       0.0000       0.0000
     154.5000      25.0000      22.0000       0.0000       1.0000       0.0000       0.0000       0.0000       0.0000
     154.0000      25.0000      22.0000       0.0000       1.0000       0.0000       0.0000       0.0000       0.0000
     153.5000      25.0000      22.0000       0.0000       1.0000       0.0000       0.0000       0.0000       0.0000
     153.0000      25.0000      22.0000       0.0000       1.0000       0.0000       0.0000       0.0000       0.0000
     152.5000      25.0000      22.0000       0.0000       1.0000       0.0000       0.0000       0.0000       0.0000
     152.0000      25.0000      22.0000       0.0000       1.0000       0.0000       0.0000       0.0000       0.0000
     151.5000      25.0000      22.0000       0.0000       1.0000       0.0000       0.0000       0.0000       0.0000
     151.0000      25.0000      22.0000       0.0000       1.0000       0.0000       0.0000       0.0000       0.0000
     150.5000      25.0000      22.0000       0.0000       1.0000       0.0000       0.0000       0.0000       0.0000
     150.0000      25.0000      22.0000       0.0000       1.0000       0.0000       0.0000       0.0000       0.0000
     149.5000      25.0000      22.0000       0.0000       1.0000       0.0000       0.0000       0.0000       0.0000
     149.0000      25.0000      22.0000       0.0000       1.0000       0.0000       0.0000       0.0000       0.0000
     148.5000      25.0000      22.0000       0.0000       1.0000       0.0000       0.0000       0.0000       0.0000
     148.0000      25.0000      22.0000       0.0000       1.0000       0.0000       0.0000       0.0000       0.0000
     147.5000      25.0000      22.0000       0.0000       1.0000       0.0000       0.0000       0.0000       0.0000
     147.0000      25.0000      22.0000       0.0000       1.0000       0.0000       0.0000       0.0000       0.0000
     146.5000      25.0000      22.0000       0.0000       1.0000       0.0000       0.0000       0.0000       0.0000
     146.0000      25.0000      22.0000       0.0000       1.0000       0.0000       0.0000       0.0000       0.0000
     145.5000      25.0000      22.0000       0.0000       1.0000       0.0000       0.0000       0.0000       0.0000
     145.0000      25.0000      22.0000       0.0000       1.0000       0.0000       0.0000       0.0000       0.0000
     144.5000      25.0000      22.0000       0.0000       1.0000       0.0000       0.0000       0.0000       0.0000
     144.0000      25.0000      22.0000       0.0000       1.0000       0.0000       0.0000       0.0000       0.0000
     143.5000      25.0000      22.0000       0.0000       1.0000       0.0000       0.0000       0.0000       0.0000
     143.0000      25.0000      22.0000       0.0000       1.0000       0.0000       0.0000       0.0000       0.0000
     142.5000      25.0000      22.0000       0.0000       1.0000       0.0000       0.0000       0.0000       0.0000
     142.0000      25.0000      22.0000       0.0000       1.0000       0.0000       0.0000       0.0000       0.0000
     141.5000      25.0000      22.0000       0.0000       1.0000       0.0000       0.0000       0.0000       0.0000
     141.0000      25.0000      22.0000       0.0000       1.0000       0.0000       0.0000       0.0000       0.0000
     140.5000      25.0000      22.0000       0.0000       1.0000       0.0000       0.0000       0.0000       0.0000
     140.0000      25.0000      22.0000       0.0000       1.0000       0.0000       0.0000       0.0000       0.0000
     139.5000      25.0000      22.0000       0.0000       1.0000       0.0000       0.0000       0.0000       0.0000
     139.0000      25.0000      22.0000       0.0000       1.0000       0.0000       0.0000       0.0000       0.0000
     138.5000      25.0000      22.0000       0.0000       1.0000       0.0000       0.0000       0.0000       0.0000
     138.0000      25.0000      22.0000       0.0000       1.0000       0.0000       0.0000       0.0000       0.0000
     137.5000      25.0000      22.0000       0.0000       1.0000       0.0000       0.0000       0.0000       0.0000
     137.0000      25.0000      22.0000       0.0000       1.0000       0.0000       0.0000       0.0000       0.0000
     136.5000      25.0000      22.0000       0.0000       1.0000       0.0000       0.0000       0.0000       0.0000
     136.0000      25.0000      22.0000       0.0000       1.0000       0.0000       0.0000       0.0000       0.0000
     135.5000      25.0000      22.0000       0.0000       1.0000       0.0000       0.0000       0.0000       0.0000
     135.0000      25.0000      22.0000       0.0000       1.0000       0.0000       0.0000       0.0000       0.0000
     134.5000      25.0000      22.0000       0.0000       1.0000       0.0000       0.0000       0.0000       0.0000
     134.0000      25.0000      22.0000       0.0000       1.0000       0.0000       0.0000       0.0000       0.0000
     133.5000      25.0000      22.0000       0.0000       1.0000       0.0000       0.0000       0.0000       0.0000
     133.0000      25.0000      22.0000       0.0000       1.0000       0.0000       0.0000       0.0000       0.0000
     132.5000      25.0000      22.0000       0.0000       1.0000       0.0000       0.0000       0.0000       0.0000
     132.0000      25.0000      22.0000       0.0000       1.0000       0.0000       0.0000       0.0000       0.0000
     131.5000      25.0000      22.0000       0.0000       1.0000       0.0000       0.0000       0.0000       0.0000
     131.0000      25.0000      22.0000       0.0000       1.0000       0.0000       0.0000       0.0000       0.0000
     130.5000      25.0000      22.0000       0.0000       1.0000       0.0000       0.0000       0.0000       0.0000
     130.0000      25.0000      22.0000       0.0000       1.0000       0.0000       0.0000       0.0000       0.0000
     129.5000      25.0000      22.0000       0.0000       1.0000       0.0000       0.0000       0.0000       0.0000
     129.0000      25.0000      22.0000       0.0000       1.0000       0.0000       0.0000       0.0000       0.0000
     128.5000      25.0000      22.0000       0.0000       1.0000       0.0000       0.0000       0.0000       0.0000
     128.0000      25.0000      22.0000       0.0000       1.0000       0.0000       0.0000       0.0000       0.0000
     127.5000      25.0000      22.0000       0.0000       1.0000       0.0000       0.0000       0.0000       0.0000
     127.0000      25.0000      22.0000       0.0000       1.0000       0.0000       0.0000       0.0000       0.0000
     126.5000      25.0000      22.0000       0.0000       1.0000       0.0000       0.0000       0.0000       0.0000
     126.0000      25.0000      22.0000       0.0000       1.0000       0.0000       0.0000       0.0000       0.0000
     125.5000      25.0000      22.0000       0.0000       1.0000       0.0000       0.0000       0.0000       0.0000
     125.0000      25.0000      22.0000       0.0000       1.0000       0.0000       0.0000       0.0000       0.0000
     124.5000      25.0000      22.0000       0.0000       1.0000       0.0000       0.0000       0.0000       0.0000
     124.0000      25.0000      22.0000       0.0000       1.0000       0.0000       0.0000       0.0000       0.0000
     123.5000      25.0000      22.0000       0.0000       1.0000       0.0000       0.0000       0.0000       0.0000
     123.0000      25.0000      22.0000       0.0000       1.0000       0.0000       0.0000       0.0000       0.0000
     122.5000      25.0000      22.0000       0.0000       1.0000       0.0000       0.0000       0.0000       0.0000
     122.0000      25.0000      22.0000       0.0000       1.0000       0.0000       0.0000       0.0000       0.0000
     121.5000      25.0000      22.0000       0.0000       1.0000       0.0000       0.0000       0.0000       0.0000
     121.0000      25.0000      22.0000       0.0000       1.0000       0.0000       0.0000       0.0000       0.0000
     120.5000      25.0000      22.0000       0.0000       1.0000       0.0000       0.0000       0.0000       0.0000
     120.0000      25.0000      22.0000       0.0000       1.0000       0.0000       0.0000       0.0000       0.0000
     119.5000      25.0000      22.0000       0.0000       1.0000       0.0000       0.0000       0.0000       0.0000
     119.0000      25.0000      22.0000       0.0000       1.0000       0.0000       0.0000       0.0000       0.0000
     118.5000      25.0000      22.0000       0.0000       1.0000       0.0000       0.0000       0.0000       0.0000
     118.0000      25.0000      22.0000       0.0000       1.0000       0.0000       0.0000       0.0000       0.0000
     117.5000      25.0000      22.0000       0.0000       1.0000       0.0000       0.0000       0.0000       0.0000
     117.0000      25.0000      22.0000       0.0000       1.0000       0.0000       0.0000       0.0000       0.0000
     116.5000      25.0000      22.0000       0.0000       1.0000       0.0000       0.0000       0.0000       0.0000
     116.0000      25.0000      22.0000       0.0000       1.0000       0.0000       0.0000       0.0000       0.0000
     115.5000      25.0000      22.0000       0.0000       1.0000       0.0000       0.0000       0.0000       0.0000
     115.0000      25.0000      22.0000       0.0000       1.0000       0.0000       0.0000       0.0000       0.0000
     114.5000      25.0000      22.0000       0.0000       1.0000       0.0000       0.0000       0.0000       0.0000
     114.0000      25.0000      22.0000       0.0000       1.0000       0.0000       0.0000       0.0000       0.0000
     113.5000      25.0000      22.0000       0.0000       1.0000       0.0000       0.0000       0.0000       0.0000
     113.0000      25.0000      22.0000       0.0000       1.0000       0.0000       0.0000       0.0000       0.0000
     112.5000      25.0000      22.0000       0.0000       1.0000       0.0000       0.0000       0.0000       0.0000
     112.0000      25.0000      22.0000       0.0000       1.0000       0.0000       0.0000       0.0000       0.0000
     111.5000      25.0000      22.0000       0.0000       1.0000       0.0000       0.0000       0.0000       0.0000
     111.0000      25.0000      22.0000       0.0000       1.0000       0.0000       0.0000       0.0000       0.0000
     110.5000      25.0000      22.0000       0.0000       1.0000       0.0000       0.0000       0.0000       0.0000
     110.0000      25.0000      22.0000       0.0000       1.0000       0.0000       0.0000       0.0000       0.0000
     109.5000      25.0000      22.0000       0.0000       1.0000       0.0000       0.0000       0.0000       0.0000
     109.0000      25.0000      22.0000       0.0000       1.0000       0.0000       0.0000       0.0000       0.0000
     108.5000      25.0000      22.0000       0.0000       1.0000       0.0000       0.0000       0.0000       0.0000
     108.0000      25.0000      22.0000       0.0000       1.0000       0.0000       0.0000       0.0000       0.0000
     107.5000      25.0000      22.0000       0.0000       1.0000       0.0000       0.0000       0.0000       0.0000
     107.0000      25.0000      22.0000       0.0000       1.0000       0.0000       0.0000       0.0000       0.0000
     106.5000      25.0000      22.0000       0.0000       1.0000       0.0000       0.0000       0.0000       0.0000
     106.0000      25.0000      22.0000       0.0000       1.0000       0.0000       0.0000       0.0000       0.0000
     105.5000      25.0000      22.0000       0.0000       1.0000       0.0000       0.0000       0.0000       0.0000
     105.0000      25.0000      22.0000       0.0000       1.0000       0.0000       0.0000       0.0000       0.0000
     104.5000      25.0000      22.0000       0.0000       1.0000       0.0000       0.0000       0.0000       0.0000
     104.0000      25.0000      22.0000       0.0000       1.0000       0.0000       0.0000       0.0000       0.0000
     103.5000      25.0000      22.0000       0.0000       1.0000       0.0000       0.0000       0.0000       0.0000
     103.0000      25.0000      22.0000       0.0000       1.0000       0.0000       0.0000       0.0000       0.0000
     102.5000      25.0000      22.0000       0.0000       1.0000       0.0000       0.0000       0.0000       0.0000
     102.0000      25.0000      22.0000       0.0000       1.0000       0.0000       0.0000       0.0000       0.0000
     101.5000      25.0000      22.0000       0.0000       1.0000       0.0000       0.0000       0.0000       0.0000
     101.0000      25.0000      22.0000       0.0000       1.0000       0.0000       0.0000       0.0000       0.0000
     100.5000      25.0000      22.0000       0.0000       1.0000       0.0000       0.0000       0.0000       0.0000
     100.0000      25.0000      22.0000       0.0000       1.0000       0.0000       0.0000       0.0000       0.0000
      99.5000      25.0000      22.0000       0.0000       1.0000       0.0000       0.0000       0.0000       0.0000
      99.0000      25.0000      22.0000       0.0000       1.0000       0.0000       0.0000       0.0000       0.0000
      98.5000      25.0000      22.0000       0.0000       1.0000       0.0000       0.0000       0.0000       0.0000
      98.0000      25.0000      22.0000       0.0000       1.0000       0.0000       0.0000       0.0000       0.0000
      97.5000      25.0000      22.0000       0.0000       1.0000       0.0000       0.0000       0.0000       0.0000
      97.0000      25.0000      22.0000       0.0000       1.0000       0.0000       0.0000       0.0000       0.0000
      96.5000      25.0000      22.0000       0.0000       1.0000       0.0000       0.0000       0.0000       0.0000
      96.0000      25.0000      22.0000       0.0000       1.0000       0.0000       0.0000       0.0000       0.0000
      95.5000      25.0000      22.0000       0.0000       1.0000       0.0000       0.0000       0.0000       0.0000
      95.0000      25.0000      22.0000       0.0000       1.0000       0.0000       0.0000       0.0000       0.0000
      94.5000      25.0000      22.0000       0.0000       1.0000       0.0000       0.0000       0.0000       0.0000
      94.0000      25.0000      22.0000       0.0000       1.0000       0.0000       0.0000       0.0000       0.0000
      93.5000      25.0000      22.0000       0.0000       1.0000       0.0000       0.0000       0.0000       0.0000
      93.0000      25.0000      22.0000       0.0000       1.0000       0.0000       0.0000       0.0000       0.0000
      92.5000      25.0000      22.0000       0.0000       1.0000       0.0000       0.0000       0.0000       0.0000
      92.0000      25.0000      22.0000       0.0000       1.0000       0.0000       0.0000       0.0000       0.0000
      91.5000      25.0000      22.0000       0.0000       1.0000       0.0000       0.0000       0.0000       0.0000
      91.0000      25.0000      22.0000       0.0000       1.0000       0.0000       0.0000       0.0000       0.0000
      90.5000      25.0000      22.0000       0.0000       1.0000       0.0000       0.0000       0.0000       0.0000
      90.0000      25.0000      22.0000       0.0000       1.0000       0.0000       0.0000       0.0000       0.0000
      89.5000      25.0000      22.0000       0.0000       1.0000       0.0000       0.0000       0.0000       0.0000
      89.0000      25.0000      22.0000       0.0000       1.0000       0.0000       0.0000       0.0000       0.0000
      88.5000      25.0000      22.0000       0.0000       1.0000       0.0000       0.0000       0.0000       0.0000
      88.0000      25.0000      22.0000       0.0000       1.0000       0.0000       0.0000       0.0000       0.0000
      87.5000      25.0000      22.0000       0.0000       1.0000       0.0000       0.0000       0.0000       0.0000
      87.0000      25.0000      22.0000       0.0000       1.0000       0.0000       0.0000       0.0000       0.0000
      86.5000      25.0000      22.0000       0.0000       1.0000       0.0000       0.0000       0.0000       0.0000
      86.0000      25.0000      22.0000       0.0000       1.0000       0.0000       0.0000       0.0000       0.0000
      85.5000      25.0000      22.0000       0.0000       1.0000       0.0000       0.0000       0.0000       0.0000
      85.0000      25.0000      22.0000       0.0000       1.0000       0.0000       0.0000       0.0000       0.0000
      84.5000      25.0000      22.0000       0.0000       1.0000       0.0000       0.0000       0.0000       0.0000
      84.0000      25.0000      22.0000       0.0000       1.0000       0.0000       0.0000       0.0000       0.0000
      83.5000      25.0000      22.0000       0.0000       1.0000       0.0000       0.0000       0.0000       0.0000
      83.0000      25.0000      22.0000       0.0000       1.0000       0.0000       0.0000       0.0000       0.0000
      82.5000      25.0000      22.0000       0.0000       1.0000       0.0000       0.0000       0.0000       0.0000
      82.0000      25.0000      22.0000       0.0000       1.0000       0.0000       0.0000       0.0000       0.0000
      81.5000      25.0000      22.0000       0.0000       1.0000       0.0000       0.0000       0.0000       0.0000
      81.0000      25.0000      22.0000       0.0000       1.0000       0.0000       0.0000       0.0000       0.0000
      80.5000      25.0000      22.0000       0.0000       1.0000       0.0000       0.0000       0.0000       0.0000
      80.0000      25.0000      22.0000       0.0000       1.0000       0.0000       0.0000       0.0000       0.0000
      79.5000      25.0000      22.0000       0.0000       1.0000       0.0000       0.0000       0.0000       0.0000
      79.0000      25.0000      22.0000       0.0000       1.0000       0.0000       0.0000       0.0000       0.0000
      78.5000      25.0000      22.0000       0.0000       1.0000       0.0000       0.0000       0.0000       0.0000
      78.0000      25.0000      22.0000       0.0000       1.0000       0.0000       0.0000       0.0000       0.0000
      77.5000      25.0000      22.0000       0.0000       1.0000       0.0000       0.0000       0.0000       0.0000
      77.0000      25.0000      22.0000       0.0000       1.0000       0.0000       0.0000       0.0000       0.0000
      76.5000      25.0000      22.0000       0.0000       1.0000       0.0000       0.0000       0.0000       0.0000
      76.0000      25.0000      22.0000       0.0000       1.0000       0.0000       0.0000       0.0000       0.0000
      75.5000      25.0000      22.0000       0.0000       1.0000       0.0000       0.0000       0.0000       0.0000
      75.0000      25.0000      22.0000       0.0000       1.0000       0.0000       0.0000       0.0000       0.0000
      74.5000      25.0000      22.0000       0.0000       1.0000       0.0000       0.0000       0.0000       0.0000
      74.0000      25.0000      22.0000       0.0000       1.0000       0.0000       0.0000       0.0000       0.0000
      73.5000      25.0000      22.0000       0.0000       1.0000       0.0000       0.0000       0.0000       0.0000
      73.0000      25.0000      22.0000       0.0000       1.0000       0.0000       0.0000       0.0000       0.0000
      72.5000      25.0000      22.0000       0.0000       1.0000       0.0000       0.0000       0.0000       0.0000
      72.0000      25.0000      22.0000       0.0000       1.0000       0.0000       0.0000       0.0000       0.0000
      71.5000      25.0000      22.0000       0.0000       1.0000       0.0000       0.0000       0.0000       0.0000
      71.0000      25.0000      22.0000       0.0000       1.0000       0.0000       0.0000       0.0000       0.0000
      70.5000      25.0000      22.0000       0.0000       1.0000       0.0000       0.0000       0.0000       0.0000
      70.0000      25.0000      22.0000       0.0000       1.0000       0.0000       0.0000       0.0000       0.0000
      69.5000      25.0000      22.0000       0.0000       1.0000       0.0000       0.0000       0.0000       0.0000
      69.0000      25.0000      22.0000       0.0000       1.0000       0.0000       0.0000       0.0000       0.0000
      68.5000      25.0000      22.0000       0.0000       1.0000       0.0000       0.0000       0.0000       0.0000
      68.0000      25.0000      22.0000       0.0000       1.0000       0.0000       0.0000       0.0000       0.0000
      67.5000      25.0000      22.0000       0.0000       1.0000       0.0000       0.0000       0.0000       0.0000
      67.0000      25.0000      22.0000       0.0000       1.0000       0.0000       0.0000       0.0000       0.0000
      66.5000      25.0000      22.0000       0.0000       1.0000       0.0000       0.0000       0.0000       0.0000
      66.0000      25.0000      22.0000       0.0000       1.0000       0.0000       0.0000       0.0000       0.0000
      65.5000      25.0000      22.0000       0.0000       1.0000       0.0000       0.0000       0.0000       0.0000
      65.0000      25.0000      22.0000       0.0000       1.0000       0.0000       0.0000       0.0000       0.0000
      64.5000      25.0000      22.0000       0.0000       1.0000       0.0000       0.0000       0.0000       0.0000
      64.0000      25.0000      22.0000       0.0000       1.0000       0.0000       0.0000       0.0000       0.0000
      63.5000      25.0000      22.0000       0.0000       1.0000       0.0000       0.0000       0.0000       0.0000
      63.0000      25.0000      22.0000       0.0000       1.0000       0.0000       0.0000       0.0000       0.0000
      62.5000      25.0000      22.0000       0.0000       1.0000       0.0000       0.0000       0.0000       0.0000
      62.0000      25.0000      22.0000       0.0000       1.0000       0.0000       0.0000       0.0000       0.0000
      61.5000      25.0000      22.0000       0.0000       1.0000       0.0000       0.0000       0.0000       0.0000
      61.0000      25.0000      22.0000       0.0000       1.0000       0.0000       0.0000       0.0000       0.0000
      60.5000      25.0000      22.0000       0.0000       1.0000       0.0000       0.0000       0.0000       0.0000
      60.0000      25.0000      22.0000       0.0000       1.0000       0.0000       0.0000       0.0000       0.0000
      59.5000      25.0000      22.0000       0.0000       1.0000       0.0000       0.0000       0.0000       0.0000
      59.0000      25.0000      22.0000       0.0000       1.0000       0.0000       0.0000       0.0000       0.0000
      58.5000      25.0000      22.0000       0.0000       1.0000       0.0000       0.0000       0.0000       0.0000
      58.0000      25.0000      22.0000       0.0000       1.0000       0.0000       0.0000       0.0000       0.0000
      57.5000      25.0000      22.0000       0.0000       1.0000       0.0000       0.0000       0.0000       0.0000
      57.0000      25.0000      22.0000       0.0000       1.0000       0.0000       0.0000       0.0000       0.0000
      56.5000      25.0000      22.0000       0.0000       1.0000       0.0000       0.0000       0.0000       0.0000
      56.0000      25.0000      22.0000       0.0000       1.0000       0.0000       0.0000       0.0000       0.0000
      55.5000      25.0000      22.0000       0.0000       1.0000       0.0000       0.0000       0.0000       0.0000
      55.0000      25.0000      22.0000       0.0000       1.0000       0.0000       0.0000       0.0000       0.0000
      54.5000      25.0000      22.0000       0.0000       1.0000       0.0000       0.0000       0.0000       0.0000
      54.0000      25.0000      22.0000       0.0000       1.0000       0.0000       0.0000       0.0000       0.0000
      53.5000      25.0000      22.0000       0.0000       1.0000       0.0000       0.0000       0.0000       0.0000
      53.0000      25.0000      22.0000       0.0000       1.0000       0.0000       0.0000       0.0000       0.0000
      52.5000      25.0000      22.0000       0.0000       1.0000       0.0000       0.0000       0.0000       0.0000
      52.0000      25.0000      22.0000       0.0000       1.0000       0.0000       0.0000       0.0000       0.0000
      51.5000      25.0000      22.0000       0.0000       1.0000       0.0000       0.0000       0.0000       0.0000
      51.0000      25.0000      22.0000       0.0000       1.0000       0.0000       0.0000       0.0000       0.0000
      50.5000      25.0000      22.0000       0.0000       1.0000       0.0000       0.0000       0.0000       0.0000
      50.0000      25.0000      22.0000       0.0000       1.0000       0.0000       0.0000       0.0000       0.0000
      49.5000      25.0000      22.0000       0.0000       1.0000       0.0000       0.0000       0.0000       0.0000
      49.0000      25.0000      22.0000       0.0000       1.0000       0.0000       0.0000       0.0000       0.0000
      48.5000      25.0000      22.0000       0.0000       1.0000       0.0000       0.0000       0.0000       0.0000
      48.0000      25.0000      22.0000       0.0000       1.0000       0.0000       0.0000       0.0000       0.0000
      47.5000      25.0000      22.0000       0.0000       1.0000       0.0000       0.0000       0.0000       0.0000
      47.0000      25.0000      22.0000       0.0000       1.0000       0.0000       0.0000       0.0000       0.0000
      46.5000      25.0000      22.0000       0.0000       1.0000       0.0000       0.0000       0.0000       0.0000
      46.0000      25.0000      22.0000       0.0000       1.0000       0.0000       0.0000       0.0000       0.0000
      45.5000      25.0000      22.0000       0.0000       1.0000       0.0000       0.0000       0.0000       0.0000
      45.0000      25.0000      22.0000       0.0000       1.0000       0.0000       0.0000       0.0000       0.0000
      44.5000      25.0000      22.0000       0.0000       1.0000       0.0000       0.0000       0.0000       0.0000
      44.0000      25.0000      22.0000       0.0000       1.0000       0.0000       0.0000       0.0000       0.0000
      43.5000      25.0000      22.0000       0.0000       1.0000       0.0000       0.0000       0.0000       0.0000
      43.0000      25.0000      22.0000       0.0000       1.0000       0.0000       0.0000       0.0000       0.0000
      42.5000      25.0000      22.0000       0.0000       1.0000       0.0000       0.0000       0.0000       0.0000
      42.0000      25.0000      22.0000       0.0000       1.0000       0.0000       0.0000       0.0000       0.0000
      41.5000      25.0000      22.0000       0.0000       1.0000       0.0000       0.0000       0.0000       0.0000
      41.0000      25.0000      22.0000       0.0000       1.0000       0.0000       0.0170       0.0000       1.1180
      40.5000      25.0000      22.0000       0.0010       1.0000       0.0000       0.0410       0.0000       0.2930
      40.0000      25.0010      22.0000       0.0010       1.0000      -0.0000       0.0480       0.0000       0.0350
      39.5000      25.0010      22.0000       0.0010       1.0000      -0.0000       0.0410       0.0000       0.4720
      39.0000      25.0010      22.0000       0.0000       1.0000      -0.0000       0.0190       0.0010       2.0720
      38.5000      25.0010      22.0000      -0.0000       1.0000      -0.0000       0.0180       0.0010       3.2830
      38.0000      25.0010      22.0000      -0.0010       1.0000      -0.0000       0.0710       0.0010       1.1100
      37.5000      25.0000      22.0000      -0.0020       1.0000      -0.0000       0.1390       0.0020       0.6760
      37.0000      24.9980      22.0000      -0.0040       1.0000      -0.0000       0.2220       0.0020       0.4670
      36.5000      24.9960      22.0000      -0.0060       1.0000      -0.0000       0.3220       0.0020       0.3350
      36.0000      24.9930      22.0000      -0.0080       1.0000      -0.0000       0.4380       0.0020       0.2400
      35.5000      24.9880      22.0000      -0.0100       1.0000      -0.0000       0.5690       0.0020       0.1690
      35.0000      24.9830      22.0000      -0.0120       1.0000      -0.0000       0.7070       0.0020       0.1220
      34.5000      24.9760      22.0000      -0.0150       1.0000      -0.0000       0.8490       0.0010       0.0900
      34.0000      24.9680      22.0000      -0.0170       1.0000      -0.0000       0.9960       0.0010       0.0660
      33.5000      24.9590      22.0000      -0.0200       1.0000      -0.0000       1.1490       0.0010       0.0490
      33.0000      24.9480      22.0000      -0.0230       1.0000      -0.0000       1.3060       0.0010       0.0350
      32.5000      24.9360      22.0000      -0.0260       1.0000      -0.0000       1.4680       0.0010       0.0250
      32.0000      24.9220      22.0000      -0.0290       1.0000      -0.0000       1.6360       0.0010       0.0180
      31.5000      24.9070      22.0000      -0.0320       1.0000      -0.0000       1.8080       0.0000       0.0130
      31.0000      24.8910      22.0000      -0.0350       0.9990      -0.0000       1.9860       0.0000       0.0090
      30.5000      24.8730      22.0000      -0.0380       0.9990      -0.0000       2.1680       0.0000       0.0070
      30.0000      24.8530      22.0000      -0.0410       0.9990      -0.0000       2.3550       0.0000       0.0060
      29.5000      24.8310      22.0000      -0.0440       0.9990      -0.0000       2.5480       0.0000       0.0060
      29.0000      24.8080      22.0000      -0.0480       0.9990      -0.0000       2.7450       0.0000       0.0070
      28.5000      24.7830      22.0000      -0.0510       0.9990      -0.0000       2.9470       0.0000       0.0090
      28.0000      24.7570      22.0000      -0.0550       0.9980      -0.0000       3.1540       0.0010       0.0110
      27.5000      24.6730      22.0000      -0.2040       0.8860      -0.4170      12.9390      25.2070      63.9840
      27.0000      24.5560      22.0000      -0.2110       0.8820      -0.4220      13.4800      25.5560      63.3760
      26.5000      24.4330      22.0000      -0.2190       0.8780      -0.4270      14.0020      25.9280      62.8460
      26.0000      24.3060      22.0000      -0.2260       0.8730      -0.4320      14.5250      26.3330      62.3710
      25.5000      24.1740      22.0000      -0.2330       0.8680      -0.4380      15.0380      26.7690      61.9610
      25.0000      24.0380      22.0000      -0.2400       0.8630      -0.4440      15.5400      27.2300      61.6140
      24.5000      23.8960      22.0000      -0.2460       0.8580      -0.4510      16.0280      27.7130      61.3260
      24.0000      23.7500      22.0000      -0.2530       0.8530      -0.4570      16.5010      28.2130      61.0940
      23.5000      23.6000      22.0000      -0.2590       0.8470      -0.4640      16.9880      28.7310      60.8700
      23.0000      23.4450      22.0000      -0.2650       0.8410      -0.4710      17.5050      29.2690      60.6320
      22.5000      23.2840      22.0000      -0.2720       0.8350      -0.4790      18.0480      29.8210      60.3830
      22.0000      23.1190      22.0000      -0.2790       0.8280      -0.4860      18.6120      30.3810      60.1250
      21.5000      22.9480      22.0000      -0.2860       0.8220      -0.4930      19.1940      30.9430      59.8570
      21.0000      22.7670      22.0000      -0.2940       0.8160      -0.4970      19.8270      31.3590      59.3900
      20.5000      22.5840      22.0000      -0.3010       0.8100      -0.5030      20.3960      31.8220      59.0710
      20.0000      22.3950      22.0000      -0.3080       0.8040      -0.5080      20.9870      32.3080      58.7580
      19.5000      22.2000      22.0000      -0.3160       0.7970      -0.5140      21.6040      32.8210      58.4500
      19.0000      21.9990      22.0000      -0.3230       0.7900      -0.5200      22.2480      33.3600      58.1460
      18.5000      21.7910      22.0000      -0.3310       0.7830      -0.5270      22.9160      33.9220      57.8460
      18.0000      21.5760      22.0000      -0.3390       0.7750      -0.5330      23.6190      34.5100      57.5440
      17.5000      21.3540      22.0000      -0.3470       0.7670      -0.5390      24.3290      35.1140      57.2590
      17.0000      21.1240      22.0000      -0.3550       0.7590      -0.5460      25.0560      35.7410      56.9920
      16.5000      20.8880      22.0000      -0.3610       0.7510      -0.5530      25.7070      36.4020      56.8580
      16.0000      20.6430      22.0000      -0.3690       0.7420      -0.5590      26.4600      36.9990      56.5550
      15.5000      20.3900      22.0000      -0.3780       0.7340      -0.5650      27.2370      37.5940      56.2350
      15.0000      20.1280      22.0000      -0.3860       0.7250      -0.5700      28.0370      38.1810      55.8940
      14.5000      19.8580      22.0000      -0.3950       0.7160      -0.5750      28.8640      38.7580      55.5270
      14.0000      19.5770      22.0000      -0.4040       0.7080      -0.5800      29.7180      39.3190      55.1270
      13.5000      19.2870      22.0000      -0.4130       0.6990      -0.5840      30.6000      39.8610      54.6910
      13.0000      18.9850      22.0000      -0.4230       0.6900      -0.5870      31.5130      40.3790      54.2110
      12.5000      18.6730      22.0000      -0.4330       0.6810      -0.5900      32.4600      40.8800      53.6900
      12.0000      18.3490      22.0000      -0.4440       0.6720      -0.5920      33.4390      41.3890      53.1560
      11.5000      18.0130      22.0000      -0.4550       0.6630      -0.5950      34.4500      41.9040      52.6030
      11.0000      17.6630      22.0000      -0.4660       0.6530      -0.5970      35.4980      42.4160      52.0220
      10.5000      17.2990      22.0000      -0.4780       0.6430      -0.5980      36.5860      42.9170      51.3990
      10.0000      16.9200      22.0000      -0.4900       0.6330      -0.5990      37.7180      43.4020      50.7240
       9.5000      16.5250      22.0000      -0.5030       0.6230      -0.5990      38.8910      43.8840      50.0140
       9.0000      16.1130      22.0000      -0.5160       0.6120      -0.5990      40.1100      44.3690      49.2670
       8.5000      15.6820      22.0000      -0.5300       0.6010      -0.5980      41.3900      44.8500      48.4610
       8.0000      15.2310      22.0000      -0.5450       0.5900      -0.5960      42.7280      45.3230      47.5940
       7.5000      14.7580      22.0000      -0.5610       0.5770      -0.5940      44.1480      45.7930      46.6440
       7.0000      14.2600      22.0000      -0.5780       0.5640      -0.5900      45.6630      46.2630      45.6010
       6.5000      13.7340      22.0000      -0.5960       0.5500      -0.5850      47.2660      46.7330      44.4650
       6.0000      13.1760      22.0000      -0.6150       0.5360      -0.5790      48.9520      47.2060      43.2440
       5.5000      12.5840      22.0000      -0.6360       0.5200      -0.5710      50.7340      47.6910      41.9290
       5.0000      11.9510      22.0000      -0.6570       0.5020      -0.5620      52.6240      48.2030      40.5120
       4.5000      11.2730      22.0000      -0.6800       0.4840      -0.5510      54.5950      48.7240      38.9990
       4.0000      10.5410      22.0000      -0.7040       0.4630      -0.5380      56.6770      49.2710      37.3640
       3.5000       9.7480      22.0000      -0.7300       0.4400      -0.5220      58.8960      49.8640      35.5860
       3.0000       8.8790      22.0000      -0.7580       0.4150      -0.5040      61.3000      50.5490      33.6370
       2.5000       7.9140      22.0000      -0.7870       0.3850      -0.4820      63.9230      51.3950      31.5060
       2.0000       6.8230      22.0000      -0.8180       0.3500      -0.4560      66.8290      52.4510      29.1090
       1.5000       5.5520      22.0000      -0.8580       0.3080      -0.4120      70.2150      53.1540      25.6440
       1.0000       3.9810      22.0000      -0.9010       0.2540      -0.3530      74.2560      54.2420      21.3800
       0.5000       1.7720      22.0000      -0.9490       0.1620      -0.2710      80.3270      59.2080      15.9620
           1   75.3978271       38.8240013    
           2   57.3941994       30.2880020    
           3   48.2794533       29.9050026    
           4   43.1596909       30.6229992    
           5   40.2226334       31.3630009    
           6   38.3229561       31.8770008    
           7   37.3729782       32.1399994    
           8   36.6846237       32.4239998    
           9   36.6138878       32.9249992    
          10   36.4813881       33.3380013    
          11   36.2433624       33.5880013    
          12   36.0498695       33.7169991    
          13   35.9028015       33.8699989    
          14   35.7057495       33.9819984    
          15   35.6065750       34.0629997    
          16   35.5069580       34.1209984    
          17   35.4069023       34.1650009    
          18   35.3064003       34.2050018    
          19   35.0565987       34.2379990    
          20   35.0565987       34.2709999    
          21   34.9548225       34.3009987    
          22   34.8525887       34.3320007    
          23   34.7498894       34.3580017    
          24   34.6467247       34.4609985    
          25   34.5430870       34.4720001    
          26   34.3915253       34.4580002    
          27   34.3915253       34.4360008    
          28   34.2391853       34.4129982    
          29   34.3436241       34.3839989    
          30   34.1908798       34.3460007    
          31   34.0373421       34.3040009    
          32   33.9881630       34.2550011    
          33   33.9881630       34.1959991    
          34   33.9385338       34.1349983    
          35   33.7833633       34.0740013    
          36   33.7328415       34.0120010    
          37   33.5764084       33.9440002    
          38   33.5249863       33.8709984    
          39   33.4730835       33.7919998    
          40   33.4206886       33.7099991    
          41   33.3678131       33.6259995    
          42   33.0489464       33.5410004    
          43   32.9946976       33.4529991    
          44   32.9399452       33.3629990    
          45   32.8846931       33.2719994    
          46   32.6663437       33.1800003    
          47   32.6096153       33.0839996    
          48   32.5523682       32.9850006    
          49   32.3296700       32.8820000    
          50   32.2709122       32.7739983    
          51   32.0447464       32.6580009    
          52   31.9235897       32.5309982    
          53   31.8622131       32.3919983    
          54   31.7378292       32.2410011    
          55   31.6112518       32.0769997    
          56   31.3099003       31.8999977    
          57   31.1777878       31.7119999    
          58   31.0433960       31.5139999    
          59   30.7296486       31.3080025    
          60   30.6972179       31.0930004    
          61   30.4824028       30.8659992    
          62   30.1542702       30.6289997    
          63   29.9283581       30.3819981    
          64   29.6967087       30.1240025    
          65   29.5672588       29.8530006    
          66   29.3239098       29.5669994    
          67   28.9899216       29.2660007    
          68   28.6447277       28.9489975    
          69   28.4864368       28.6149998    
          70   28.1210194       28.2639999    
          71   27.8515568       27.8950005    
          72   27.3619156       27.5079994    
          73   27.0638618       27.1040001    
          74   26.6451607       26.6830006    
          75   26.3160915       26.2439995    
          76   25.8570518       25.7880001    
          77   25.4824562       25.3150005    
          78   24.9744644       24.8269997    
          79   24.5484829       24.3239994    
          80   24.0946884       23.8069992    
          81   23.7196026       23.2759991    
          82   23.3130875       22.7329998    
          83   22.7664375       22.1770000    
          84   22.1285648       21.5720005    
          85   21.7166729       20.9890003    
          86   20.8677635       20.3929996    
          87   20.3633099       19.7859993    
          88   19.9181919       19.1700001    
          89   19.3136787       18.5450001    
          90   18.7594681       17.9120007    
          91   18.0362206       17.2740002    
          92   17.3509521       16.6299992    
          93   16.6961117       15.9829988    
          94   16.2384968       15.3330011    
          95   15.3122520       14.6820002    
          96   14.8142157       14.0319996    
          97   14.1291323       13.3870001    
          98   13.3524075       12.7480001    
          99   12.5767984       12.1180000    
         100   12.1036253       11.4989996    
         101   11.5492363       10.8929996    
         102   10.9014158       10.3020000    
         103   10.0328760       9.72900009    
         104   9.81475830       9.17500019    
         105   8.70147705       8.64400005    
         106   8.06642818       8.13599968    
         107   8.15617657       7.65100002    
         108   7.35636711       7.18800020    
         109   6.38914633       6.74399996    
         110   6.18405628       6.31799984    
         111   5.91662169       5.90799999    
         112   5.57791042       5.51100016    
         113   5.15388870       5.12699986    
         114   4.50241232       4.75099993    
         115   3.80817175       4.38399982    
         116   4.50097656       4.02299976    
         117   3.52792120       3.66599989    
         118   4.15397644       3.31299996    
         119   2.91275525       2.96499991    
         120   3.51379633       2.62199998    
         121   1.61858296       2.28500009    
         122   2.35276723       1.95299995    
         123   2.82466125       1.62600005    
         124   3.10702682       1.30499995    
         125   0.00000000      0.990000010    
         126   0.00000000      0.680999994    
         127   0.00000000      0.377000004    
         128   0.00000000       7.99999982E-02
         129   0.00000000       0.00000000    
         130   0.00000000       0.00000000    
         131   0.00000000       0.00000000    
         132   0.00000000       0.00000000    
         133   0.00000000       0.00000000    
         134   0.00000000       0.00000000    
         135   0.00000000       0.00000000    
         136   0.00000000       0.00000000    
         137   0.00000000       0.00000000    
         138   0.00000000       0.00000000    
         139   0.00000000       0.00000000    
         140   0.00000000       0.00000000    
         141   0.00000000       0.00000000    
         142   0.00000000       0.00000000    
         143   0.00000000       0.00000000    
         144   0.00000000       0.00000000    
         145   0.00000000       0.00000000    
         146   0.00000000       0.00000000    
         147   0.00000000       0.00000000    
         148   0.00000000       0.00000000    
         149   0.00000000       0.00000000    
         150   0.00000000       0.00000000    
         151   0.00000000       0.00000000    
         152   0.00000000       0.00000000    
         153   0.00000000       0.00000000    
         154   0.00000000       0.00000000    
         155   0.00000000       0.00000000    
         156   0.00000000       0.00000000    
         157   0.00000000       0.00000000    
         158   0.00000000       0.00000000    
         159   0.00000000       0.00000000    
         160   0.00000000       0.00000000    
         161   0.00000000       0.00000000    
         162   0.00000000       0.00000000    
         163   0.00000000       0.00000000    
         164   0.00000000       0.00000000    
         165   0.00000000       0.00000000    
         166   0.00000000       0.00000000    
         167   0.00000000       0.00000000    
         168   0.00000000       0.00000000    
         169   0.00000000       0.00000000    
         170   0.00000000       0.00000000    
         171   0.00000000       0.00000000    
         172   0.00000000       0.00000000    
         173   0.00000000       0.00000000    
         174   0.00000000       0.00000000    
         175   0.00000000       0.00000000    
         176   0.00000000       0.00000000    
         177   0.00000000       0.00000000    
         178   0.00000000       0.00000000    
         179   0.00000000       0.00000000    
         180   0.00000000       0.00000000    
         181   0.00000000       0.00000000    
         182   0.00000000       0.00000000    
         183   0.00000000       0.00000000    
         184   0.00000000       0.00000000    
         185   0.00000000       0.00000000    
         186   0.00000000       0.00000000    
         187   0.00000000       0.00000000    
         188   0.00000000       0.00000000    
         189   0.00000000       0.00000000    
         190   0.00000000       0.00000000    
         191   0.00000000       0.00000000    
         192   0.00000000       0.00000000    
         193   0.00000000       0.00000000    
         194   0.00000000       0.00000000    
         195   0.00000000       0.00000000    
         196   0.00000000       0.00000000    
         197   0.00000000       0.00000000    
         198   0.00000000       0.00000000    
         199   0.00000000       0.00000000    
         200   0.00000000       0.00000000    
         201   0.00000000       0.00000000    
         202   0.00000000       0.00000000    
         203   0.00000000       0.00000000    
         204   0.00000000       0.00000000    
         205   0.00000000       0.00000000    
         206   0.00000000       0.00000000    
         207   0.00000000       0.00000000    
         208   0.00000000       0.00000000    
         209   0.00000000       0.00000000    
         210   0.00000000       0.00000000    
         211   0.00000000       0.00000000    
         212   0.00000000       0.00000000    
         213   0.00000000       0.00000000    
         214   0.00000000       0.00000000    
         215   0.00000000       0.00000000    
         216   0.00000000       0.00000000    
         217   0.00000000       0.00000000    
         218   0.00000000       0.00000000    
         219   0.00000000       0.00000000    
         220   0.00000000       0.00000000    
         221   0.00000000       0.00000000    
         222   0.00000000       0.00000000    
         223   0.00000000       0.00000000    
         224   0.00000000       0.00000000    
         225   0.00000000       0.00000000    
         226   0.00000000       0.00000000    
         227   0.00000000       0.00000000    
         228   0.00000000       0.00000000    
         229   0.00000000       0.00000000    
         230   0.00000000       0.00000000    
         231   0.00000000       0.00000000    
         232   0.00000000       0.00000000    
         233   0.00000000       0.00000000    
         234   0.00000000       0.00000000    
         235   0.00000000       0.00000000    
         236   0.00000000       0.00000000    
         237   0.00000000       0.00000000    
         238   0.00000000       0.00000000    
         239   0.00000000       0.00000000    
         240   0.00000000       0.00000000    
         241   0.00000000       0.00000000    
         242   0.00000000       0.00000000    
         243   0.00000000       0.00000000    
         244   0.00000000       0.00000000    
         245   0.00000000       0.00000000    
         246   0.00000000       0.00000000    
         247   0.00000000       0.00000000    
         248   0.00000000       0.00000000    
         249   0.00000000       0.00000000    
         250   0.00000000       0.00000000    
         251   0.00000000       0.00000000    
         252   0.00000000       0.00000000    
         253   0.00000000       0.00000000    
         254   0.00000000       0.00000000    
         255   0.00000000       0.00000000    
         256   0.00000000       0.00000000    
         257   0.00000000       0.00000000    
         258   0.00000000       0.00000000    
         259   0.00000000       0.00000000    
         260   0.00000000       0.00000000    
         261   0.00000000       0.00000000    
         262   0.00000000       0.00000000    
         263   0.00000000       0.00000000    
         264   0.00000000       0.00000000    
         265   0.00000000       0.00000000    
         266   0.00000000       0.00000000    
         267   0.00000000       0.00000000    
         268   0.00000000       0.00000000    
         269   0.00000000       0.00000000    
         270   0.00000000       0.00000000    
         271   0.00000000       0.00000000    
         272   0.00000000       0.00000000    
         273   0.00000000       0.00000000    
         274   0.00000000       0.00000000    
         275   0.00000000       0.00000000    
         276   0.00000000       0.00000000    
         277   0.00000000       0.00000000    
         278   0.00000000       0.00000000    
         279   0.00000000       0.00000000    
         280   0.00000000       0.00000000    
         281   0.00000000       0.00000000    
         282   0.00000000       0.00000000    
         283   0.00000000       0.00000000    
         284   0.00000000       0.00000000    
         285   0.00000000       0.00000000    
         286   0.00000000       0.00000000    
         287   0.00000000       0.00000000    
         288   0.00000000       0.00000000    
         289   0.00000000       0.00000000    
         290   0.00000000       0.00000000    
         291   0.00000000       0.00000000    
         292   0.00000000       0.00000000    
         293   0.00000000       0.00000000    
         294   0.00000000       0.00000000    
         295   0.00000000       0.00000000    
         296   0.00000000       0.00000000    
         297   0.00000000       0.00000000    
         298   0.00000000       0.00000000    
         299   0.00000000       0.00000000    
         300   0.00000000       0.00000000    
         301   0.00000000       0.00000000    
         302   0.00000000       0.00000000    
         303   0.00000000       0.00000000    
         304   0.00000000       0.00000000    
         305   0.00000000       0.00000000    
         306   0.00000000       0.00000000    
         307   0.00000000       0.00000000    
         308   0.00000000       0.00000000    
         309   0.00000000       0.00000000    
         310   0.00000000       0.00000000    
         311   0.00000000       0.00000000    
         312   0.00000000       0.00000000    
         313   0.00000000       0.00000000    
         314   0.00000000       0.00000000    
         315   0.00000000       0.00000000    
         316   0.00000000       0.00000000    
         317   0.00000000       0.00000000    
         318   0.00000000       0.00000000    
         319   0.00000000       0.00000000    
         320   0.00000000       0.00000000    
         321   0.00000000       0.00000000    
         322   0.00000000       0.00000000    
         323   0.00000000       0.00000000    
         324   0.00000000       0.00000000    
         325   0.00000000       0.00000000    
         326   0.00000000       0.00000000    
         327   0.00000000       0.00000000    
         328   0.00000000       0.00000000    
         329   0.00000000       0.00000000    
         330   0.00000000       0.00000000    
         331   0.00000000       0.00000000    
         332   0.00000000       0.00000000    
         333   0.00000000       0.00000000    
         334   0.00000000       0.00000000    
         335   0.00000000       0.00000000    
         336   0.00000000       0.00000000    
         337   0.00000000       0.00000000    
         338   0.00000000       0.00000000    
         339   0.00000000       0.00000000    
         340   0.00000000       0.00000000    
         341   0.00000000       0.00000000    
         342   0.00000000       0.00000000    
         343   0.00000000       0.00000000    
         344   0.00000000       0.00000000    
         345   0.00000000       0.00000000    
         346   0.00000000       0.00000000    
         347   0.00000000       0.00000000    
         348   0.00000000       0.00000000    
         349   0.00000000       0.00000000    
         350   0.00000000       0.00000000    
         351   0.00000000       0.00000000    
         352   0.00000000       0.00000000    
         353   0.00000000       0.00000000    
         354   0.00000000       0.00000000    
         355   0.00000000       0.00000000    
         356   0.00000000       0.00000000    
         357   0.00000000       0.00000000    
         358   0.00000000       0.00000000    
         359   0.00000000       0.00000000    
         360   0.00000000       0.00000000    
         361   0.00000000       0.00000000    
         362   0.00000000       0.00000000    
         363   0.00000000       0.00000000    
         364   0.00000000       0.00000000    
         365   0.00000000       0.00000000    
         366   0.00000000       0.00000000    
         367   0.00000000       0.00000000    
         368   0.00000000       0.00000000    
         369   0.00000000       0.00000000    
         370   0.00000000       0.00000000    
         371   0.00000000       0.00000000    
         372   0.00000000       0.00000000    
         373   0.00000000       0.00000000    
         374   0.00000000       0.00000000    
         375   0.00000000       0.00000000    
         376   0.00000000       0.00000000    
         377   0.00000000       0.00000000    
         378   0.00000000       0.00000000    
         379   0.00000000       0.00000000    
         380   0.00000000       0.00000000    
         381   0.00000000       0.00000000    
         382   0.00000000       0.00000000    
         383   0.00000000       0.00000000    
         384   0.00000000       0.00000000    
         385   0.00000000       0.00000000    
         386   0.00000000       0.00000000    
         387   0.00000000       0.00000000    
         388   0.00000000       0.00000000    
         389   0.00000000       0.00000000    
         390   0.00000000       0.00000000    
         391   0.00000000       0.00000000    
         392   0.00000000       0.00000000    
         393   0.00000000       0.00000000    
         394   0.00000000       0.00000000    
         395   0.00000000       0.00000000    
         396   0.00000000       0.00000000    
         397   0.00000000       0.00000000    
         398   0.00000000       0.00000000    
         399   0.00000000       0.00000000    
         400   0.00000000       0.00000000    
         401   0.00000000       0.00000000    
         402   0.00000000       0.00000000    
         403   0.00000000       0.00000000    
         404   0.00000000       0.00000000    
         405   0.00000000       0.00000000    
         406   0.00000000       0.00000000    
         407   0.00000000       0.00000000    
         408   0.00000000       0.00000000    
         409   0.00000000       0.00000000    
         410   0.00000000       0.00000000    
         411   0.00000000       0.00000000    
         412   0.00000000       0.00000000    
         413   0.00000000       0.00000000    
         414   0.00000000       0.00000000    
         415   0.00000000       0.00000000    
         416   0.00000000       0.00000000    
         417   0.00000000       0.00000000    
         418   0.00000000       0.00000000    
         419   0.00000000       0.00000000    
         420   0.00000000       1.00000005E-03
         421   0.00000000       1.00000005E-03
         422   0.00000000       1.00000005E-03
         423   0.00000000       2.00000009E-03
         424   0.00000000       2.00000009E-03
         425   0.00000000       2.00000009E-03
         426   0.00000000       2.00000009E-03
         427   0.00000000       2.00000009E-03
         428   0.00000000       2.00000009E-03
         429   0.00000000       1.00000005E-03
         430   0.00000000       1.00000005E-03
         431   0.00000000       1.00000005E-03
         432   0.00000000       1.00000005E-03
         433   0.00000000       1.00000005E-03
         434   0.00000000       1.00000005E-03
         435   0.00000000       0.00000000    
         436   3.62336540       0.00000000    
         437   3.62336540       0.00000000    
         438   3.62336540       0.00000000    
         439   3.62336540       0.00000000    
         440   3.62336540       0.00000000    
         441   3.62336540       0.00000000    
         442   5.12380552       1.00000005E-03
         443   16.4868374       25.2070007    
         444   17.0580559       25.5559998    
         445   17.5957603       25.9279995    
         446   18.4223042       26.3330002    
         447   19.0440636       26.7689991    
         448   19.6260281       27.2299995    
         449   20.0213776       27.7129993    
         450   20.5350151       28.2129993    
         451   21.1395226       28.7310028    
         452   21.7016335       29.2689991    
         453   22.0790768       29.8209972    
         454   22.8122921       30.3810024    
         455   23.2584381       30.9429989    
         456   24.0956764       31.3589993    
         457   24.6174889       31.8220005    
         458   25.2466545       32.3079987    
         459   25.9200325       32.8209991    
         460   26.5557175       33.3600006    
         461   27.0237827       33.9220009    
         462   27.7836590       34.5099983    
         463   28.5008564       35.1139984    
         464   29.0499172       35.7410011    
         465   29.5634422       36.4020004    
         466   30.3397884       36.9990005    
         467   30.9093571       37.5940018    
         468   31.7311802       38.1809998    
         469   32.5117722       38.7579994    
         470   33.1057396       39.3190002    
         471   33.9364777       39.8610001    
         472   34.8481827       40.3790016    
         473   35.7218437       40.8800011    
         474   36.6738853       41.3889999    
         475   37.4773407       41.9039993    
         476   38.4806786       42.4160004    
         477   39.5514565       42.9169998    
         478   40.5807419       43.4020004    
         479   41.6748581       43.8839989    
         480   42.8324471       44.3689995    
         481   44.0440903       44.8499985    
         482   45.3063431       45.3230019    
         483   46.7041969       45.7929993    
         484   48.2258530       46.2630005    
         485   49.8549423       46.7330017    
         486   51.4983597       47.2060013    
         487   53.3845749       47.6910019    
         488   55.3997040       48.2029991    
         489   57.4621277       48.7239990    
         490   59.7474136       49.2709999    
         491   62.2196007       49.8639984    
         492   64.7707596       50.5489998    
         493   67.6323090       51.3950005    
         494   70.7047577       52.4510002    
         495   74.6563339       53.1539993    
         496   79.0982742       54.2420006    
         497   84.2789688       59.2080002    
