   Vs(kts)	  Hi(m)		 sigf(kPa)	 R_br(kN)	R_cl(kN)	R_bu(kN)	  R_i(kN)
 2.000000	1.000000	500.000000	67.147141	-2466.615723	1535.522949	-863.945496
 2.000000	1.100000	500.000000	75.642929	-2713.277588	1689.093262	-948.541260
 2.000000	1.200000	500.000000	84.334259	-2959.938721	1842.637817	-1032.966675
 2.000000	1.300000	500.000000	93.208733	-3206.600586	1996.195923	-1117.195923
 2.000000	1.400000	500.000000	102.255692	-3453.261719	2149.750000	-1201.255981
 2.000000	1.500000	500.000000	111.465790	-3699.923584	2303.290527	-1285.167236
 2.000000	1.600000	500.000000	120.830750	-3946.584961	2456.853516	-1368.900757
 2.000000	1.700000	500.000000	130.343277	-4193.246582	2610.394043	-1452.509521
 2.000000	1.800000	500.000000	139.996796	-4439.908691	2763.961670	-1535.949707
 2.000000	1.900000	500.000000	149.785400	-4686.569824	2917.539551	-1619.244995
 2.000000	2.000000	500.000000	159.703705	-4933.231445	3071.045898	-1702.482056
 2.000000	2.100000	500.000000	169.746780	-5179.892578	3224.620605	-1785.525024
 2.000000	2.200000	500.000000	179.910233	-5426.555176	3378.186523	-1868.458496
 2.000000	2.300000	500.000000	190.189850	-5673.216309	3531.718994	-1951.307495
 2.000000	2.400000	500.000000	200.581833	-5919.877441	3685.275635	-2034.019775
 2.000000	2.500000	500.000000	211.082626	-6166.539551	3838.840088	-2116.616943
 2.000000	2.600000	500.000000	221.689011	-6413.201172	3992.391846	-2199.120361
 2.000000	2.700000	500.000000	232.397903	-6659.862305	4145.923340	-2281.541260
 2.000000	2.800000	500.000000	243.206451	-6906.523926	4299.500000	-2363.817383
 2.000000	2.900000	500.000000	254.111908	-7153.186035	4453.058594	-2446.015381
 2.000000	3.000000	500.000000	265.111816	-7399.847168	4606.581055	-2528.154053
 2.000000	1.000000	550.000000	73.861847	-2466.615723	1535.522949	-857.231018
 2.000000	1.100000	550.000000	83.207230	-2713.277588	1689.093262	-940.976990
 2.000000	1.200000	550.000000	92.767685	-2959.938721	1842.637817	-1024.533081
 2.000000	1.300000	550.000000	102.529617	-3206.600586	1996.195923	-1107.875122
 2.000000	1.400000	550.000000	112.481262	-3453.261719	2149.750000	-1191.030518
 2.000000	1.500000	550.000000	122.612358	-3699.923584	2303.290527	-1274.020752
 2.000000	1.600000	550.000000	132.913834	-3946.584961	2456.853516	-1356.817749
 2.000000	1.700000	550.000000	143.377609	-4193.246582	2610.394043	-1439.475220
 2.000000	1.800000	550.000000	153.996506	-4439.908691	2763.961670	-1521.950195
 2.000000	1.900000	550.000000	164.763962	-4686.569824	2917.539551	-1604.266479
 2.000000	2.000000	550.000000	175.674072	-4933.231445	3071.045898	-1686.511475
 2.000000	2.100000	550.000000	186.721481	-5179.892578	3224.620605	-1768.550537
 2.000000	2.200000	550.000000	197.901245	-5426.555176	3378.186523	-1850.467529
 2.000000	2.300000	550.000000	209.208832	-5673.216309	3531.718994	-1932.288452
 2.000000	2.400000	550.000000	220.639984	-5919.877441	3685.275635	-2013.961792
 2.000000	2.500000	550.000000	232.190872	-6166.539551	3838.840088	-2095.508545
 2.000000	2.600000	550.000000	243.857910	-6413.201172	3992.391846	-2176.951172
 2.000000	2.700000	550.000000	255.637711	-6659.862305	4145.923340	-2258.301758
 2.000000	2.800000	550.000000	267.527069	-6906.523926	4299.500000	-2339.497070
 2.000000	2.900000	550.000000	279.523102	-7153.186035	4453.058594	-2420.604492
 2.000000	3.000000	550.000000	291.622955	-7399.847168	4606.581055	-2501.643066
 2.000000	1.000000	600.000000	80.576561	-2466.615723	1535.522949	-850.516235
 2.000000	1.100000	600.000000	90.771523	-2713.277588	1689.093262	-933.412720
 2.000000	1.200000	600.000000	101.201111	-2959.938721	1842.637817	-1016.099854
 2.000000	1.300000	600.000000	111.850494	-3206.600586	1996.195923	-1098.554077
 2.000000	1.400000	600.000000	122.706848	-3453.261719	2149.750000	-1180.805054
 2.000000	1.500000	600.000000	133.758957	-3699.923584	2303.290527	-1262.874023
 2.000000	1.600000	600.000000	144.996902	-3946.584961	2456.853516	-1344.734497
 2.000000	1.700000	600.000000	156.411957	-4193.246582	2610.394043	-1426.440796
 2.000000	1.800000	600.000000	167.996155	-4439.908691	2763.961670	-1507.950806
 2.000000	1.900000	600.000000	179.742493	-4686.569824	2917.539551	-1589.287964
 2.000000	2.000000	600.000000	191.644455	-4933.231445	3071.045898	-1670.541016
 2.000000	2.100000	600.000000	203.696152	-5179.892578	3224.620605	-1751.576050
 2.000000	2.200000	600.000000	215.892288	-5426.555176	3378.186523	-1832.475952
 2.000000	2.300000	600.000000	228.227829	-5673.216309	3531.718994	-1913.269531
 2.000000	2.400000	600.000000	240.698166	-5919.877441	3685.275635	-1993.903809
 2.000000	2.500000	600.000000	253.299133	-6166.539551	3838.840088	-2074.400391
 2.000000	2.600000	600.000000	266.026825	-6413.201172	3992.391846	-2154.782227
 2.000000	2.700000	600.000000	278.877472	-6659.862305	4145.923340	-2235.061768
 2.000000	2.800000	600.000000	291.847748	-6906.523926	4299.500000	-2315.176025
 2.000000	2.900000	600.000000	304.934296	-7153.186035	4453.058594	-2395.193115
 2.000000	3.000000	600.000000	318.134186	-7399.847168	4606.581055	-2475.132080
 2.000000	1.000000	650.000000	87.291275	-2466.615723	1535.522949	-843.801514
 2.000000	1.100000	650.000000	98.335815	-2713.277588	1689.093262	-925.848511
 2.000000	1.200000	650.000000	109.634537	-2959.938721	1842.637817	-1007.666382
 2.000000	1.300000	650.000000	121.171364	-3206.600586	1996.195923	-1089.233398
 2.000000	1.400000	650.000000	132.932404	-3453.261719	2149.750000	-1170.579224
 2.000000	1.500000	650.000000	144.905518	-3699.923584	2303.290527	-1251.727539
 2.000000	1.600000	650.000000	157.079987	-3946.584961	2456.853516	-1332.651489
 2.000000	1.700000	650.000000	169.446274	-4193.246582	2610.394043	-1413.406494
 2.000000	1.800000	650.000000	181.995850	-4439.908691	2763.961670	-1493.950806
 2.000000	1.900000	650.000000	194.721039	-4686.569824	2917.539551	-1574.309448
 2.000000	2.000000	650.000000	207.614807	-4933.231445	3071.045898	-1654.570557
 2.000000	2.100000	650.000000	220.670837	-5179.892578	3224.620605	-1734.600952
 2.000000	2.200000	650.000000	233.883301	-5426.555176	3378.186523	-1814.484985
 2.000000	2.300000	650.000000	247.246796	-5673.216309	3531.718994	-1894.250488
 2.000000	2.400000	650.000000	260.756348	-5919.877441	3685.275635	-1973.845215
 2.000000	2.500000	650.000000	274.407410	-6166.539551	3838.840088	-2053.291992
 2.000000	2.600000	650.000000	288.195709	-6413.201172	3992.391846	-2132.613770
 2.000000	2.700000	650.000000	302.117279	-6659.862305	4145.923340	-2211.821777
 2.000000	2.800000	650.000000	316.168365	-6906.523926	4299.500000	-2290.855469
 2.000000	2.900000	650.000000	330.345459	-7153.186035	4453.058594	-2369.781982
 2.000000	3.000000	650.000000	344.645355	-7399.847168	4606.581055	-2448.620605
 2.000000	1.000000	700.000000	94.005989	-2466.615723	1535.522949	-837.086731
 2.000000	1.100000	700.000000	105.900108	-2713.277588	1689.093262	-918.284241
 2.000000	1.200000	700.000000	118.067978	-2959.938721	1842.637817	-999.232849
 2.000000	1.300000	700.000000	130.492249	-3206.600586	1996.195923	-1079.912354
 2.000000	1.400000	700.000000	143.157974	-3453.261719	2149.750000	-1160.353760
 2.000000	1.500000	700.000000	156.052094	-3699.923584	2303.290527	-1240.581055
 2.000000	1.600000	700.000000	169.163055	-3946.584961	2456.853516	-1320.568481
 2.000000	1.700000	700.000000	182.480591	-4193.246582	2610.394043	-1400.372192
 2.000000	1.800000	700.000000	195.995544	-4439.908691	2763.961670	-1479.951294
 2.000000	1.900000	700.000000	209.699585	-4686.569824	2917.539551	-1559.331055
 2.000000	2.000000	700.000000	223.585190	-4933.231445	3071.045898	-1638.600464
 2.000000	2.100000	700.000000	237.645538	-5179.892578	3224.620605	-1717.626465
 2.000000	2.200000	700.000000	251.874329	-5426.555176	3378.186523	-1796.494019
 2.000000	2.300000	700.000000	266.265778	-5673.216309	3531.718994	-1875.231445
 2.000000	2.400000	700.000000	280.814545	-5919.877441	3685.275635	-1953.787231
 2.000000	2.500000	700.000000	295.515686	-6166.539551	3838.840088	-2032.183960
 2.000000	2.600000	700.000000	310.364594	-6413.201172	3992.391846	-2110.444824
 2.000000	2.700000	700.000000	325.357056	-6659.862305	4145.923340	-2188.582275
 2.000000	2.800000	700.000000	340.489014	-6906.523926	4299.500000	-2266.534912
 2.000000	2.900000	700.000000	355.756653	-7153.186035	4453.058594	-2344.371094
 2.000000	3.000000	700.000000	371.156525	-7399.847168	4606.581055	-2422.109619
 2.000000	1.000000	750.000000	100.720703	-2466.615723	1535.522949	-830.372009
 2.000000	1.100000	750.000000	113.464401	-2713.277588	1689.093262	-910.719727
 2.000000	1.200000	750.000000	126.501396	-2959.938721	1842.637817	-990.799377
 2.000000	1.300000	750.000000	139.813110	-3206.600586	1996.195923	-1070.591675
 2.000000	1.400000	750.000000	153.383560	-3453.261719	2149.750000	-1150.128296
 2.000000	1.500000	750.000000	167.198685	-3699.923584	2303.290527	-1229.434204
 2.000000	1.600000	750.000000	181.246124	-3946.584961	2456.853516	-1308.485474
 2.000000	1.700000	750.000000	195.514938	-4193.246582	2610.394043	-1387.337769
 2.000000	1.800000	750.000000	209.995224	-4439.908691	2763.961670	-1465.951782
 2.000000	1.900000	750.000000	224.678146	-4686.569824	2917.539551	-1544.352539
 2.000000	2.000000	750.000000	239.555542	-4933.231445	3071.045898	-1622.630005
 2.000000	2.100000	750.000000	254.620193	-5179.892578	3224.620605	-1700.651978
 2.000000	2.200000	750.000000	269.865356	-5426.555176	3378.186523	-1778.503052
 2.000000	2.300000	750.000000	285.284790	-5673.216309	3531.718994	-1856.212524
 2.000000	2.400000	750.000000	300.872742	-5919.877441	3685.275635	-1933.729248
 2.000000	2.500000	750.000000	316.623901	-6166.539551	3838.840088	-2011.075439
 2.000000	2.600000	750.000000	332.533478	-6413.201172	3992.391846	-2088.275635
 2.000000	2.700000	750.000000	348.596832	-6659.862305	4145.923340	-2165.342285
 2.000000	2.800000	750.000000	364.809662	-6906.523926	4299.500000	-2242.214600
 2.000000	2.900000	750.000000	381.167847	-7153.186035	4453.058594	-2318.959473
 2.000000	3.000000	750.000000	397.667725	-7399.847168	4606.581055	-2395.598389
 2.000000	1.000000	800.000000	107.435425	-2466.615723	1535.522949	-823.657227
 2.000000	1.100000	800.000000	121.028687	-2713.277588	1689.093262	-903.155518
 2.000000	1.200000	800.000000	134.934830	-2959.938721	1842.637817	-982.366150
 2.000000	1.300000	800.000000	149.133987	-3206.600586	1996.195923	-1061.270630
 2.000000	1.400000	800.000000	163.609116	-3453.261719	2149.750000	-1139.902710
 2.000000	1.500000	800.000000	178.345230	-3699.923584	2303.290527	-1218.287720
 2.000000	1.600000	800.000000	193.329208	-3946.584961	2456.853516	-1296.402222
 2.000000	1.700000	800.000000	208.549271	-4193.246582	2610.394043	-1374.303467
 2.000000	1.800000	800.000000	223.994873	-4439.908691	2763.961670	-1451.951782
 2.000000	1.900000	800.000000	239.656662	-4686.569824	2917.539551	-1529.374023
 2.000000	2.000000	800.000000	255.525925	-4933.231445	3071.045898	-1606.659546
 2.000000	2.100000	800.000000	271.594879	-5179.892578	3224.620605	-1683.677002
 2.000000	2.200000	800.000000	287.856384	-5426.555176	3378.186523	-1760.511963
 2.000000	2.300000	800.000000	304.303741	-5673.216309	3531.718994	-1837.193970
 2.000000	2.400000	800.000000	320.930939	-5919.877441	3685.275635	-1913.670776
 2.000000	2.500000	800.000000	337.732208	-6166.539551	3838.840088	-1989.967529
 2.000000	2.600000	800.000000	354.702393	-6413.201172	3992.391846	-2066.106689
 2.000000	2.700000	800.000000	371.836639	-6659.862305	4145.923340	-2142.102783
 2.000000	2.800000	800.000000	389.130310	-6906.523926	4299.500000	-2217.893555
 2.000000	2.900000	800.000000	406.579071	-7153.186035	4453.058594	-2293.548584
 2.000000	3.000000	800.000000	424.178894	-7399.847168	4606.581055	-2369.086914
 3.000000	1.000000	500.000000	67.147141	-3699.923584	1535.522949	-2097.253174
 3.000000	1.100000	500.000000	75.642929	-4069.916016	1689.093262	-2305.179688
 3.000000	1.200000	500.000000	84.334259	-4439.908691	1842.637817	-2512.936035
 3.000000	1.300000	500.000000	93.208733	-4809.900391	1996.195923	-2720.496094
 3.000000	1.400000	500.000000	102.255692	-5179.892578	2149.750000	-2927.886963
 3.000000	1.500000	500.000000	111.465790	-5549.885742	2303.290527	-3135.128906
 3.000000	1.600000	500.000000	120.830750	-5919.877441	2456.853516	-3342.193604
 3.000000	1.700000	500.000000	130.343277	-6289.870605	2610.394043	-3549.133057
 3.000000	1.800000	500.000000	139.996796	-6659.862305	2763.961670	-3755.903809
 3.000000	1.900000	500.000000	149.785400	-7029.855957	2917.539551	-3962.531006
 3.000000	2.000000	500.000000	159.703705	-7399.847168	3071.045898	-4169.097656
 3.000000	2.100000	500.000000	169.746780	-7769.839355	3224.620605	-4375.472168
 3.000000	2.200000	500.000000	179.910233	-8139.832031	3378.186523	-4581.735352
 3.000000	2.300000	500.000000	190.189850	-8509.825195	3531.718994	-4787.916016
 3.000000	2.400000	500.000000	200.581833	-8879.817383	3685.275635	-4993.958984
 3.000000	2.500000	500.000000	211.082626	-9249.808594	3838.840088	-5199.886230
 3.000000	2.600000	500.000000	221.689011	-9619.800781	3992.391846	-5405.720215
 3.000000	2.700000	500.000000	232.397903	-9989.793945	4145.923340	-5611.473145
 3.000000	2.800000	500.000000	243.206451	-10359.786133	4299.500000	-5817.080078
 3.000000	2.900000	500.000000	254.111908	-10729.779297	4453.058594	-6022.608398
 3.000000	3.000000	500.000000	265.111816	-11099.771484	4606.581055	-6228.078125
 3.000000	1.000000	550.000000	73.861847	-3699.923584	1535.522949	-2090.538818
 3.000000	1.100000	550.000000	83.207230	-4069.916016	1689.093262	-2297.615479
 3.000000	1.200000	550.000000	92.767685	-4439.908691	1842.637817	-2504.502930
 3.000000	1.300000	550.000000	102.529617	-4809.900391	1996.195923	-2711.175049
 3.000000	1.400000	550.000000	112.481262	-5179.892578	2149.750000	-2917.660889
 3.000000	1.500000	550.000000	122.612358	-5549.885742	2303.290527	-3123.982422
 3.000000	1.600000	550.000000	132.913834	-5919.877441	2456.853516	-3330.110107
 3.000000	1.700000	550.000000	143.377609	-6289.870605	2610.394043	-3536.099121
 3.000000	1.800000	550.000000	153.996506	-6659.862305	2763.961670	-3741.904297
 3.000000	1.900000	550.000000	164.763962	-7029.855957	2917.539551	-3947.552490
 3.000000	2.000000	550.000000	175.674072	-7399.847168	3071.045898	-4153.126953
 3.000000	2.100000	550.000000	186.721481	-7769.839355	3224.620605	-4358.497559
 3.000000	2.200000	550.000000	197.901245	-8139.832031	3378.186523	-4563.744629
 3.000000	2.300000	550.000000	209.208832	-8509.825195	3531.718994	-4768.896973
 3.000000	2.400000	550.000000	220.639984	-8879.817383	3685.275635	-4973.900879
 3.000000	2.500000	550.000000	232.190872	-9249.808594	3838.840088	-5178.777832
 3.000000	2.600000	550.000000	243.857910	-9619.800781	3992.391846	-5383.550781
 3.000000	2.700000	550.000000	255.637711	-9989.793945	4145.923340	-5588.232910
 3.000000	2.800000	550.000000	267.527069	-10359.786133	4299.500000	-5792.758789
 3.000000	2.900000	550.000000	279.523102	-10729.779297	4453.058594	-5997.197266
 3.000000	3.000000	550.000000	291.622955	-11099.771484	4606.581055	-6201.566895
 3.000000	1.000000	600.000000	80.576561	-3699.923584	1535.522949	-2083.823975
 3.000000	1.100000	600.000000	90.771523	-4069.916016	1689.093262	-2290.051270
 3.000000	1.200000	600.000000	101.201111	-4439.908691	1842.637817	-2496.069580
 3.000000	1.300000	600.000000	111.850494	-4809.900391	1996.195923	-2701.854004
 3.000000	1.400000	600.000000	122.706848	-5179.892578	2149.750000	-2907.435547
 3.000000	1.500000	600.000000	133.758957	-5549.885742	2303.290527	-3112.835938
 3.000000	1.600000	600.000000	144.996902	-5919.877441	2456.853516	-3318.027100
 3.000000	1.700000	600.000000	156.411957	-6289.870605	2610.394043	-3523.064453
 3.000000	1.800000	600.000000	167.996155	-6659.862305	2763.961670	-3727.904785
 3.000000	1.900000	600.000000	179.742493	-7029.855957	2917.539551	-3932.573975
 3.000000	2.000000	600.000000	191.644455	-7399.847168	3071.045898	-4137.156738
 3.000000	2.100000	600.000000	203.696152	-7769.839355	3224.620605	-4341.522949
 3.000000	2.200000	600.000000	215.892288	-8139.832031	3378.186523	-4545.752930
 3.000000	2.300000	600.000000	228.227829	-8509.825195	3531.718994	-4749.877930
 3.000000	2.400000	600.000000	240.698166	-8879.817383	3685.275635	-4953.842773
 3.000000	2.500000	600.000000	253.299133	-9249.808594	3838.840088	-5157.669922
 3.000000	2.600000	600.000000	266.026825	-9619.800781	3992.391846	-5361.381836
 3.000000	2.700000	600.000000	278.877472	-9989.793945	4145.923340	-5564.994141
 3.000000	2.800000	600.000000	291.847748	-10359.786133	4299.500000	-5768.437988
 3.000000	2.900000	600.000000	304.934296	-10729.779297	4453.058594	-5971.786621
 3.000000	3.000000	600.000000	318.134186	-11099.771484	4606.581055	-6175.056152
 3.000000	1.000000	650.000000	87.291275	-3699.923584	1535.522949	-2077.109131
 3.000000	1.100000	650.000000	98.335815	-4069.916016	1689.093262	-2282.487061
 3.000000	1.200000	650.000000	109.634537	-4439.908691	1842.637817	-2487.635986
 3.000000	1.300000	650.000000	121.171364	-4809.900391	1996.195923	-2692.532959
 3.000000	1.400000	650.000000	132.932404	-5179.892578	2149.750000	-2897.209961
 3.000000	1.500000	650.000000	144.905518	-5549.885742	2303.290527	-3101.689453
 3.000000	1.600000	650.000000	157.079987	-5919.877441	2456.853516	-3305.944092
 3.000000	1.700000	650.000000	169.446274	-6289.870605	2610.394043	-3510.030029
 3.000000	1.800000	650.000000	181.995850	-6659.862305	2763.961670	-3713.904785
 3.000000	1.900000	650.000000	194.721039	-7029.855957	2917.539551	-3917.595459
 3.000000	2.000000	650.000000	207.614807	-7399.847168	3071.045898	-4121.186035
 3.000000	2.100000	650.000000	220.670837	-7769.839355	3224.620605	-4324.547852
 3.000000	2.200000	650.000000	233.883301	-8139.832031	3378.186523	-4527.762207
 3.000000	2.300000	650.000000	247.246796	-8509.825195	3531.718994	-4730.858887
 3.000000	2.400000	650.000000	260.756348	-8879.817383	3685.275635	-4933.785156
 3.000000	2.500000	650.000000	274.407410	-9249.808594	3838.840088	-5136.562012
 3.000000	2.600000	650.000000	288.195709	-9619.800781	3992.391846	-5339.212891
 3.000000	2.700000	650.000000	302.117279	-9989.793945	4145.923340	-5541.753906
 3.000000	2.800000	650.000000	316.168365	-10359.786133	4299.500000	-5744.118164
 3.000000	2.900000	650.000000	330.345459	-10729.779297	4453.058594	-5946.375488
 3.000000	3.000000	650.000000	344.645355	-11099.771484	4606.581055	-6148.544922
 3.000000	1.000000	700.000000	94.005989	-3699.923584	1535.522949	-2070.394531
 3.000000	1.100000	700.000000	105.900108	-4069.916016	1689.093262	-2274.922852
 3.000000	1.200000	700.000000	118.067978	-4439.908691	1842.637817	-2479.202393
 3.000000	1.300000	700.000000	130.492249	-4809.900391	1996.195923	-2683.211914
 3.000000	1.400000	700.000000	143.157974	-5179.892578	2149.750000	-2886.984619
 3.000000	1.500000	700.000000	156.052094	-5549.885742	2303.290527	-3090.542969
 3.000000	1.600000	700.000000	169.163055	-5919.877441	2456.853516	-3293.861084
 3.000000	1.700000	700.000000	182.480591	-6289.870605	2610.394043	-3496.996094
 3.000000	1.800000	700.000000	195.995544	-6659.862305	2763.961670	-3699.905273
 3.000000	1.900000	700.000000	209.699585	-7029.855957	2917.539551	-3902.616943
 3.000000	2.000000	700.000000	223.585190	-7399.847168	3071.045898	-4105.215820
 3.000000	2.100000	700.000000	237.645538	-7769.839355	3224.620605	-4307.573730
 3.000000	2.200000	700.000000	251.874329	-8139.832031	3378.186523	-4509.770996
 3.000000	2.300000	700.000000	266.265778	-8509.825195	3531.718994	-4711.839844
 3.000000	2.400000	700.000000	280.814545	-8879.817383	3685.275635	-4913.726074
 3.000000	2.500000	700.000000	295.515686	-9249.808594	3838.840088	-5115.453125
 3.000000	2.600000	700.000000	310.364594	-9619.800781	3992.391846	-5317.043945
 3.000000	2.700000	700.000000	325.357056	-9989.793945	4145.923340	-5518.514160
 3.000000	2.800000	700.000000	340.489014	-10359.786133	4299.500000	-5719.796875
 3.000000	2.900000	700.000000	355.756653	-10729.779297	4453.058594	-5920.963379
 3.000000	3.000000	700.000000	371.156525	-11099.771484	4606.581055	-6122.033203
 3.000000	1.000000	750.000000	100.720703	-3699.923584	1535.522949	-2063.679688
 3.000000	1.100000	750.000000	113.464401	-4069.916016	1689.093262	-2267.358154
 3.000000	1.200000	750.000000	126.501396	-4439.908691	1842.637817	-2470.769043
 3.000000	1.300000	750.000000	139.813110	-4809.900391	1996.195923	-2673.891602
 3.000000	1.400000	750.000000	153.383560	-5179.892578	2149.750000	-2876.759033
 3.000000	1.500000	750.000000	167.198685	-5549.885742	2303.290527	-3079.396484
 3.000000	1.600000	750.000000	181.246124	-5919.877441	2456.853516	-3281.778076
 3.000000	1.700000	750.000000	195.514938	-6289.870605	2610.394043	-3483.961426
 3.000000	1.800000	750.000000	209.995224	-6659.862305	2763.961670	-3685.905762
 3.000000	1.900000	750.000000	224.678146	-7029.855957	2917.539551	-3887.638428
 3.000000	2.000000	750.000000	239.555542	-7399.847168	3071.045898	-4089.245605
 3.000000	2.100000	750.000000	254.620193	-7769.839355	3224.620605	-4290.599121
 3.000000	2.200000	750.000000	269.865356	-8139.832031	3378.186523	-4491.779785
 3.000000	2.300000	750.000000	285.284790	-8509.825195	3531.718994	-4692.820801
 3.000000	2.400000	750.000000	300.872742	-8879.817383	3685.275635	-4893.667969
 3.000000	2.500000	750.000000	316.623901	-9249.808594	3838.840088	-5094.345215
 3.000000	2.600000	750.000000	332.533478	-9619.800781	3992.391846	-5294.875977
 3.000000	2.700000	750.000000	348.596832	-9989.793945	4145.923340	-5495.273926
 3.000000	2.800000	750.000000	364.809662	-10359.786133	4299.500000	-5695.476074
 3.000000	2.900000	750.000000	381.167847	-10729.779297	4453.058594	-5895.552734
 3.000000	3.000000	750.000000	397.667725	-11099.771484	4606.581055	-6095.521973
 3.000000	1.000000	800.000000	107.435425	-3699.923584	1535.522949	-2056.965088
 3.000000	1.100000	800.000000	121.028687	-4069.916016	1689.093262	-2259.793945
 3.000000	1.200000	800.000000	134.934830	-4439.908691	1842.637817	-2462.335449
 3.000000	1.300000	800.000000	149.133987	-4809.900391	1996.195923	-2664.570557
 3.000000	1.400000	800.000000	163.609116	-5179.892578	2149.750000	-2866.533447
 3.000000	1.500000	800.000000	178.345230	-5549.885742	2303.290527	-3068.250000
 3.000000	1.600000	800.000000	193.329208	-5919.877441	2456.853516	-3269.695068
 3.000000	1.700000	800.000000	208.549271	-6289.870605	2610.394043	-3470.927002
 3.000000	1.800000	800.000000	223.994873	-6659.862305	2763.961670	-3671.905762
 3.000000	1.900000	800.000000	239.656662	-7029.855957	2917.539551	-3872.659912
 3.000000	2.000000	800.000000	255.525925	-7399.847168	3071.045898	-4073.274902
 3.000000	2.100000	800.000000	271.594879	-7769.839355	3224.620605	-4273.624023
 3.000000	2.200000	800.000000	287.856384	-8139.832031	3378.186523	-4473.789063
 3.000000	2.300000	800.000000	304.303741	-8509.825195	3531.718994	-4673.801758
 3.000000	2.400000	800.000000	320.930939	-8879.817383	3685.275635	-4873.609863
 3.000000	2.500000	800.000000	337.732208	-9249.808594	3838.840088	-5073.236816
 3.000000	2.600000	800.000000	354.702393	-9619.800781	3992.391846	-5272.707031
 3.000000	2.700000	800.000000	371.836639	-9989.793945	4145.923340	-5472.034180
 3.000000	2.800000	800.000000	389.130310	-10359.786133	4299.500000	-5671.155762
 3.000000	2.900000	800.000000	406.579071	-10729.779297	4453.058594	-5870.141602
 3.000000	3.000000	800.000000	424.178894	-11099.771484	4606.581055	-6069.011230
 4.000000	1.000000	500.000000	67.147141	-4933.231445	1535.522949	-3330.561523
 4.000000	1.100000	500.000000	75.642929	-5426.555176	1689.093262	-3661.818848
 4.000000	1.200000	500.000000	84.334259	-5919.877441	1842.637817	-3992.905029
 4.000000	1.300000	500.000000	93.208733	-6413.201172	1996.195923	-4323.796387
 4.000000	1.400000	500.000000	102.255692	-6906.523438	2149.750000	-4654.518066
 4.000000	1.500000	500.000000	111.465790	-7399.847168	2303.290527	-4985.090332
 4.000000	1.600000	500.000000	120.830750	-7893.169922	2456.853516	-5315.485352
 4.000000	1.700000	500.000000	130.343277	-8386.493164	2610.394043	-5645.755859
 4.000000	1.800000	500.000000	139.996796	-8879.817383	2763.961670	-5975.857910
 4.000000	1.900000	500.000000	149.785400	-9373.139648	2917.539551	-6305.815430
 4.000000	2.000000	500.000000	159.703705	-9866.462891	3071.045898	-6635.712891
 4.000000	2.100000	500.000000	169.746780	-10359.785156	3224.620605	-6965.417480
 4.000000	2.200000	500.000000	179.910233	-10853.110352	3378.186523	-7295.013672
 4.000000	2.300000	500.000000	190.189850	-11346.432617	3531.718994	-7624.523926
 4.000000	2.400000	500.000000	200.581833	-11839.754883	3685.275635	-7953.896973
 4.000000	2.500000	500.000000	211.082626	-12333.079102	3838.840088	-8283.156250
 4.000000	2.600000	500.000000	221.689011	-12826.402344	3992.391846	-8612.321289
 4.000000	2.700000	500.000000	232.397903	-13319.724609	4145.923340	-8941.404297
 4.000000	2.800000	500.000000	243.206451	-13813.047852	4299.500000	-9270.341797
 4.000000	2.900000	500.000000	254.111908	-14306.372070	4453.058594	-9599.202148
 4.000000	3.000000	500.000000	265.111816	-14799.694336	4606.581055	-9928.000977
 4.000000	1.000000	550.000000	73.861847	-4933.231445	1535.522949	-3323.846436
 4.000000	1.100000	550.000000	83.207230	-5426.555176	1689.093262	-3654.254639
 4.000000	1.200000	550.000000	92.767685	-5919.877441	1842.637817	-3984.471924
 4.000000	1.300000	550.000000	102.529617	-6413.201172	1996.195923	-4314.475586
 4.000000	1.400000	550.000000	112.481262	-6906.523438	2149.750000	-4644.291992
 4.000000	1.500000	550.000000	122.612358	-7399.847168	2303.290527	-4973.943848
 4.000000	1.600000	550.000000	132.913834	-7893.169922	2456.853516	-5303.402344
 4.000000	1.700000	550.000000	143.377609	-8386.493164	2610.394043	-5632.722168
 4.000000	1.800000	550.000000	153.996506	-8879.817383	2763.961670	-5961.857910
 4.000000	1.900000	550.000000	164.763962	-9373.139648	2917.539551	-6290.836426
 4.000000	2.000000	550.000000	175.674072	-9866.462891	3071.045898	-6619.743164
 4.000000	2.100000	550.000000	186.721481	-10359.785156	3224.620605	-6948.443359
 4.000000	2.200000	550.000000	197.901245	-10853.110352	3378.186523	-7277.022461
 4.000000	2.300000	550.000000	209.208832	-11346.432617	3531.718994	-7605.504883
 4.000000	2.400000	550.000000	220.639984	-11839.754883	3685.275635	-7933.838867
 4.000000	2.500000	550.000000	232.190872	-12333.079102	3838.840088	-8262.047852
 4.000000	2.600000	550.000000	243.857910	-12826.402344	3992.391846	-8590.152344
 4.000000	2.700000	550.000000	255.637711	-13319.724609	4145.923340	-8918.164063
 4.000000	2.800000	550.000000	267.527069	-13813.047852	4299.500000	-9246.021484
 4.000000	2.900000	550.000000	279.523102	-14306.372070	4453.058594	-9573.790039
 4.000000	3.000000	550.000000	291.622955	-14799.694336	4606.581055	-9901.490234
 4.000000	1.000000	600.000000	80.576561	-4933.231445	1535.522949	-3317.132080
 4.000000	1.100000	600.000000	90.771523	-5426.555176	1689.093262	-3646.690186
 4.000000	1.200000	600.000000	101.201111	-5919.877441	1842.637817	-3976.038574
 4.000000	1.300000	600.000000	111.850494	-6413.201172	1996.195923	-4305.154297
 4.000000	1.400000	600.000000	122.706848	-6906.523438	2149.750000	-4634.066406
 4.000000	1.500000	600.000000	133.758957	-7399.847168	2303.290527	-4962.797363
 4.000000	1.600000	600.000000	144.996902	-7893.169922	2456.853516	-5291.319336
 4.000000	1.700000	600.000000	156.411957	-8386.493164	2610.394043	-5619.687500
 4.000000	1.800000	600.000000	167.996155	-8879.817383	2763.961670	-5947.858887
 4.000000	1.900000	600.000000	179.742493	-9373.139648	2917.539551	-6275.858398
 4.000000	2.000000	600.000000	191.644455	-9866.462891	3071.045898	-6603.772949
 4.000000	2.100000	600.000000	203.696152	-10359.785156	3224.620605	-6931.468262
 4.000000	2.200000	600.000000	215.892288	-10853.110352	3378.186523	-7259.031738
 4.000000	2.300000	600.000000	228.227829	-11346.432617	3531.718994	-7586.485840
 4.000000	2.400000	600.000000	240.698166	-11839.754883	3685.275635	-7913.780762
 4.000000	2.500000	600.000000	253.299133	-12333.079102	3838.840088	-8240.940430
 4.000000	2.600000	600.000000	266.026825	-12826.402344	3992.391846	-8567.983398
 4.000000	2.700000	600.000000	278.877472	-13319.724609	4145.923340	-8894.924805
 4.000000	2.800000	600.000000	291.847748	-13813.047852	4299.500000	-9221.700195
 4.000000	2.900000	600.000000	304.934296	-14306.372070	4453.058594	-9548.379883
 4.000000	3.000000	600.000000	318.134186	-14799.694336	4606.581055	-9874.978516
 4.000000	1.000000	650.000000	87.291275	-4933.231445	1535.522949	-3310.416992
 4.000000	1.100000	650.000000	98.335815	-5426.555176	1689.093262	-3639.125732
 4.000000	1.200000	650.000000	109.634537	-5919.877441	1842.637817	-3967.604980
 4.000000	1.300000	650.000000	121.171364	-6413.201172	1996.195923	-4295.833496
 4.000000	1.400000	650.000000	132.932404	-6906.523438	2149.750000	-4623.840820
 4.000000	1.500000	650.000000	144.905518	-7399.847168	2303.290527	-4951.650879
 4.000000	1.600000	650.000000	157.079987	-7893.169922	2456.853516	-5279.236328
 4.000000	1.700000	650.000000	169.446274	-8386.493164	2610.394043	-5606.652832
 4.000000	1.800000	650.000000	181.995850	-8879.817383	2763.961670	-5933.858887
 4.000000	1.900000	650.000000	194.721039	-9373.139648	2917.539551	-6260.879395
 4.000000	2.000000	650.000000	207.614807	-9866.462891	3071.045898	-6587.801758
 4.000000	2.100000	650.000000	220.670837	-10359.785156	3224.620605	-6914.493652
 4.000000	2.200000	650.000000	233.883301	-10853.110352	3378.186523	-7241.040527
 4.000000	2.300000	650.000000	247.246796	-11346.432617	3531.718994	-7567.466797
 4.000000	2.400000	650.000000	260.756348	-11839.754883	3685.275635	-7893.723145
 4.000000	2.500000	650.000000	274.407410	-12333.079102	3838.840088	-8219.832031
 4.000000	2.600000	650.000000	288.195709	-12826.402344	3992.391846	-8545.814453
 4.000000	2.700000	650.000000	302.117279	-13319.724609	4145.923340	-8871.684570
 4.000000	2.800000	650.000000	316.168365	-13813.047852	4299.500000	-9197.379883
 4.000000	2.900000	650.000000	330.345459	-14306.372070	4453.058594	-9522.967773
 4.000000	3.000000	650.000000	344.645355	-14799.694336	4606.581055	-9848.467773
 4.000000	1.000000	700.000000	94.005989	-4933.231445	1535.522949	-3303.702393
 4.000000	1.100000	700.000000	105.900108	-5426.555176	1689.093262	-3631.561768
 4.000000	1.200000	700.000000	118.067978	-5919.877441	1842.637817	-3959.171387
 4.000000	1.300000	700.000000	130.492249	-6413.201172	1996.195923	-4286.513184
 4.000000	1.400000	700.000000	143.157974	-6906.523438	2149.750000	-4613.615723
 4.000000	1.500000	700.000000	156.052094	-7399.847168	2303.290527	-4940.504395
 4.000000	1.600000	700.000000	169.163055	-7893.169922	2456.853516	-5267.153320
 4.000000	1.700000	700.000000	182.480591	-8386.493164	2610.394043	-5593.619141
 4.000000	1.800000	700.000000	195.995544	-8879.817383	2763.961670	-5919.858887
 4.000000	1.900000	700.000000	209.699585	-9373.139648	2917.539551	-6245.900391
 4.000000	2.000000	700.000000	223.585190	-9866.462891	3071.045898	-6571.832031
 4.000000	2.100000	700.000000	237.645538	-10359.785156	3224.620605	-6897.518555
 4.000000	2.200000	700.000000	251.874329	-10853.110352	3378.186523	-7223.049316
 4.000000	2.300000	700.000000	266.265778	-11346.432617	3531.718994	-7548.448242
 4.000000	2.400000	700.000000	280.814545	-11839.754883	3685.275635	-7873.664063
 4.000000	2.500000	700.000000	295.515686	-12333.079102	3838.840088	-8198.722656
 4.000000	2.600000	700.000000	310.364594	-12826.402344	3992.391846	-8523.644531
 4.000000	2.700000	700.000000	325.357056	-13319.724609	4145.923340	-8848.445313
 4.000000	2.800000	700.000000	340.489014	-13813.047852	4299.500000	-9173.058594
 4.000000	2.900000	700.000000	355.756653	-14306.372070	4453.058594	-9497.555664
 4.000000	3.000000	700.000000	371.156525	-14799.694336	4606.581055	-9821.956055
 4.000000	1.000000	750.000000	100.720703	-4933.231445	1535.522949	-3296.988037
 4.000000	1.100000	750.000000	113.464401	-5426.555176	1689.093262	-3623.997314
 4.000000	1.200000	750.000000	126.501396	-5919.877441	1842.637817	-3950.738037
 4.000000	1.300000	750.000000	139.813110	-6413.201172	1996.195923	-4277.191895
 4.000000	1.400000	750.000000	153.383560	-6906.523438	2149.750000	-4603.390137
 4.000000	1.500000	750.000000	167.198685	-7399.847168	2303.290527	-4929.357910
 4.000000	1.600000	750.000000	181.246124	-7893.169922	2456.853516	-5255.070313
 4.000000	1.700000	750.000000	195.514938	-8386.493164	2610.394043	-5580.584473
 4.000000	1.800000	750.000000	209.995224	-8879.817383	2763.961670	-5905.859863
 4.000000	1.900000	750.000000	224.678146	-9373.139648	2917.539551	-6230.922363
 4.000000	2.000000	750.000000	239.555542	-9866.462891	3071.045898	-6555.860840
 4.000000	2.100000	750.000000	254.620193	-10359.785156	3224.620605	-6880.544434
 4.000000	2.200000	750.000000	269.865356	-10853.110352	3378.186523	-7205.058594
 4.000000	2.300000	750.000000	285.284790	-11346.432617	3531.718994	-7529.429199
 4.000000	2.400000	750.000000	300.872742	-11839.754883	3685.275635	-7853.605957
 4.000000	2.500000	750.000000	316.623901	-12333.079102	3838.840088	-8177.615234
 4.000000	2.600000	750.000000	332.533478	-12826.402344	3992.391846	-8501.476563
 4.000000	2.700000	750.000000	348.596832	-13319.724609	4145.923340	-8825.205078
 4.000000	2.800000	750.000000	364.809662	-13813.047852	4299.500000	-9148.738281
 4.000000	2.900000	750.000000	381.167847	-14306.372070	4453.058594	-9472.146484
 4.000000	3.000000	750.000000	397.667725	-14799.694336	4606.581055	-9795.445313
 4.000000	1.000000	800.000000	107.435425	-4933.231445	1535.522949	-3290.272949
 4.000000	1.100000	800.000000	121.028687	-5426.555176	1689.093262	-3616.433350
 4.000000	1.200000	800.000000	134.934830	-5919.877441	1842.637817	-3942.304443
 4.000000	1.300000	800.000000	149.133987	-6413.201172	1996.195923	-4267.871094
 4.000000	1.400000	800.000000	163.609116	-6906.523438	2149.750000	-4593.164551
 4.000000	1.500000	800.000000	178.345230	-7399.847168	2303.290527	-4918.211426
 4.000000	1.600000	800.000000	193.329208	-7893.169922	2456.853516	-5242.987305
 4.000000	1.700000	800.000000	208.549271	-8386.493164	2610.394043	-5567.549805
 4.000000	1.800000	800.000000	223.994873	-8879.817383	2763.961670	-5891.859863
 4.000000	1.900000	800.000000	239.656662	-9373.139648	2917.539551	-6215.943359
 4.000000	2.000000	800.000000	255.525925	-9866.462891	3071.045898	-6539.891113
 4.000000	2.100000	800.000000	271.594879	-10359.785156	3224.620605	-6863.569336
 4.000000	2.200000	800.000000	287.856384	-10853.110352	3378.186523	-7187.067383
 4.000000	2.300000	800.000000	304.303741	-11346.432617	3531.718994	-7510.410156
 4.000000	2.400000	800.000000	320.930939	-11839.754883	3685.275635	-7833.547852
 4.000000	2.500000	800.000000	337.732208	-12333.079102	3838.840088	-8156.506836
 4.000000	2.600000	800.000000	354.702393	-12826.402344	3992.391846	-8479.307617
 4.000000	2.700000	800.000000	371.836639	-13319.724609	4145.923340	-8801.964844
 4.000000	2.800000	800.000000	389.130310	-13813.047852	4299.500000	-9124.417969
 4.000000	2.900000	800.000000	406.579071	-14306.372070	4453.058594	-9446.734375
 4.000000	3.000000	800.000000	424.178894	-14799.694336	4606.581055	-9768.933594
