     SPEED            = 1.000000  Knots 
     BREADTH          = 19.000000
     FRICTIONAL COEFF.= 5.000000e-02
THE NUMBER OF FRAMES = 497
X_COOR(I)        Y(I)    Z_COOR(I)    X_NORM(I)    Y_NORM(I)    Z_NORM(I)     ALPHA(I)      BETA(I)     GAMMA(I)
248.500000, 0.557000, 21.975000, -0.900000, -0.349000, 0.261000, 68.809998, 36.778999, 16.160999
248.000000, 1.281000, 21.975000, -0.691000, -0.628000, 0.359000, 47.731998, 29.768000, 27.469000
247.500000, 1.743000, 21.975000, -0.574000, -0.711000, 0.405000, 38.912998, 29.650000, 35.188000
247.000000, 2.126000, 21.975000, -0.516000, -0.726000, 0.454000, 35.389000, 32.014000, 41.351002
246.500000, 2.457000, 21.975000, -0.490000, -0.740000, 0.461000, 33.522999, 31.917999, 43.236000
246.000000, 2.779000, 21.975000, -0.446000, -0.750000, 0.488000, 30.726000, 33.033001, 47.570000
245.500000, 3.076000, 21.975000, -0.446000, -0.750000, 0.488000, 30.726000, 33.033001, 47.570000
245.000000, 3.377000, 21.975000, -0.448000, -0.740000, 0.502000, 31.232000, 34.157001, 48.213001
244.500000, 3.674000, 21.975000, -0.441000, -0.747000, 0.497000, 30.570000, 33.598000, 48.359001
244.000000, 3.968000, 21.975000, -0.438000, -0.749000, 0.498000, 30.298000, 33.624001, 48.695999
243.500000, 4.262000, 21.975000, -0.439000, -0.744000, 0.503000, 30.562000, 34.070000, 48.874001
243.000000, 4.559000, 21.975000, -0.441000, -0.742000, 0.505000, 30.740000, 34.230000, 48.842999
242.500000, 4.851000, 21.975000, -0.432000, -0.746000, 0.507000, 30.080000, 34.169998, 49.528000
242.000000, 5.141000, 21.975000, -0.433000, -0.748000, 0.503000, 30.058001, 33.935001, 49.303001
241.500000, 5.430000, 21.975000, -0.433000, -0.748000, 0.503000, 30.058001, 33.935001, 49.303001
241.000000, 5.719000, 21.975000, -0.433000, -0.748000, 0.503000, 30.058001, 33.935001, 49.303001
240.500000, 6.008000, 21.975000, -0.430000, -0.750000, 0.503000, 29.851999, 33.865002, 49.463001
240.000000, 6.295000, 21.975000, -0.430000, -0.750000, 0.503000, 29.851999, 33.865002, 49.463001
239.500000, 6.581000, 21.975000, -0.430000, -0.751000, 0.502000, 29.775999, 33.740002, 49.417000
239.000000, 6.867000, 21.975000, -0.429000, -0.751000, 0.502000, 29.733999, 33.743999, 49.467999
238.500000, 7.152000, 21.975000, -0.429000, -0.752000, 0.501000, 29.695000, 33.680000, 49.445999
238.000000, 7.435000, 21.975000, -0.419000, -0.744000, 0.520000, 29.400999, 34.922001, 51.094002
237.500000, 7.717000, 21.975000, -0.419000, -0.744000, 0.520000, 29.400999, 34.922001, 51.094002
237.000000, 7.998000, 21.975000, -0.418000, -0.745000, 0.521000, 29.292000, 34.974998, 51.272999
236.500000, 8.281000, 21.975000, -0.421000, -0.749000, 0.511000, 29.326000, 34.298000, 50.526001
236.000000, 8.562000, 21.975000, -0.422000, -0.746000, 0.515000, 29.497000, 34.638000, 50.688000
235.500000, 8.840000, 21.975000, -0.413000, -0.748000, 0.520000, 28.941000, 34.816002, 51.509998
235.000000, 9.118000, 21.975000, -0.415000, -0.743000, 0.524000, 29.186001, 35.192001, 51.618999
234.500000, 9.397000, 21.975000, -0.414000, -0.738000, 0.533000, 29.263000, 35.820999, 52.178001
234.000000, 9.674000, 21.975000, -0.416000, -0.757000, 0.504000, 28.816000, 33.672001, 50.452000
233.500000, 9.951000, 21.975000, -0.412000, -0.751000, 0.516000, 28.732000, 34.455002, 51.375999
233.000000, 10.225000, 21.975000, -0.412000, -0.751000, 0.516000, 28.778000, 34.522999, 51.394001
232.500000, 10.499000, 21.975000, -0.410000, -0.751000, 0.517000, 28.653000, 34.560001, 51.575001
232.000000, 10.772000, 21.975000, -0.410000, -0.751000, 0.517000, 28.642000, 34.546001, 51.575001
231.500000, 11.046000, 21.975000, -0.410000, -0.751000, 0.517000, 28.642000, 34.546001, 51.575001
231.000000, 11.319000, 21.975000, -0.410000, -0.751000, 0.517000, 28.642000, 34.546001, 51.575001
230.500000, 11.589000, 21.975000, -0.410000, -0.761000, 0.503000, 28.323000, 33.451000, 50.792999
230.000000, 11.857000, 21.975000, -0.401000, -0.763000, 0.506000, 27.737000, 33.549999, 51.587002
229.500000, 12.125000, 21.975000, -0.410000, -0.748000, 0.522000, 28.733999, 34.932999, 51.870998
229.000000, 12.393000, 21.975000, -0.415000, -0.754000, 0.510000, 28.848000, 34.077999, 50.845001
228.500000, 12.660000, 21.975000, -0.405000, -0.756000, 0.514000, 28.190001, 34.187000, 51.724998
228.000000, 12.925000, 21.975000, -0.406000, -0.759000, 0.508000, 28.139000, 33.786999, 51.365002
227.500000, 13.188000, 21.975000, -0.402000, -0.759000, 0.513000, 27.910000, 34.056999, 51.917000
227.000000, 13.452000, 21.975000, -0.401000, -0.771000, 0.495000, 27.496000, 32.698002, 50.965000
226.500000, 13.713000, 21.975000, -0.404000, -0.767000, 0.499000, 27.789000, 33.075001, 51.021000
226.000000, 13.973000, 21.975000, -0.399000, -0.763000, 0.509000, 27.573999, 33.691002, 51.929001
225.500000, 14.232000, 21.975000, -0.397000, -0.769000, 0.501000, 27.306999, 33.049999, 51.568001
225.000000, 14.490000, 21.975000, -0.396000, -0.770000, 0.500000, 27.229000, 33.028000, 51.637001
224.500000, 14.747000, 21.975000, -0.395000, -0.770000, 0.502000, 27.146000, 33.081001, 51.793999
224.000000, 15.001000, 21.975000, -0.390000, -0.774000, 0.499000, 26.761999, 32.810001, 51.966999
223.500000, 15.254000, 21.975000, -0.391000, -0.775000, 0.498000, 26.760000, 32.716999, 51.869999
223.000000, 15.505000, 21.975000, -0.389000, -0.779000, 0.492000, 26.516001, 32.304001, 51.723000
222.500000, 15.756000, 21.975000, -0.388000, -0.777000, 0.496000, 26.535999, 32.523998, 51.933998
222.000000, 16.004000, 21.975000, -0.386000, -0.781000, 0.492000, 26.284000, 32.214001, 51.909000
221.500000, 16.250000, 21.975000, -0.386000, -0.781000, 0.492000, 26.284000, 32.214001, 51.909000
221.000000, 16.493999, 21.975000, -0.382000, -0.785000, 0.487000, 25.940001, 31.823999, 51.910999
220.500000, 16.737000, 21.975000, -0.381000, -0.786000, 0.487000, 25.861000, 31.781000, 51.960999
220.000000, 16.976000, 21.975000, -0.374000, -0.791000, 0.483000, 25.311001, 31.403000, 52.236000
219.500000, 17.215000, 21.975000, -0.379000, -0.791000, 0.480000, 25.591999, 31.275000, 51.744999
219.000000, 17.450001, 21.975000, -0.370000, -0.798000, 0.475000, 24.877001, 30.784000, 52.105000
218.500000, 17.681999, 21.975000, -0.370000, -0.798000, 0.476000, 24.850000, 30.816999, 52.174999
218.000000, 17.914000, 21.975000, -0.370000, -0.798000, 0.476000, 24.850000, 30.816999, 52.174999
217.500000, 18.146000, 21.975000, -0.371000, -0.797000, 0.476000, 24.924000, 30.839001, 52.105999
217.000000, 18.374001, 21.975000, -0.358000, -0.813000, 0.459000, 23.792999, 29.441000, 52.004002
216.500000, 18.596001, 21.975000, -0.360000, -0.813000, 0.458000, 23.877001, 29.368999, 51.811001
216.000000, 18.816999, 21.975000, -0.360000, -0.813000, 0.458000, 23.877001, 29.368999, 51.811001
215.500000, 19.038000, 21.975000, -0.360000, -0.813000, 0.458000, 23.877001, 29.368999, 51.811001
215.000000, 19.250999, 21.975000, -0.348000, -0.825000, 0.445000, 22.850000, 28.312000, 51.967999
214.500000, 19.462000, 21.975000, -0.348000, -0.825000, 0.445000, 22.850000, 28.312000, 51.967999
214.000000, 19.673000, 21.975000, -0.348000, -0.825000, 0.445000, 22.850000, 28.312000, 51.967999
213.500000, 19.882000, 21.975000, -0.338000, -0.835000, 0.434000, 22.028000, 27.490999, 52.134998
213.000000, 20.079000, 21.975000, -0.334000, -0.840000, 0.429000, 21.683001, 27.046000, 52.088001
212.500000, 20.278000, 21.975000, -0.334000, -0.840000, 0.429000, 21.683001, 27.046000, 52.088001
212.000000, 20.476999, 21.975000, -0.334000, -0.840000, 0.429000, 21.683001, 27.046000, 52.088001
211.500000, 20.667999, 21.975000, -0.321000, -0.854000, 0.410000, 20.570999, 25.628000, 51.963001
211.000000, 20.855000, 21.975000, -0.320000, -0.854000, 0.411000, 20.538000, 25.728001, 52.136002
210.500000, 21.042999, 21.975000, -0.320000, -0.854000, 0.411000, 20.538000, 25.728001, 52.136002
210.000000, 21.216999, 21.975000, -0.307000, -0.873000, 0.378000, 19.389000, 23.417999, 50.903000
209.500000, 21.393000, 21.975000, -0.307000, -0.873000, 0.378000, 19.389000, 23.417999, 50.903000
209.000000, 21.569000, 21.975000, -0.307000, -0.873000, 0.378000, 19.389000, 23.417999, 50.903000
208.500000, 21.735001, 21.975000, -0.280000, -0.875000, 0.395000, 17.760000, 24.326000, 54.681999
208.000000, 21.896000, 21.975000, -0.293000, -0.876000, 0.383000, 18.495001, 23.614000, 52.578999
207.500000, 22.059999, 21.975000, -0.270000, -0.896000, 0.352000, 16.790001, 21.420000, 52.435001
207.000000, 22.212999, 21.975000, -0.261000, -0.901000, 0.346000, 16.129999, 21.030001, 53.049999
206.500000, 22.362000, 21.975000, -0.274000, -0.900000, 0.340000, 16.926001, 20.718000, 51.180000
206.000000, 22.507999, 21.975000, -0.261000, -0.903000, 0.342000, 16.122999, 20.718000, 52.611000
205.500000, 22.650000, 21.975000, -0.244000, -0.917000, 0.316000, 14.880000, 19.004000, 52.351002
205.000000, 22.783001, 21.975000, -0.244000, -0.917000, 0.316000, 14.880000, 19.004000, 52.351002
204.500000, 22.916000, 21.975000, -0.242000, -0.916000, 0.318000, 14.803000, 19.164000, 52.750000
204.000000, 23.041000, 21.975000, -0.229000, -0.921000, 0.315000, 13.944000, 18.899000, 54.048000
203.500000, 23.164000, 21.975000, -0.220000, -0.931000, 0.291000, 13.316000, 17.344000, 52.842999
203.000000, 23.280001, 21.975000, -0.209000, -0.934000, 0.291000, 12.630000, 17.301001, 54.271000
202.500000, 23.393000, 21.975000, -0.223000, -0.932000, 0.285000, 13.449000, 16.992001, 51.955002
202.000000, 23.500000, 21.975000, -0.197000, -0.943000, 0.268000, 11.804000, 15.866000, 53.674000
201.500000, 23.600000, 21.975000, -0.188000, -0.945000, 0.266000, 11.256000, 15.741000, 54.775002
201.000000, 23.700001, 21.975000, -0.177000, -0.955000, 0.237000, 10.505000, 13.924000, 53.206001
200.500000, 23.792000, 21.975000, -0.164000, -0.958000, 0.236000, 9.740000, 13.847000, 55.146000
200.000000, 23.878000, 21.975000, -0.164000, -0.958000, 0.236000, 9.740000, 13.847000, 55.146000
199.500000, 23.961000, 21.975000, -0.142000, -0.971000, 0.192000, 8.299000, 11.198000, 53.616001
199.000000, 24.037001, 21.975000, -0.145000, -0.970000, 0.196000, 8.491000, 11.448000, 53.602001
198.500000, 24.112000, 21.975000, -0.149000, -0.969000, 0.196000, 8.758000, 11.409000, 52.640999
198.000000, 24.187000, 21.975000, -0.123000, -0.978000, 0.166000, 7.138000, 9.625000, 53.556999
197.500000, 24.250000, 21.975000, -0.126000, -0.979000, 0.162000, 7.339000, 9.416000, 52.166000
197.000000, 24.313999, 21.975000, -0.124000, -0.978000, 0.167000, 7.238000, 9.701000, 53.389999
196.500000, 24.372999, 21.975000, -0.107000, -0.983000, 0.147000, 6.184000, 8.528000, 54.150002
196.000000, 24.427000, 21.975000, -0.107000, -0.983000, 0.147000, 6.184000, 8.528000, 54.150002
195.500000, 24.479000, 21.975000, -0.089000, -0.988000, 0.127000, 5.159000, 7.349000, 55.011002
195.000000, 24.524000, 21.975000, -0.089000, -0.988000, 0.127000, 5.159000, 7.349000, 55.011002
194.500000, 24.570999, 21.975000, -0.095000, -0.987000, 0.126000, 5.467000, 7.299000, 53.230000
194.000000, 24.610001, 21.975000, -0.073000, -0.992000, 0.106000, 4.226000, 6.115000, 55.407001
193.500000, 24.646999, 21.975000, -0.074000, -0.992000, 0.105000, 4.282000, 6.038000, 54.702999
193.000000, 24.684999, 21.975000, -0.082000, -0.992000, 0.100000, 4.722000, 5.780000, 50.786999
192.500000, 24.716999, 21.975000, -0.058000, -0.995000, 0.084000, 3.353000, 4.812000, 55.167000
192.000000, 24.747000, 21.975000, -0.060000, -0.995000, 0.082000, 3.450000, 4.708000, 53.793999
191.500000, 24.777000, 21.975000, -0.059000, -0.995000, 0.082000, 3.422000, 4.705000, 53.997002
191.000000, 24.804001, 21.975000, -0.047000, -0.997000, 0.065000, 2.706000, 3.709000, 53.903000
190.500000, 24.827999, 21.975000, -0.032000, -0.998000, 0.056000, 1.827000, 3.209000, 60.366001
190.000000, 24.843000, 21.975000, -0.032000, -0.998000, 0.056000, 1.827000, 3.209000, 60.366001
189.500000, 24.863001, 21.975000, -0.049000, -0.998000, 0.050000, 2.790000, 2.844000, 45.551998
189.000000, 24.886999, 21.975000, -0.044000, -0.998000, 0.048000, 2.506000, 2.774000, 47.915001
188.500000, 24.906000, 21.975000, -0.023000, -0.999000, 0.036000, 1.334000, 2.052000, 56.977001
188.000000, 24.917999, 21.975000, -0.023000, -0.999000, 0.036000, 1.334000, 2.052000, 56.977001
187.500000, 24.931000, 21.975000, -0.035000, -0.999000, 0.029000, 2.013000, 1.669000, 39.655998
187.000000, 24.948999, 21.975000, -0.035000, -0.999000, 0.029000, 2.013000, 1.669000, 39.655998
186.500000, 24.961000, 21.975000, -0.021000, -1.000000, 0.018000, 1.177000, 1.023000, 40.972000
186.000000, 24.973000, 21.975000, -0.014000, -1.000000, 0.009000, 0.796000, 0.506000, 32.424000
185.500000, 24.983000, 21.975000, -0.028000, -1.000000, 0.005000, 1.614000, 0.291000, 10.224000
185.000000, 24.993999, 21.975000, -0.018000, -1.000000, 0.001000, 1.049000, 0.043000, 2.362000
184.500000, 25.000000, 21.975000, -0.000000, 1.000000, 0.000000, 0.000000, 0.000000, 0.000000
184.000000, 25.000000, 21.975000, -0.000000, 1.000000, 0.000000, 0.000000, 0.000000, 0.000000
183.500000, 25.000000, 21.975000, -0.000000, 1.000000, 0.000000, 0.000000, 0.000000, 0.000000
183.000000, 25.000000, 21.975000, -0.000000, 1.000000, 0.000000, 0.000000, 0.000000, 0.000000
182.500000, 25.000000, 21.975000, -0.000000, 1.000000, 0.000000, 0.000000, 0.000000, 0.000000
182.000000, 25.000000, 21.975000, -0.000000, 1.000000, 0.000000, 0.000000, 0.000000, 0.000000
181.500000, 25.000000, 21.975000, -0.000000, 1.000000, 0.000000, 0.000000, 0.000000, 0.000000
181.000000, 25.000000, 21.975000, -0.000000, 1.000000, 0.000000, 0.000000, 0.000000, 0.000000
180.500000, 25.000000, 21.975000, -0.000000, 1.000000, 0.000000, 0.000000, 0.000000, 0.000000
180.000000, 25.000000, 21.975000, -0.000000, 1.000000, 0.000000, 0.000000, 0.000000, 0.000000
179.500000, 25.000000, 21.975000, -0.000000, 1.000000, 0.000000, 0.000000, 0.000000, 0.000000
179.000000, 25.000000, 21.975000, -0.000000, 1.000000, 0.000000, 0.000000, 0.000000, 0.000000
178.500000, 25.000000, 21.975000, -0.000000, 1.000000, 0.000000, 0.000000, 0.000000, 0.000000
178.000000, 25.000000, 21.975000, -0.000000, 1.000000, 0.000000, 0.000000, 0.000000, 0.000000
177.500000, 25.000000, 21.975000, -0.000000, 1.000000, 0.000000, 0.000000, 0.000000, 0.000000
177.000000, 25.000000, 21.975000, -0.000000, 1.000000, 0.000000, 0.000000, 0.000000, 0.000000
176.500000, 25.000000, 21.975000, -0.000000, 1.000000, 0.000000, 0.000000, 0.000000, 0.000000
176.000000, 25.000000, 21.975000, -0.000000, 1.000000, 0.000000, 0.000000, 0.000000, 0.000000
175.500000, 25.000000, 21.975000, -0.000000, 1.000000, 0.000000, 0.000000, 0.000000, 0.000000
175.000000, 25.000000, 21.975000, -0.000000, 1.000000, 0.000000, 0.000000, 0.000000, 0.000000
174.500000, 25.000000, 21.975000, -0.000000, 1.000000, 0.000000, 0.000000, 0.000000, 0.000000
174.000000, 25.000000, 21.975000, -0.000000, 1.000000, 0.000000, 0.000000, 0.000000, 0.000000
173.500000, 25.000000, 21.975000, -0.000000, 1.000000, 0.000000, 0.000000, 0.000000, 0.000000
173.000000, 25.000000, 21.975000, -0.000000, 1.000000, 0.000000, 0.000000, 0.000000, 0.000000
172.500000, 25.000000, 21.975000, -0.000000, 1.000000, 0.000000, 0.000000, 0.000000, 0.000000
172.000000, 25.000000, 21.975000, -0.000000, 1.000000, 0.000000, 0.000000, 0.000000, 0.000000
171.500000, 25.000000, 21.975000, -0.000000, 1.000000, 0.000000, 0.000000, 0.000000, 0.000000
171.000000, 25.000000, 21.975000, -0.000000, 1.000000, 0.000000, 0.000000, 0.000000, 0.000000
170.500000, 25.000000, 21.975000, -0.000000, 1.000000, 0.000000, 0.000000, 0.000000, 0.000000
170.000000, 25.000000, 21.975000, -0.000000, 1.000000, 0.000000, 0.000000, 0.000000, 0.000000
169.500000, 25.000000, 21.975000, -0.000000, 1.000000, 0.000000, 0.000000, 0.000000, 0.000000
169.000000, 25.000000, 21.975000, -0.000000, 1.000000, 0.000000, 0.000000, 0.000000, 0.000000
168.500000, 25.000000, 21.975000, -0.000000, 1.000000, 0.000000, 0.000000, 0.000000, 0.000000
168.000000, 25.000000, 21.975000, -0.000000, 1.000000, 0.000000, 0.000000, 0.000000, 0.000000
167.500000, 25.000000, 21.975000, -0.000000, 1.000000, 0.000000, 0.000000, 0.000000, 0.000000
167.000000, 25.000000, 21.975000, -0.000000, 1.000000, 0.000000, 0.000000, 0.000000, 0.000000
166.500000, 25.000000, 21.975000, -0.000000, 1.000000, 0.000000, 0.000000, 0.000000, 0.000000
166.000000, 25.000000, 21.975000, -0.000000, 1.000000, 0.000000, 0.000000, 0.000000, 0.000000
165.500000, 25.000000, 21.975000, -0.000000, 1.000000, 0.000000, 0.000000, 0.000000, 0.000000
165.000000, 25.000000, 21.975000, -0.000000, 1.000000, 0.000000, 0.000000, 0.000000, 0.000000
164.500000, 25.000000, 21.975000, -0.000000, 1.000000, 0.000000, 0.000000, 0.000000, 0.000000
164.000000, 25.000000, 21.975000, -0.000000, 1.000000, 0.000000, 0.000000, 0.000000, 0.000000
163.500000, 25.000000, 21.975000, -0.000000, 1.000000, 0.000000, 0.000000, 0.000000, 0.000000
163.000000, 25.000000, 21.975000, -0.000000, 1.000000, 0.000000, 0.000000, 0.000000, 0.000000
162.500000, 25.000000, 21.975000, -0.000000, 1.000000, 0.000000, 0.000000, 0.000000, 0.000000
162.000000, 25.000000, 21.975000, -0.000000, 1.000000, 0.000000, 0.000000, 0.000000, 0.000000
161.500000, 25.000000, 21.975000, -0.000000, 1.000000, 0.000000, 0.000000, 0.000000, 0.000000
161.000000, 25.000000, 21.975000, -0.000000, 1.000000, 0.000000, 0.000000, 0.000000, 0.000000
160.500000, 25.000000, 21.975000, -0.000000, 1.000000, 0.000000, 0.000000, 0.000000, 0.000000
160.000000, 25.000000, 21.975000, -0.000000, 1.000000, 0.000000, 0.000000, 0.000000, 0.000000
159.500000, 25.000000, 21.975000, -0.000000, 1.000000, 0.000000, 0.000000, 0.000000, 0.000000
159.000000, 25.000000, 21.975000, -0.000000, 1.000000, 0.000000, 0.000000, 0.000000, 0.000000
158.500000, 25.000000, 21.975000, -0.000000, 1.000000, 0.000000, 0.000000, 0.000000, 0.000000
158.000000, 25.000000, 21.975000, -0.000000, 1.000000, 0.000000, 0.000000, 0.000000, 0.000000
157.500000, 25.000000, 21.975000, -0.000000, 1.000000, 0.000000, 0.000000, 0.000000, 0.000000
157.000000, 25.000000, 21.975000, -0.000000, 1.000000, 0.000000, 0.000000, 0.000000, 0.000000
156.500000, 25.000000, 21.975000, -0.000000, 1.000000, 0.000000, 0.000000, 0.000000, 0.000000
156.000000, 25.000000, 21.975000, -0.000000, 1.000000, 0.000000, 0.000000, 0.000000, 0.000000
155.500000, 25.000000, 21.975000, -0.000000, 1.000000, 0.000000, 0.000000, 0.000000, 0.000000
155.000000, 25.000000, 21.975000, -0.000000, 1.000000, 0.000000, 0.000000, 0.000000, 0.000000
154.500000, 25.000000, 21.975000, -0.000000, 1.000000, 0.000000, 0.000000, 0.000000, 0.000000
154.000000, 25.000000, 21.975000, -0.000000, 1.000000, 0.000000, 0.000000, 0.000000, 0.000000
153.500000, 25.000000, 21.975000, -0.000000, 1.000000, 0.000000, 0.000000, 0.000000, 0.000000
153.000000, 25.000000, 21.975000, -0.000000, 1.000000, 0.000000, 0.000000, 0.000000, 0.000000
152.500000, 25.000000, 21.975000, -0.000000, 1.000000, 0.000000, 0.000000, 0.000000, 0.000000
152.000000, 25.000000, 21.975000, -0.000000, 1.000000, 0.000000, 0.000000, 0.000000, 0.000000
151.500000, 25.000000, 21.975000, -0.000000, 1.000000, 0.000000, 0.000000, 0.000000, 0.000000
151.000000, 25.000000, 21.975000, -0.000000, 1.000000, 0.000000, 0.000000, 0.000000, 0.000000
150.500000, 25.000000, 21.975000, -0.000000, 1.000000, 0.000000, 0.000000, 0.000000, 0.000000
150.000000, 25.000000, 21.975000, -0.000000, 1.000000, 0.000000, 0.000000, 0.000000, 0.000000
149.500000, 25.000000, 21.975000, -0.000000, 1.000000, 0.000000, 0.000000, 0.000000, 0.000000
149.000000, 25.000000, 21.975000, -0.000000, 1.000000, 0.000000, 0.000000, 0.000000, 0.000000
148.500000, 25.000000, 21.975000, -0.000000, 1.000000, 0.000000, 0.000000, 0.000000, 0.000000
148.000000, 25.000000, 21.975000, -0.000000, 1.000000, 0.000000, 0.000000, 0.000000, 0.000000
147.500000, 25.000000, 21.975000, -0.000000, 1.000000, 0.000000, 0.000000, 0.000000, 0.000000
147.000000, 25.000000, 21.975000, -0.000000, 1.000000, 0.000000, 0.000000, 0.000000, 0.000000
146.500000, 25.000000, 21.975000, -0.000000, 1.000000, 0.000000, 0.000000, 0.000000, 0.000000
146.000000, 25.000000, 21.975000, -0.000000, 1.000000, 0.000000, 0.000000, 0.000000, 0.000000
145.500000, 25.000000, 21.975000, -0.000000, 1.000000, 0.000000, 0.000000, 0.000000, 0.000000
145.000000, 25.000000, 21.975000, -0.000000, 1.000000, 0.000000, 0.000000, 0.000000, 0.000000
144.500000, 25.000000, 21.975000, -0.000000, 1.000000, 0.000000, 0.000000, 0.000000, 0.000000
144.000000, 25.000000, 21.975000, -0.000000, 1.000000, 0.000000, 0.000000, 0.000000, 0.000000
143.500000, 25.000000, 21.975000, -0.000000, 1.000000, 0.000000, 0.000000, 0.000000, 0.000000
143.000000, 25.000000, 21.975000, -0.000000, 1.000000, 0.000000, 0.000000, 0.000000, 0.000000
142.500000, 25.000000, 21.975000, -0.000000, 1.000000, 0.000000, 0.000000, 0.000000, 0.000000
142.000000, 25.000000, 21.975000, -0.000000, 1.000000, 0.000000, 0.000000, 0.000000, 0.000000
141.500000, 25.000000, 21.975000, -0.000000, 1.000000, 0.000000, 0.000000, 0.000000, 0.000000
141.000000, 25.000000, 21.975000, -0.000000, 1.000000, 0.000000, 0.000000, 0.000000, 0.000000
140.500000, 25.000000, 21.975000, -0.000000, 1.000000, 0.000000, 0.000000, 0.000000, 0.000000
140.000000, 25.000000, 21.975000, -0.000000, 1.000000, 0.000000, 0.000000, 0.000000, 0.000000
139.500000, 25.000000, 21.975000, -0.000000, 1.000000, 0.000000, 0.000000, 0.000000, 0.000000
139.000000, 25.000000, 21.975000, -0.000000, 1.000000, 0.000000, 0.000000, 0.000000, 0.000000
138.500000, 25.000000, 21.975000, -0.000000, 1.000000, 0.000000, 0.000000, 0.000000, 0.000000
138.000000, 25.000000, 21.975000, -0.000000, 1.000000, 0.000000, 0.000000, 0.000000, 0.000000
137.500000, 25.000000, 21.975000, -0.000000, 1.000000, 0.000000, 0.000000, 0.000000, 0.000000
137.000000, 25.000000, 21.975000, -0.000000, 1.000000, 0.000000, 0.000000, 0.000000, 0.000000
136.500000, 25.000000, 21.975000, -0.000000, 1.000000, 0.000000, 0.000000, 0.000000, 0.000000
136.000000, 25.000000, 21.975000, -0.000000, 1.000000, 0.000000, 0.000000, 0.000000, 0.000000
135.500000, 25.000000, 21.975000, -0.000000, 1.000000, 0.000000, 0.000000, 0.000000, 0.000000
135.000000, 25.000000, 21.975000, -0.000000, 1.000000, 0.000000, 0.000000, 0.000000, 0.000000
134.500000, 25.000000, 21.975000, -0.000000, 1.000000, 0.000000, 0.000000, 0.000000, 0.000000
134.000000, 25.000000, 21.975000, -0.000000, 1.000000, 0.000000, 0.000000, 0.000000, 0.000000
133.500000, 25.000000, 21.975000, -0.000000, 1.000000, 0.000000, 0.000000, 0.000000, 0.000000
133.000000, 25.000000, 21.975000, -0.000000, 1.000000, 0.000000, 0.000000, 0.000000, 0.000000
132.500000, 25.000000, 21.975000, -0.000000, 1.000000, 0.000000, 0.000000, 0.000000, 0.000000
132.000000, 25.000000, 21.975000, -0.000000, 1.000000, 0.000000, 0.000000, 0.000000, 0.000000
131.500000, 25.000000, 21.975000, -0.000000, 1.000000, 0.000000, 0.000000, 0.000000, 0.000000
131.000000, 25.000000, 21.975000, -0.000000, 1.000000, 0.000000, 0.000000, 0.000000, 0.000000
130.500000, 25.000000, 21.975000, -0.000000, 1.000000, 0.000000, 0.000000, 0.000000, 0.000000
130.000000, 25.000000, 21.975000, -0.000000, 1.000000, 0.000000, 0.000000, 0.000000, 0.000000
129.500000, 25.000000, 21.975000, -0.000000, 1.000000, 0.000000, 0.000000, 0.000000, 0.000000
129.000000, 25.000000, 21.975000, -0.000000, 1.000000, 0.000000, 0.000000, 0.000000, 0.000000
128.500000, 25.000000, 21.975000, -0.000000, 1.000000, 0.000000, 0.000000, 0.000000, 0.000000
128.000000, 25.000000, 21.975000, -0.000000, 1.000000, 0.000000, 0.000000, 0.000000, 0.000000
127.500000, 25.000000, 21.975000, -0.000000, 1.000000, 0.000000, 0.000000, 0.000000, 0.000000
127.000000, 25.000000, 21.975000, -0.000000, 1.000000, 0.000000, 0.000000, 0.000000, 0.000000
126.500000, 25.000000, 21.975000, -0.000000, 1.000000, 0.000000, 0.000000, 0.000000, 0.000000
126.000000, 25.000000, 21.975000, -0.000000, 1.000000, 0.000000, 0.000000, 0.000000, 0.000000
125.500000, 25.000000, 21.975000, -0.000000, 1.000000, 0.000000, 0.000000, 0.000000, 0.000000
125.000000, 25.000000, 21.975000, -0.000000, 1.000000, 0.000000, 0.000000, 0.000000, 0.000000
124.500000, 25.000000, 21.975000, -0.000000, 1.000000, 0.000000, 0.000000, 0.000000, 0.000000
124.000000, 25.000000, 21.975000, -0.000000, 1.000000, 0.000000, 0.000000, 0.000000, 0.000000
123.500000, 25.000000, 21.975000, -0.000000, 1.000000, 0.000000, 0.000000, 0.000000, 0.000000
123.000000, 25.000000, 21.975000, -0.000000, 1.000000, 0.000000, 0.000000, 0.000000, 0.000000
122.500000, 25.000000, 21.975000, -0.000000, 1.000000, 0.000000, 0.000000, 0.000000, 0.000000
122.000000, 25.000000, 21.975000, -0.000000, 1.000000, 0.000000, 0.000000, 0.000000, 0.000000
121.500000, 25.000000, 21.975000, -0.000000, 1.000000, 0.000000, 0.000000, 0.000000, 0.000000
121.000000, 25.000000, 21.975000, -0.000000, 1.000000, 0.000000, 0.000000, 0.000000, 0.000000
120.500000, 25.000000, 21.975000, -0.000000, 1.000000, 0.000000, 0.000000, 0.000000, 0.000000
120.000000, 25.000000, 21.975000, -0.000000, 1.000000, 0.000000, 0.000000, 0.000000, 0.000000
119.500000, 25.000000, 21.975000, -0.000000, 1.000000, 0.000000, 0.000000, 0.000000, 0.000000
119.000000, 25.000000, 21.975000, -0.000000, 1.000000, 0.000000, 0.000000, 0.000000, 0.000000
118.500000, 25.000000, 21.975000, -0.000000, 1.000000, 0.000000, 0.000000, 0.000000, 0.000000
118.000000, 25.000000, 21.975000, -0.000000, 1.000000, 0.000000, 0.000000, 0.000000, 0.000000
117.500000, 25.000000, 21.975000, -0.000000, 1.000000, 0.000000, 0.000000, 0.000000, 0.000000
117.000000, 25.000000, 21.975000, -0.000000, 1.000000, 0.000000, 0.000000, 0.000000, 0.000000
116.500000, 25.000000, 21.975000, -0.000000, 1.000000, 0.000000, 0.000000, 0.000000, 0.000000
116.000000, 25.000000, 21.975000, -0.000000, 1.000000, 0.000000, 0.000000, 0.000000, 0.000000
115.500000, 25.000000, 21.975000, -0.000000, 1.000000, 0.000000, 0.000000, 0.000000, 0.000000
115.000000, 25.000000, 21.975000, -0.000000, 1.000000, 0.000000, 0.000000, 0.000000, 0.000000
114.500000, 25.000000, 21.975000, -0.000000, 1.000000, 0.000000, 0.000000, 0.000000, 0.000000
114.000000, 25.000000, 21.975000, -0.000000, 1.000000, 0.000000, 0.000000, 0.000000, 0.000000
113.500000, 25.000000, 21.975000, -0.000000, 1.000000, 0.000000, 0.000000, 0.000000, 0.000000
113.000000, 25.000000, 21.975000, -0.000000, 1.000000, 0.000000, 0.000000, 0.000000, 0.000000
112.500000, 25.000000, 21.975000, -0.000000, 1.000000, 0.000000, 0.000000, 0.000000, 0.000000
112.000000, 25.000000, 21.975000, -0.000000, 1.000000, 0.000000, 0.000000, 0.000000, 0.000000
111.500000, 25.000000, 21.975000, -0.000000, 1.000000, 0.000000, 0.000000, 0.000000, 0.000000
111.000000, 25.000000, 21.975000, -0.000000, 1.000000, 0.000000, 0.000000, 0.000000, 0.000000
110.500000, 25.000000, 21.975000, -0.000000, 1.000000, 0.000000, 0.000000, 0.000000, 0.000000
110.000000, 25.000000, 21.975000, -0.000000, 1.000000, 0.000000, 0.000000, 0.000000, 0.000000
109.500000, 25.000000, 21.975000, -0.000000, 1.000000, 0.000000, 0.000000, 0.000000, 0.000000
109.000000, 25.000000, 21.975000, -0.000000, 1.000000, 0.000000, 0.000000, 0.000000, 0.000000
108.500000, 25.000000, 21.975000, -0.000000, 1.000000, 0.000000, 0.000000, 0.000000, 0.000000
108.000000, 25.000000, 21.975000, -0.000000, 1.000000, 0.000000, 0.000000, 0.000000, 0.000000
107.500000, 25.000000, 21.975000, -0.000000, 1.000000, 0.000000, 0.000000, 0.000000, 0.000000
107.000000, 25.000000, 21.975000, -0.000000, 1.000000, 0.000000, 0.000000, 0.000000, 0.000000
106.500000, 25.000000, 21.975000, -0.000000, 1.000000, 0.000000, 0.000000, 0.000000, 0.000000
106.000000, 25.000000, 21.975000, -0.000000, 1.000000, 0.000000, 0.000000, 0.000000, 0.000000
105.500000, 25.000000, 21.975000, -0.000000, 1.000000, 0.000000, 0.000000, 0.000000, 0.000000
105.000000, 25.000000, 21.975000, -0.000000, 1.000000, 0.000000, 0.000000, 0.000000, 0.000000
104.500000, 25.000000, 21.975000, -0.000000, 1.000000, 0.000000, 0.000000, 0.000000, 0.000000
104.000000, 25.000000, 21.975000, -0.000000, 1.000000, 0.000000, 0.000000, 0.000000, 0.000000
103.500000, 25.000000, 21.975000, -0.000000, 1.000000, 0.000000, 0.000000, 0.000000, 0.000000
103.000000, 25.000000, 21.975000, -0.000000, 1.000000, 0.000000, 0.000000, 0.000000, 0.000000
102.500000, 25.000000, 21.975000, -0.000000, 1.000000, 0.000000, 0.000000, 0.000000, 0.000000
102.000000, 25.000000, 21.975000, -0.000000, 1.000000, 0.000000, 0.000000, 0.000000, 0.000000
101.500000, 25.000000, 21.975000, -0.000000, 1.000000, 0.000000, 0.000000, 0.000000, 0.000000
101.000000, 25.000000, 21.975000, -0.000000, 1.000000, 0.000000, 0.000000, 0.000000, 0.000000
100.500000, 25.000000, 21.975000, -0.000000, 1.000000, 0.000000, 0.000000, 0.000000, 0.000000
100.000000, 25.000000, 21.975000, -0.000000, 1.000000, 0.000000, 0.000000, 0.000000, 0.000000
99.500000, 25.000000, 21.975000, -0.000000, 1.000000, 0.000000, 0.000000, 0.000000, 0.000000
99.000000, 25.000000, 21.975000, -0.000000, 1.000000, 0.000000, 0.000000, 0.000000, 0.000000
98.500000, 25.000000, 21.975000, -0.000000, 1.000000, 0.000000, 0.000000, 0.000000, 0.000000
98.000000, 25.000000, 21.975000, -0.000000, 1.000000, 0.000000, 0.000000, 0.000000, 0.000000
97.500000, 25.000000, 21.975000, -0.000000, 1.000000, 0.000000, 0.000000, 0.000000, 0.000000
97.000000, 25.000000, 21.975000, -0.000000, 1.000000, 0.000000, 0.000000, 0.000000, 0.000000
96.500000, 25.000000, 21.975000, -0.000000, 1.000000, 0.000000, 0.000000, 0.000000, 0.000000
96.000000, 25.000000, 21.975000, -0.000000, 1.000000, 0.000000, 0.000000, 0.000000, 0.000000
95.500000, 25.000000, 21.975000, -0.000000, 1.000000, 0.000000, 0.000000, 0.000000, 0.000000
95.000000, 25.000000, 21.975000, -0.000000, 1.000000, 0.000000, 0.000000, 0.000000, 0.000000
94.500000, 25.000000, 21.975000, -0.000000, 1.000000, 0.000000, 0.000000, 0.000000, 0.000000
94.000000, 25.000000, 21.975000, -0.000000, 1.000000, 0.000000, 0.000000, 0.000000, 0.000000
93.500000, 25.000000, 21.975000, -0.000000, 1.000000, 0.000000, 0.000000, 0.000000, 0.000000
93.000000, 25.000000, 21.975000, -0.000000, 1.000000, 0.000000, 0.000000, 0.000000, 0.000000
92.500000, 25.000000, 21.975000, -0.000000, 1.000000, 0.000000, 0.000000, 0.000000, 0.000000
92.000000, 25.000000, 21.975000, -0.000000, 1.000000, 0.000000, 0.000000, 0.000000, 0.000000
91.500000, 25.000000, 21.975000, -0.000000, 1.000000, 0.000000, 0.000000, 0.000000, 0.000000
91.000000, 25.000000, 21.975000, -0.000000, 1.000000, 0.000000, 0.000000, 0.000000, 0.000000
90.500000, 25.000000, 21.975000, -0.000000, 1.000000, 0.000000, 0.000000, 0.000000, 0.000000
90.000000, 25.000000, 21.975000, -0.000000, 1.000000, 0.000000, 0.000000, 0.000000, 0.000000
89.500000, 25.000000, 21.975000, 0.000000, 1.000000, 0.000000, 0.000000, 0.000000, 0.000000
89.000000, 25.000000, 21.975000, 0.000000, 1.000000, 0.000000, 0.000000, 0.000000, 0.000000
88.500000, 25.000000, 21.975000, 0.000000, 1.000000, 0.000000, 0.000000, 0.000000, 0.000000
88.000000, 25.000000, 21.975000, 0.000000, 1.000000, 0.000000, 0.000000, 0.000000, 0.000000
87.500000, 25.000000, 21.975000, 0.000000, 1.000000, 0.000000, 0.000000, 0.000000, 0.000000
87.000000, 25.000000, 21.975000, 0.000000, 1.000000, 0.000000, 0.000000, 0.000000, 0.000000
86.500000, 25.000000, 21.975000, 0.000000, 1.000000, 0.000000, 0.000000, 0.000000, 0.000000
86.000000, 25.000000, 21.975000, 0.000000, 1.000000, 0.000000, 0.000000, 0.000000, 0.000000
85.500000, 25.000000, 21.975000, 0.000000, 1.000000, 0.000000, 0.000000, 0.000000, 0.000000
85.000000, 25.000000, 21.975000, 0.000000, 1.000000, 0.000000, 0.000000, 0.000000, 0.000000
84.500000, 25.000000, 21.975000, 0.000000, 1.000000, 0.000000, 0.000000, 0.000000, 0.000000
84.000000, 25.000000, 21.975000, 0.000000, 1.000000, 0.000000, 0.000000, 0.000000, 0.000000
83.500000, 25.000000, 21.975000, 0.000000, 1.000000, 0.000000, 0.000000, 0.000000, 0.000000
83.000000, 25.000000, 21.975000, 0.000000, 1.000000, 0.000000, 0.000000, 0.000000, 0.000000
82.500000, 25.000000, 21.975000, 0.000000, 1.000000, 0.000000, 0.000000, 0.000000, 0.000000
82.000000, 25.000000, 21.975000, 0.000000, 1.000000, 0.000000, 0.000000, 0.000000, 0.000000
81.500000, 25.000000, 21.975000, 0.000000, 1.000000, 0.000000, 0.000000, 0.000000, 0.000000
81.000000, 25.000000, 21.975000, 0.000000, 1.000000, 0.000000, 0.000000, 0.000000, 0.000000
80.500000, 25.000000, 21.975000, 0.000000, 1.000000, 0.000000, 0.000000, 0.000000, 0.000000
80.000000, 25.000000, 21.975000, 0.000000, 1.000000, 0.000000, 0.000000, 0.000000, 0.000000
79.500000, 25.000000, 21.975000, 0.000000, 1.000000, 0.000000, 0.000000, 0.000000, 0.000000
79.000000, 25.000000, 21.975000, 0.000000, 1.000000, 0.000000, 0.000000, 0.000000, 0.000000
78.500000, 25.000000, 21.975000, 0.000000, 1.000000, 0.000000, 0.000000, 0.000000, 0.000000
78.000000, 25.000000, 21.975000, 0.000000, 1.000000, 0.000000, 0.000000, 0.000000, 0.000000
77.500000, 25.000000, 21.975000, 0.000000, 1.000000, 0.000000, 0.000000, 0.000000, 0.000000
77.000000, 25.000000, 21.975000, 0.000000, 1.000000, 0.000000, 0.000000, 0.000000, 0.000000
76.500000, 25.000000, 21.975000, 0.000000, 1.000000, 0.000000, 0.000000, 0.000000, 0.000000
76.000000, 25.000000, 21.975000, 0.000000, 1.000000, 0.000000, 0.000000, 0.000000, 0.000000
75.500000, 25.000000, 21.975000, 0.000000, 1.000000, 0.000000, 0.000000, 0.000000, 0.000000
75.000000, 25.000000, 21.975000, 0.000000, 1.000000, 0.000000, 0.000000, 0.000000, 0.000000
74.500000, 25.000000, 21.975000, 0.000000, 1.000000, 0.000000, 0.000000, 0.000000, 0.000000
74.000000, 25.000000, 21.975000, 0.000000, 1.000000, 0.000000, 0.000000, 0.000000, 0.000000
73.500000, 25.000000, 21.975000, 0.000000, 1.000000, 0.000000, 0.000000, 0.000000, 0.000000
73.000000, 25.000000, 21.975000, 0.000000, 1.000000, 0.000000, 0.000000, 0.000000, 0.000000
72.500000, 25.000000, 21.975000, 0.000000, 1.000000, 0.000000, 0.000000, 0.000000, 0.000000
72.000000, 25.000000, 21.975000, 0.000000, 1.000000, 0.000000, 0.000000, 0.000000, 0.000000
71.500000, 25.000000, 21.975000, 0.000000, 1.000000, 0.000000, 0.000000, 0.000000, 0.000000
71.000000, 25.000000, 21.975000, 0.000000, 1.000000, 0.000000, 0.000000, 0.000000, 0.000000
70.500000, 25.000000, 21.975000, 0.000000, 1.000000, 0.000000, 0.000000, 0.000000, 0.000000
70.000000, 25.000000, 21.975000, 0.000000, 1.000000, 0.000000, 0.000000, 0.000000, 0.000000
69.500000, 25.000000, 21.975000, 0.000000, 1.000000, 0.000000, 0.000000, 0.000000, 0.000000
69.000000, 25.000000, 21.975000, 0.000000, 1.000000, 0.000000, 0.000000, 0.000000, 0.000000
68.500000, 25.000000, 21.975000, 0.000000, 1.000000, 0.000000, 0.000000, 0.000000, 0.000000
68.000000, 25.000000, 21.975000, 0.000000, 1.000000, 0.000000, 0.000000, 0.000000, 0.000000
67.500000, 25.000000, 21.975000, 0.000000, 1.000000, 0.000000, 0.000000, 0.000000, 0.000000
67.000000, 25.000000, 21.975000, 0.000000, 1.000000, 0.000000, 0.000000, 0.000000, 0.000000
66.500000, 25.000000, 21.975000, 0.000000, 1.000000, 0.000000, 0.000000, 0.000000, 0.000000
66.000000, 25.000000, 21.975000, 0.000000, 1.000000, 0.000000, 0.000000, 0.000000, 0.000000
65.500000, 25.000000, 21.975000, 0.000000, 1.000000, 0.000000, 0.000000, 0.000000, 0.000000
65.000000, 25.000000, 21.975000, 0.000000, 1.000000, 0.000000, 0.000000, 0.000000, 0.000000
64.500000, 25.000000, 21.975000, 0.000000, 1.000000, 0.000000, 0.000000, 0.000000, 0.000000
64.000000, 25.000000, 21.975000, 0.000000, 1.000000, 0.000000, 0.000000, 0.000000, 0.000000
63.500000, 25.000000, 21.975000, 0.000000, 1.000000, 0.000000, 0.000000, 0.000000, 0.000000
63.000000, 25.000000, 21.975000, 0.000000, 1.000000, 0.000000, 0.000000, 0.000000, 0.000000
62.500000, 25.000000, 21.975000, 0.000000, 1.000000, 0.000000, 0.000000, 0.000000, 0.000000
62.000000, 25.000000, 21.975000, 0.000000, 1.000000, 0.000000, 0.000000, 0.000000, 0.000000
61.500000, 25.000000, 21.975000, 0.000000, 1.000000, 0.000000, 0.000000, 0.000000, 0.000000
61.000000, 25.000000, 21.975000, 0.000000, 1.000000, 0.000000, 0.000000, 0.000000, 0.000000
60.500000, 25.000000, 21.975000, 0.000000, 1.000000, 0.000000, 0.000000, 0.000000, 0.000000
60.000000, 25.000000, 21.975000, 0.000000, 1.000000, 0.000000, 0.000000, 0.000000, 0.000000
59.500000, 25.000000, 21.975000, 0.000000, 1.000000, 0.000000, 0.000000, 0.000000, 0.000000
59.000000, 25.000000, 21.975000, 0.000000, 1.000000, 0.000000, 0.000000, 0.000000, 0.000000
58.500000, 25.000000, 21.975000, 0.000000, 1.000000, 0.000000, 0.000000, 0.000000, 0.000000
58.000000, 25.000000, 21.975000, 0.000000, 1.000000, 0.000000, 0.000000, 0.000000, 0.000000
57.500000, 25.000000, 21.975000, 0.000000, 1.000000, 0.000000, 0.000000, 0.000000, 0.000000
57.000000, 25.000000, 21.975000, 0.000000, 1.000000, 0.000000, 0.000000, 0.000000, 0.000000
56.500000, 25.000000, 21.975000, 0.000000, 1.000000, 0.000000, 0.000000, 0.000000, 0.000000
56.000000, 25.000000, 21.975000, 0.000000, 1.000000, 0.000000, 0.000000, 0.000000, 0.000000
55.500000, 25.000000, 21.975000, 0.000000, 1.000000, 0.000000, 0.000000, 0.000000, 0.000000
55.000000, 25.000000, 21.975000, 0.000000, 1.000000, 0.000000, 0.000000, 0.000000, 0.000000
54.500000, 25.000000, 21.975000, 0.000000, 1.000000, 0.000000, 0.000000, 0.000000, 0.000000
54.000000, 25.000000, 21.975000, 0.000000, 1.000000, 0.000000, 0.000000, 0.000000, 0.000000
53.500000, 25.000000, 21.975000, 0.000000, 1.000000, 0.000000, 0.000000, 0.000000, 0.000000
53.000000, 25.000000, 21.975000, 0.000000, 1.000000, 0.000000, 0.000000, 0.000000, 0.000000
52.500000, 25.000000, 21.975000, 0.000000, 1.000000, 0.000000, 0.000000, 0.000000, 0.000000
52.000000, 25.000000, 21.975000, 0.000000, 1.000000, 0.000000, 0.000000, 0.000000, 0.000000
51.500000, 25.000000, 21.975000, 0.000000, 1.000000, 0.000000, 0.000000, 0.000000, 0.000000
51.000000, 25.000000, 21.975000, 0.000000, 1.000000, 0.000000, 0.000000, 0.000000, 0.000000
50.500000, 25.000000, 21.975000, 0.000000, 1.000000, 0.000000, 0.000000, 0.000000, 0.000000
50.000000, 25.000000, 21.975000, 0.000000, 1.000000, 0.000000, 0.000000, 0.000000, 0.000000
49.500000, 25.000000, 21.975000, 0.000000, 1.000000, 0.000000, 0.000000, 0.000000, 0.000000
49.000000, 25.000000, 21.975000, 0.000000, 1.000000, 0.000000, 0.000000, 0.000000, 0.000000
48.500000, 25.000000, 21.975000, 0.000000, 1.000000, 0.000000, 0.000000, 0.000000, 0.000000
48.000000, 25.000000, 21.975000, 0.000000, 1.000000, 0.000000, 0.000000, 0.000000, 0.000000
47.500000, 25.000000, 21.975000, 0.000000, 1.000000, 0.000000, 0.000000, 0.000000, 0.000000
47.000000, 25.000000, 21.975000, 0.000000, 1.000000, 0.000000, 0.000000, 0.000000, 0.000000
46.500000, 25.000000, 21.975000, 0.000000, 1.000000, 0.000000, 0.000000, 0.000000, 0.000000
46.000000, 25.000000, 21.975000, 0.000000, 1.000000, 0.000000, 0.000000, 0.000000, 0.000000
45.500000, 25.000000, 21.975000, 0.000000, 1.000000, 0.000000, 0.000000, 0.000000, 0.000000
45.000000, 25.000000, 21.975000, 0.000000, 1.000000, 0.000000, 0.000000, 0.000000, 0.000000
44.500000, 25.000000, 21.975000, 0.000000, 1.000000, 0.000000, 0.000000, 0.000000, 0.000000
44.000000, 25.000000, 21.975000, 0.000000, 1.000000, 0.000000, 0.000000, 0.000000, 0.000000
43.500000, 25.000000, 21.975000, 0.000000, 1.000000, 0.000000, 0.000000, 0.000000, 0.000000
43.000000, 25.000000, 21.975000, 0.000000, 1.000000, 0.000000, 0.000000, 0.000000, 0.000000
42.500000, 25.000000, 21.975000, 0.000000, 1.000000, 0.000000, 0.000000, 0.000000, 0.000000
42.000000, 25.000000, 21.975000, 0.000000, 1.000000, 0.000000, 0.000000, 0.000000, 0.000000
41.500000, 25.000000, 21.975000, 0.000000, 1.000000, 0.000000, 0.000000, 0.000000, 0.000000
41.000000, 25.000000, 21.975000, -0.001000, -1.000000, 0.000000, 0.032000, 0.000000, 0.580000
40.500000, 25.000000, 21.975000, -0.001000, -1.000000, 0.000000, 0.031000, 0.002000, 3.143000
40.000000, 25.000999, 21.975000, -0.001000, -1.000000, 0.000000, 0.031000, 0.002000, 3.143000
39.500000, 25.000999, 21.975000, -0.001000, -1.000000, 0.000000, 0.031000, 0.002000, 3.143000
39.000000, 25.000999, 21.975000, -0.001000, -1.000000, 0.000000, 0.031000, 0.002000, 3.143000
38.500000, 25.000999, 21.975000, 0.001000, -1.000000, 0.000000, 0.082000, 0.002000, 1.573000
38.000000, 25.000000, 21.975000, 0.001000, -1.000000, 0.000000, 0.084000, 0.003000, 2.352000
37.500000, 25.000000, 21.975000, 0.001000, -1.000000, 0.000000, 0.084000, 0.003000, 2.352000
37.000000, 24.997999, 21.975000, 0.005000, -1.000000, -0.000000, 0.281000, 0.000000, 0.096000
36.500000, 24.996000, 21.975000, 0.005000, -1.000000, -0.000000, 0.281000, 0.000000, 0.096000
36.000000, 24.993000, 21.975000, 0.009000, -1.000000, -0.000000, 0.525000, 0.010000, 1.043000
35.500000, 24.988001, 21.975000, 0.009000, -1.000000, -0.000000, 0.525000, 0.010000, 1.043000
35.000000, 24.982000, 21.975000, 0.015000, -1.000000, 0.001000, 0.867000, 0.034000, 2.223000
34.500000, 24.975000, 21.975000, 0.014000, -1.000000, -0.000000, 0.827000, 0.000000, 0.012000
34.000000, 24.968000, 21.975000, 0.014000, -1.000000, -0.000000, 0.827000, 0.000000, 0.012000
33.500000, 24.959000, 21.975000, 0.020000, -1.000000, 0.000000, 1.160000, 0.002000, 0.074000
33.000000, 24.948000, 21.975000, 0.023000, -1.000000, 0.000000, 1.294000, 0.001000, 0.041000
32.500000, 24.934999, 21.975000, 0.027000, -1.000000, 0.000000, 1.547000, 0.000000, 0.006000
32.000000, 24.922001, 21.975000, 0.026000, -1.000000, -0.001000, 1.482000, 0.035000, 1.364000
31.500000, 24.907000, 21.975000, 0.033000, -0.999000, 0.000000, 1.900000, 0.016000, 0.489000
31.000000, 24.891001, 21.975000, 0.032000, -0.999000, -0.000000, 1.848000, 0.028000, 0.876000
30.500000, 24.872999, 21.975000, 0.038000, -0.999000, -0.000000, 2.159000, 0.000000, 0.011000
30.000000, 24.853001, 21.975000, 0.041000, -0.999000, 0.000000, 2.361000, 0.003000, 0.067000
29.500000, 24.830999, 21.975000, 0.043000, -0.999000, -0.000000, 2.484000, 0.026000, 0.597000
29.000000, 24.808001, 21.975000, 0.048000, -0.999000, 0.000000, 2.763000, 0.005000, 0.104000
28.500000, 24.783001, 21.975000, 0.051000, -0.999000, 0.000000, 2.901000, 0.003000, 0.051000
28.000000, 24.757000, 21.975000, 0.055000, -0.998000, -0.000000, 3.180000, 0.004000, 0.069000
27.500000, 24.660999, 21.975000, 0.202000, -0.886000, 0.417000, 12.849000, 25.209000, 64.147003
27.000000, 24.542999, 21.975000, 0.213000, -0.880000, 0.424000, 13.605000, 25.731001, 63.334999
26.500000, 24.421000, 21.975000, 0.218000, -0.878000, 0.425000, 13.936000, 25.826000, 62.855000
26.000000, 24.292999, 21.975000, 0.226000, -0.872000, 0.434000, 14.540000, 26.427000, 62.442001
25.500000, 24.160999, 21.975000, 0.233000, -0.867000, 0.440000, 15.030000, 26.886000, 62.095001
25.000000, 24.024000, 21.975000, 0.240000, -0.864000, 0.442000, 15.485000, 27.077999, 61.546001
24.500000, 23.882999, 21.975000, 0.247000, -0.856000, 0.454000, 16.073000, 27.952000, 61.498001
24.000000, 23.736000, 21.975000, 0.252000, -0.853000, 0.458000, 16.486000, 28.222000, 61.125999
23.500000, 23.586000, 21.975000, 0.260000, -0.849000, 0.460000, 17.020000, 28.429001, 60.514000
23.000000, 23.431000, 21.975000, 0.267000, -0.840000, 0.473000, 17.628000, 29.405001, 60.584000
22.500000, 23.270000, 21.975000, 0.273000, -0.835000, 0.478000, 18.080000, 29.759001, 60.273998
22.000000, 23.104000, 21.975000, 0.280000, -0.826000, 0.489000, 18.714001, 30.641001, 60.237000
21.500000, 22.931999, 21.975000, 0.283000, -0.823000, 0.493000, 18.966999, 30.938999, 60.172001
21.000000, 22.750999, 21.975000, -0.296000, 0.813000, -0.501000, 19.990999, 31.636999, 59.438999
20.500000, 22.566999, 21.975000, -0.296000, 0.796000, -0.529000, 20.403999, 33.612000, 60.768002
20.000000, 22.378000, 21.975000, -0.304000, 0.799000, -0.518000, 20.826000, 32.949001, 59.591000
19.500000, 22.183001, 21.975000, -0.317000, 0.791000, -0.523000, 21.830000, 33.462002, 58.780998
19.000000, 21.982000, 21.975000, -0.334000, 0.786000, -0.520000, 22.999001, 33.462002, 57.290001
18.500000, 21.771999, 21.975000, -0.327000, 0.781000, -0.532000, 22.737000, 34.296001, 58.432999
18.000000, 21.558001, 21.975000, -0.339000, 0.777000, -0.530000, 23.541000, 34.296001, 57.431999
17.500000, 21.334000, 21.975000, -0.349000, 0.767000, -0.538000, 24.445000, 35.029999, 57.037998
17.000000, 21.105000, 21.975000, -0.356000, 0.760000, -0.544000, 25.125000, 35.625999, 56.798000
16.500000, 20.868999, 21.975000, 0.361000, -0.754000, 0.549000, 25.559999, 36.075001, 56.716000
16.000000, 20.624001, 21.975000, 0.368000, -0.741000, 0.562000, 26.430000, 37.182999, 56.764999
15.500000, 20.371000, 21.975000, 0.379000, -0.733000, 0.566000, 27.325001, 37.661999, 56.200001
15.000000, 20.108999, 21.975000, 0.388000, -0.725000, 0.570000, 28.139999, 38.178001, 55.777000
14.500000, 19.837999, 21.975000, 0.396000, -0.715000, 0.576000, 28.983999, 38.832001, 55.465000
14.000000, 19.556000, 21.975000, 0.405000, -0.708000, 0.579000, 29.792000, 39.289001, 55.016998
13.500000, 19.266001, 21.975000, 0.415000, -0.698000, 0.584000, 30.740000, 39.931000, 54.608002
13.000000, 18.964001, 21.975000, 0.424000, -0.690000, 0.586000, 31.552000, 40.344002, 54.134998
12.500000, 18.652000, 21.975000, 0.435000, -0.680000, 0.590000, 32.598999, 40.933998, 53.595001
12.000000, 18.327000, 21.975000, 0.444000, -0.673000, 0.592000, 33.412998, 41.330002, 53.125000
11.500000, 17.990000, 21.975000, 0.456000, -0.663000, 0.594000, 34.516998, 41.886002, 52.516998
11.000000, 17.639999, 21.975000, 0.464000, -0.653000, 0.599000, 35.368000, 42.513000, 52.250999
10.500000, 17.275000, 21.975000, 0.476000, -0.642000, 0.601000, 36.514000, 43.080002, 51.631001
10.000000, 16.896999, 21.975000, 0.493000, -0.632000, 0.598000, 37.949001, 43.441002, 50.528999
9.500000, 16.502001, 21.975000, 0.500000, -0.624000, 0.601000, 38.716000, 43.936001, 50.241001
9.000000, 16.089001, 21.975000, 0.515000, -0.612000, 0.601000, 40.077000, 44.485001, 49.415001
8.500000, 15.657000, 21.975000, 0.528000, -0.601000, 0.600000, 41.306999, 44.938000, 48.631001
8.000000, 15.206000, 21.975000, 0.546000, -0.589000, 0.596000, 42.803001, 45.327999, 47.523998
7.500000, 14.732000, 21.975000, 0.563000, -0.576000, 0.593000, 44.362000, 45.868999, 46.507000
7.000000, 14.234000, 21.975000, 0.581000, -0.561000, 0.589000, 46.002998, 46.408001, 45.404999
6.500000, 13.707000, 21.975000, 0.594000, -0.551000, 0.586000, 47.151001, 46.764000, 44.612000
6.000000, 13.149000, 21.975000, 0.613000, -0.536000, 0.580000, 48.845001, 47.245998, 43.391998
5.500000, 12.556000, 21.975000, 0.633000, -0.521000, 0.573000, 50.571999, 47.729000, 42.131001
5.000000, 11.923000, 21.975000, 0.660000, -0.500000, 0.561000, 52.862999, 48.328999, 40.393002
4.500000, 11.244000, 21.975000, 0.678000, -0.482000, 0.555000, 54.623001, 49.061001, 39.303001
4.000000, 10.513000, 21.975000, 0.700000, -0.465000, 0.541000, 56.393002, 49.291000, 37.681999
3.500000, 9.718000, 21.975000, 0.729000, -0.440000, 0.524000, 58.877998, 49.983002, 35.720001
3.000000, 8.848000, 21.975000, 0.753000, -0.413000, 0.512000, 61.236000, 51.098999, 34.227001
2.500000, 7.879000, 21.975000, 0.781000, -0.380000, 0.496000, 64.045998, 52.528999, 32.416000
2.000000, 6.790000, 21.975000, 0.812000, -0.358000, 0.461000, 66.237999, 52.206001, 29.584000
1.500000, 5.519000, 21.975000, 0.854000, -0.311000, 0.418000, 70.003998, 53.382999, 26.090000
1.000000, 3.946000, 21.975000, 0.904000, -0.249000, 0.346000, 74.581001, 54.206001, 20.931999
0.500000, 1.724000, 21.975000, 0.945000, -0.164000, 0.282000, 80.138000, 59.772999, 16.613001
   1   79.051773   36.778999
   2   58.448483   29.767998
   3   47.967960   29.650000
   4   42.845337   32.014000
   5   40.525131   31.917999
   6   36.808353   33.033005
   7   36.808353   33.033005
   8   36.907696   34.157005
   9   36.388008   33.598000
   10   36.001163   33.624001
   11   36.240269   34.070000
   12   36.332825   34.230000
   13   35.554279   34.169998
   14   35.657806   33.935001
   15   35.657806   33.935001
   16   35.657806   33.935001
   17   35.362274   33.865002
   18   35.362274   33.865002
   19   35.313152   33.740005
   20   35.313152   33.743999
   21   35.263557   33.680000
   22   34.519238   34.922001
   23   34.519238   34.922001
   24   34.262592   34.974998
   25   34.702221   34.298004
   26   34.740543   34.638000
   27   33.911121   34.816006
   28   34.246410   35.192001
   29   34.031197   35.820999
   30   34.201576   33.672001
   31   33.874859   34.455006
   32   33.874859   34.522999
   33   33.768517   34.560001
   34   33.768517   34.546001
   35   33.768517   34.546001
   36   33.768517   34.546001
   37   33.681828   33.451000
   38   33.048946   33.549999
   39   33.696499   34.932999
   40   34.043167   34.077999
   41   33.307861   34.187000
   42   33.473087   33.786999
   43   32.938995   34.056999
   44   32.916214   32.698002
   45   33.144947   33.075001
   46   32.727646   33.691006
   47   32.609615   33.049999
   48   32.552368   33.028000
   49   32.338352   33.081005
   50   31.996874   32.810001
   51   31.937138   32.717003
   52   31.907230   32.304001
   53   31.816051   32.523998
   54   31.567387   32.214005
   55   31.567387   32.214005
   56   31.417233   31.824001
   57   31.244133   31.781002
   58   30.798862   31.403000
   59   31.120634   31.275002
   60   30.409590   30.784000
   61   30.301764   30.816999
   62   30.301764   30.816999
   63   30.482403   30.838999
   64   29.349051   29.441000
   65   29.456064   29.368999
   66   29.456064   29.368999
   67   29.456064   29.368999
   68   28.520063   28.312002
   69   28.520063   28.312002
   70   28.520063   28.312002
   71   27.676899   27.490999
   72   27.171839   27.046000
   73   27.171839   27.046000
   74   27.171839   27.046000
   75   26.179544   25.628000
   76   26.072720   25.728003
   77   26.072720   25.728003
   78   25.174955   23.417999
   79   25.174955   23.417999
   80   25.174955   23.417999
   81   22.831493   24.326000
   82   23.926706   23.614000
   83   22.070833   21.420000
   84   21.327463   21.030003
   85   22.241005   20.718000
   86   21.192205   20.718000
   87   19.822952   19.004000
   88   19.822952   19.004000
   89   19.918192   19.164001
   90   18.654243   18.899002
   91   17.928387   17.344000
   92   16.855892   17.301003
   93   18.222569   16.992001
   94   16.039167   15.866001
   95   15.467690   15.741000
   96   14.489386   13.924000
   97   13.229795   13.847000
   98   13.229795   13.847000
   99   11.562960   11.198000
   100   11.673642   11.448000
   101   12.210558   11.409000
   102   10.250237   9.625000
   103   10.040441   9.416000
   104   10.142452   9.701000
   105   8.922885   8.528000
   106   8.922885   8.528000
   107   7.127281   7.349000
   108   7.127281   7.349000
   109   8.091336   7.299000
   110   5.557213   6.115000
   111   5.680685   6.038000
   112   6.245980   5.780000
   113   4.378867   4.812000
   114   4.621308   4.708000
   115   4.621308   4.705000
   116   3.405651   3.709000
   117   2.376358   3.209000
   118   2.376358   3.209000
   119   3.134378   2.844000
   120   3.333428   2.774000
   121   2.148492   2.052000
   122   2.148492   2.052000
   123   2.757544   1.669000
   124   2.757544   1.669000
   125   0.000000   1.023000
   126   0.000000   0.506000
   127   0.000000   0.291000
   128   0.000000   0.043000
   129   0.000000   0.000000
   130   0.000000   0.000000
   131   0.000000   0.000000
   132   0.000000   0.000000
   133   0.000000   0.000000
   134   0.000000   0.000000
   135   0.000000   0.000000
   136   0.000000   0.000000
   137   0.000000   0.000000
   138   0.000000   0.000000
   139   0.000000   0.000000
   140   0.000000   0.000000
   141   0.000000   0.000000
   142   0.000000   0.000000
   143   0.000000   0.000000
   144   0.000000   0.000000
   145   0.000000   0.000000
   146   0.000000   0.000000
   147   0.000000   0.000000
   148   0.000000   0.000000
   149   0.000000   0.000000
   150   0.000000   0.000000
   151   0.000000   0.000000
   152   0.000000   0.000000
   153   0.000000   0.000000
   154   0.000000   0.000000
   155   0.000000   0.000000
   156   0.000000   0.000000
   157   0.000000   0.000000
   158   0.000000   0.000000
   159   0.000000   0.000000
   160   0.000000   0.000000
   161   0.000000   0.000000
   162   0.000000   0.000000
   163   0.000000   0.000000
   164   0.000000   0.000000
   165   0.000000   0.000000
   166   0.000000   0.000000
   167   0.000000   0.000000
   168   0.000000   0.000000
   169   0.000000   0.000000
   170   0.000000   0.000000
   171   0.000000   0.000000
   172   0.000000   0.000000
   173   0.000000   0.000000
   174   0.000000   0.000000
   175   0.000000   0.000000
   176   0.000000   0.000000
   177   0.000000   0.000000
   178   0.000000   0.000000
   179   0.000000   0.000000
   180   0.000000   0.000000
   181   0.000000   0.000000
   182   0.000000   0.000000
   183   0.000000   0.000000
   184   0.000000   0.000000
   185   0.000000   0.000000
   186   0.000000   0.000000
   187   0.000000   0.000000
   188   0.000000   0.000000
   189   0.000000   0.000000
   190   0.000000   0.000000
   191   0.000000   0.000000
   192   0.000000   0.000000
   193   0.000000   0.000000
   194   0.000000   0.000000
   195   0.000000   0.000000
   196   0.000000   0.000000
   197   0.000000   0.000000
   198   0.000000   0.000000
   199   0.000000   0.000000
   200   0.000000   0.000000
   201   0.000000   0.000000
   202   0.000000   0.000000
   203   0.000000   0.000000
   204   0.000000   0.000000
   205   0.000000   0.000000
   206   0.000000   0.000000
   207   0.000000   0.000000
   208   0.000000   0.000000
   209   0.000000   0.000000
   210   0.000000   0.000000
   211   0.000000   0.000000
   212   0.000000   0.000000
   213   0.000000   0.000000
   214   0.000000   0.000000
   215   0.000000   0.000000
   216   0.000000   0.000000
   217   0.000000   0.000000
   218   0.000000   0.000000
   219   0.000000   0.000000
   220   0.000000   0.000000
   221   0.000000   0.000000
   222   0.000000   0.000000
   223   0.000000   0.000000
   224   0.000000   0.000000
   225   0.000000   0.000000
   226   0.000000   0.000000
   227   0.000000   0.000000
   228   0.000000   0.000000
   229   0.000000   0.000000
   230   0.000000   0.000000
   231   0.000000   0.000000
   232   0.000000   0.000000
   233   0.000000   0.000000
   234   0.000000   0.000000
   235   0.000000   0.000000
   236   0.000000   0.000000
   237   0.000000   0.000000
   238   0.000000   0.000000
   239   0.000000   0.000000
   240   0.000000   0.000000
   241   0.000000   0.000000
   242   0.000000   0.000000
   243   0.000000   0.000000
   244   0.000000   0.000000
   245   0.000000   0.000000
   246   0.000000   0.000000
   247   0.000000   0.000000
   248   0.000000   0.000000
   249   0.000000   0.000000
   250   0.000000   0.000000
   251   0.000000   0.000000
   252   0.000000   0.000000
   253   0.000000   0.000000
   254   0.000000   0.000000
   255   0.000000   0.000000
   256   0.000000   0.000000
   257   0.000000   0.000000
   258   0.000000   0.000000
   259   0.000000   0.000000
   260   0.000000   0.000000
   261   0.000000   0.000000
   262   0.000000   0.000000
   263   0.000000   0.000000
   264   0.000000   0.000000
   265   0.000000   0.000000
   266   0.000000   0.000000
   267   0.000000   0.000000
   268   0.000000   0.000000
   269   0.000000   0.000000
   270   0.000000   0.000000
   271   0.000000   0.000000
   272   0.000000   0.000000
   273   0.000000   0.000000
   274   0.000000   0.000000
   275   0.000000   0.000000
   276   0.000000   0.000000
   277   0.000000   0.000000
   278   0.000000   0.000000
   279   0.000000   0.000000
   280   0.000000   0.000000
   281   0.000000   0.000000
   282   0.000000   0.000000
   283   0.000000   0.000000
   284   0.000000   0.000000
   285   0.000000   0.000000
   286   0.000000   0.000000
   287   0.000000   0.000000
   288   0.000000   0.000000
   289   0.000000   0.000000
   290   0.000000   0.000000
   291   0.000000   0.000000
   292   0.000000   0.000000
   293   0.000000   0.000000
   294   0.000000   0.000000
   295   0.000000   0.000000
   296   0.000000   0.000000
   297   0.000000   0.000000
   298   0.000000   0.000000
   299   0.000000   0.000000
   300   0.000000   0.000000
   301   0.000000   0.000000
   302   0.000000   0.000000
   303   0.000000   0.000000
   304   0.000000   0.000000
   305   0.000000   0.000000
   306   0.000000   0.000000
   307   0.000000   0.000000
   308   0.000000   0.000000
   309   0.000000   0.000000
   310   0.000000   0.000000
   311   0.000000   0.000000
   312   0.000000   0.000000
   313   0.000000   0.000000
   314   0.000000   0.000000
   315   0.000000   0.000000
   316   0.000000   0.000000
   317   0.000000   0.000000
   318   0.000000   0.000000
   319   0.000000   0.000000
   320   0.000000   0.000000
   321   0.000000   0.000000
   322   0.000000   0.000000
   323   0.000000   0.000000
   324   0.000000   0.000000
   325   0.000000   0.000000
   326   0.000000   0.000000
   327   0.000000   0.000000
   328   0.000000   0.000000
   329   0.000000   0.000000
   330   0.000000   0.000000
   331   0.000000   0.000000
   332   0.000000   0.000000
   333   0.000000   0.000000
   334   0.000000   0.000000
   335   0.000000   0.000000
   336   0.000000   0.000000
   337   0.000000   0.000000
   338   0.000000   0.000000
   339   0.000000   0.000000
   340   0.000000   0.000000
   341   0.000000   0.000000
   342   0.000000   0.000000
   343   0.000000   0.000000
   344   0.000000   0.000000
   345   0.000000   0.000000
   346   0.000000   0.000000
   347   0.000000   0.000000
   348   0.000000   0.000000
   349   0.000000   0.000000
   350   0.000000   0.000000
   351   0.000000   0.000000
   352   0.000000   0.000000
   353   0.000000   0.000000
   354   0.000000   0.000000
   355   0.000000   0.000000
   356   0.000000   0.000000
   357   0.000000   0.000000
   358   0.000000   0.000000
   359   0.000000   0.000000
   360   0.000000   0.000000
   361   0.000000   0.000000
   362   0.000000   0.000000
   363   0.000000   0.000000
   364   0.000000   0.000000
   365   0.000000   0.000000
   366   0.000000   0.000000
   367   0.000000   0.000000
   368   0.000000   0.000000
   369   0.000000   0.000000
   370   0.000000   0.000000
   371   0.000000   0.000000
   372   0.000000   0.000000
   373   0.000000   0.000000
   374   0.000000   0.000000
   375   0.000000   0.000000
   376   0.000000   0.000000
   377   0.000000   0.000000
   378   0.000000   0.000000
   379   0.000000   0.000000
   380   0.000000   0.000000
   381   0.000000   0.000000
   382   0.000000   0.000000
   383   0.000000   0.000000
   384   0.000000   0.000000
   385   0.000000   0.000000
   386   0.000000   0.000000
   387   0.000000   0.000000
   388   0.000000   0.000000
   389   0.000000   0.000000
   390   0.000000   0.000000
   391   0.000000   0.000000
   392   0.000000   0.000000
   393   0.000000   0.000000
   394   0.000000   0.000000
   395   0.000000   0.000000
   396   0.000000   0.000000
   397   0.000000   0.000000
   398   0.000000   0.000000
   399   0.000000   0.000000
   400   0.000000   0.000000
   401   0.000000   0.000000
   402   0.000000   0.000000
   403   0.000000   0.000000
   404   0.000000   0.000000
   405   0.000000   0.000000
   406   0.000000   0.000000
   407   0.000000   0.000000
   408   0.000000   0.000000
   409   0.000000   0.000000
   410   0.000000   0.000000
   411   0.000000   0.000000
   412   0.000000   0.000000
   413   0.000000   0.000000
   414   0.000000   0.000000
   415   0.000000   0.000000
   416   0.000000   0.000000
   417   0.000000   0.002000
   418   0.000000   0.002000
   419   0.000000   0.002000
   420   0.000000   0.002000
   421   0.000000   0.002000
   422   0.000000   0.003000
   423   0.000000   0.003000
   424   0.000000   0.000000
   425   0.000000   0.000000
   426   0.000000   0.010000
   427   0.000000   0.010000
   428   0.000000   0.034000
   429   0.000000   0.000000
   430   0.000000   0.000000
   431   0.000000   0.002000
   432   0.000000   0.001000
   433   0.000000   0.000000
   434   0.000000   0.035000
   435   3.623365   0.016000
   436   3.623365   0.028000
   437   3.623365   0.000000
   438   3.623365   0.003000
   439   3.623365   0.026000
   440   3.623365   0.005000
   441   3.623365   0.003000
   442   5.123806   0.004000
   443   16.486837   25.209000
   444   17.412319   25.731001
   445   17.915901   25.826002
   446   18.424683   26.427000
   447   19.040367   26.886002
   448   19.633694   27.077999
   449   20.140358   27.952002
   450   20.385036   28.222000
   451   21.187773   28.429003
   452   21.669554   29.405003
   453   22.224497   29.759001
   454   22.868828   30.641003
   455   23.018597   30.939001
   456   24.220970   31.637001
   457   24.012451   33.612003
   458   24.943369   32.949001
   459   25.945576   33.462006
   460   27.352573   33.462006
   461   26.749222   34.296001
   462   27.794098   34.296001
   463   28.629906   35.029999
   464   29.127819   35.625999
   465   29.551001   36.075001
   466   30.125866   37.182999
   467   30.946825   37.661999
   468   31.731180   38.178005
   469   32.541615   38.832001
   470   33.227116   39.289001
   471   34.079586   39.931000
   472   34.965622   40.344006
   473   35.855186   40.933998
   474   36.544655   41.330006
   475   37.589165   41.886002
   476   38.259895   42.513000
   477   39.342964   43.080006
   478   40.797108   43.441002
   479   41.359612   43.936001
   480   42.629791   44.485001
   481   43.846268   44.938000
   482   45.401291   45.327999
   483   46.888134   45.868999
   484   48.574780   46.408001
   485   49.684429   46.764004
   486   51.413456   47.245998
   487   53.146568   47.729000
   488   55.617085   48.328999
   489   57.292595   49.061001
   490   59.409012   49.291000
   491   62.084042   49.983002
   492   64.360138   51.098999
   493   67.019615   52.528999
   494   70.081383   52.206001
   495   74.249725   53.383003
   496   79.530212   54.206001
   497   83.891014   59.772999
   200.000000,   47
   23.500000   23.000000   22.500000   22.000000   21.500000   21.000000   20.500000   20.000000   19.500000   19.000000   18.500000   18.000000   17.500000   17.000000   16.500000   16.000000   15.500000   15.000000   14.500000   14.000000   13.500000   13.000000   12.500000   12.000000   11.500000   11.000000   10.500000   10.000000   9.500000   9.000000   8.500000   8.000000   7.500000   7.000000   6.500000   6.000000   5.500000   5.000000   4.500000   4.000000   3.500000   3.000000   2.500000   2.000000   1.500000   1.000000   0.500000
   20.482000   18.761999   17.215000   15.772000   14.436000   13.188000   12.008000   10.895000   9.843000   8.849000   7.909000   7.019000   6.174000   5.373000   4.617000   3.901000   3.196000   2.404000   1.124000   -0.000000   -0.000000   -0.000000   -0.000000   -0.000000   -0.000000   -0.000000   -0.000000   -0.000000   -0.000000   -0.000000   -0.000000   -0.000000   -0.000000   -0.000000   -0.000000   -0.000000   -0.000000   -0.000000   -0.000000   -0.000000   -0.000000   -0.000000   -0.000000   -0.000000   -0.000000   -0.000000   -0.000000
   15.584000   17.493000   18.079000   19.923000   21.132000   22.334999   23.518000   24.868999   26.072001   27.208000   28.573999   29.971001   31.371000   32.689999   34.233002   35.445000   34.435001   29.267000   10.317000   89.991997   89.995003   89.995003   89.999001   89.999001   89.999001   89.999001   89.999001   89.999001   89.999001   89.999001   89.999001   89.999001   89.999001   89.999001   89.999001   89.999001   89.999001   89.999001   89.999001   89.999001   89.999001   89.999001   89.999001   89.999001   89.999001   89.999001   89.999001
   190.000000,   49
   24.500000   24.000000   23.500000   23.000000   22.500000   22.000000   21.500000   21.000000   20.500000   20.000000   19.500000   19.000000   18.500000   18.000000   17.500000   17.000000   16.500000   16.000000   15.500000   15.000000   14.500000   14.000000   13.500000   13.000000   12.500000   12.000000   11.500000   11.000000   10.500000   10.000000   9.500000   9.000000   8.500000   8.000000   7.500000   7.000000   6.500000   6.000000   5.500000   5.000000   4.500000   4.000000   3.500000   3.000000   2.500000   2.000000   1.500000   1.000000   0.500000
   18.160000   14.821000   12.422000   10.496000   8.876000   7.478000   6.247000   5.145000   4.149000   3.245000   2.429000   1.682000   0.968000   0.293000   -0.000000   0.000000   0.000000   0.000000   0.000000   0.000000   0.000000   -0.000000   -0.000000   -0.000000   -0.000000   -0.000000   -0.000000   -0.000000   -0.000000   -0.000000   -0.000000   -0.000000   -0.000000   -0.000000   -0.000000   -0.000000   -0.000000   -0.000000   -0.000000   -0.000000   -0.000000   -0.000000   -0.000000   -0.000000   -0.000000   -0.000000   -0.000000   -0.000000   -0.000000
   7.217000   10.495000   13.401000   15.870000   18.476999   20.972000   23.134001   25.715000   27.867001   30.487000   32.745998   34.589001   35.333000   38.242001   89.992996   89.991997   89.991997   89.991997   89.995003   89.995003   89.995003   89.995003   89.995003   89.995003   89.995003   89.995003   89.999001   89.999001   89.999001   89.999001   89.999001   89.999001   89.999001   89.999001   89.999001   89.999001   89.999001   89.999001   89.999001   89.999001   89.999001   89.999001   89.999001   89.999001   89.999001   89.999001   89.999001   89.999001   89.999001
   180.000000,   50
   25.000000   24.500000   24.000000   23.500000   23.000000   22.500000   22.000000   21.500000   21.000000   20.500000   20.000000   19.500000   19.000000   18.500000   18.000000   17.500000   17.000000   16.500000   16.000000   15.500000   15.000000   14.500000   14.000000   13.500000   13.000000   12.500000   12.000000   11.500000   11.000000   10.500000   10.000000   9.500000   9.000000   8.500000   8.000000   7.500000   7.000000   6.500000   6.000000   5.500000   5.000000   4.500000   4.000000   3.500000   3.000000   2.500000   2.000000   1.500000   1.000000   0.500000
   19.650000   15.443000   11.236000   7.256000   4.705000   3.098000   1.992000   1.212000   0.655000   0.265000   0.059000   0.000000   0.000000   0.000000   0.000000   0.000000   0.000000   0.000000   0.000000   0.000000   0.000000   0.000000   0.000000   0.000000   -0.000000   -0.000000   -0.000000   -0.000000   -0.000000   -0.000000   -0.000000   -0.000000   -0.000000   -0.000000   -0.000000   -0.000000   -0.000000   -0.000000   -0.000000   -0.000000   -0.000000   -0.000000   -0.000000   -0.000000   -0.000000   -0.000000   -0.000000   -0.000000   -0.000000   -0.000000
   6.778000   6.778000   6.778000   8.547000   14.216000   20.704000   28.514000   37.384998   46.609001   58.888000   76.130997   89.995003   89.995003   89.991997   89.995003   89.995003   89.995003   89.995003   89.995003   89.995003   89.995003   89.995003   89.995003   89.995003   89.995003   89.995003   89.995003   89.995003   90.000000   89.999001   89.999001   89.999001   89.999001   89.999001   89.999001   89.999001   89.999001   89.999001   89.999001   89.999001   89.999001   89.999001   89.999001   89.999001   89.999001   89.999001   89.999001   89.999001   89.999001   89.999001
   170.000000,   51
   25.000000   24.500000   24.000000   23.500000   23.000000   22.500000   22.000000   21.500000   21.000000   20.500000   20.000000   20.000000   19.500000   19.000000   18.500000   18.000000   17.500000   17.000000   16.500000   16.000000   15.500000   15.000000   14.500000   14.000000   13.500000   13.000000   12.500000   12.000000   11.500000   11.000000   10.500000   10.000000   9.500000   9.000000   8.500000   8.000000   7.500000   7.000000   6.500000   6.000000   5.500000   5.000000   4.500000   4.000000   3.500000   3.000000   2.500000   2.000000   1.500000   1.000000   0.500000
   19.650000   15.443000   11.236000   7.030000   2.823000   1.346000   0.773000   0.404000   0.173000   0.043000   0.000000   0.001000   0.001000   0.001000   0.001000   0.000000   0.000000   0.000000   0.000000   0.000000   0.000000   0.000000   0.000000   0.000000   0.000000   0.000000   0.000000   -0.000000   -0.000000   -0.000000   -0.000000   -0.000000   -0.000000   -0.000000   -0.000000   -0.000000   -0.000000   -0.000000   -0.000000   -0.000000   -0.000000   -0.000000   -0.000000   -0.000000   -0.000000   -0.000000   -0.000000   -0.000000   -0.000000   -0.000000   -0.000000
   6.778000   6.778000   6.778000   6.778000   6.778000   35.445000   48.491001   59.375999   71.168999   81.146004   89.573997   89.985001   89.995003   89.995003   89.995003   89.995003   89.995003   89.995003   89.995003   89.995003   89.995003   89.995003   89.995003   89.995003   89.995003   89.995003   89.995003   89.995003   89.995003   89.995003   89.995003   90.000000   89.999001   89.999001   89.999001   89.999001   89.999001   89.999001   89.999001   89.999001   89.999001   89.999001   89.999001   89.999001   89.999001   89.999001   89.999001   89.999001   89.999001   89.999001   89.999001
   160.000000,   51
   25.000000   24.500000   24.000000   23.500000   23.000000   22.500000   22.000000   21.500000   21.000000   20.500000   20.000000   20.000000   19.500000   19.000000   18.500000   18.000000   17.500000   17.000000   16.500000   16.000000   15.500000   15.000000   14.500000   14.000000   13.500000   13.000000   12.500000   12.000000   11.500000   11.000000   10.500000   10.000000   9.500000   9.000000   8.500000   8.000000   7.500000   7.000000   6.500000   6.000000   5.500000   5.000000   4.500000   4.000000   3.500000   3.000000   2.500000   2.000000   1.500000   1.000000   0.500000
   19.650000   15.443000   11.236000   7.030000   2.823000   1.373000   0.787000   0.413000   0.175000   0.047000   0.001000   0.001000   0.001000   0.001000   0.001000   0.001000   0.001000   0.000000   0.000000   0.000000   0.000000   0.000000   0.000000   0.000000   0.000000   0.000000   0.000000   0.000000   0.000000   -0.000000   -0.000000   -0.000000   -0.000000   -0.000000   -0.000000   -0.000000   -0.000000   -0.000000   -0.000000   -0.000000   -0.000000   -0.000000   -0.000000   -0.000000   -0.000000   -0.000000   -0.000000   -0.000000   -0.000000   -0.000000   -0.000000
   6.778000   6.778000   6.778000   6.778000   6.778000   33.907001   47.976002   55.831001   73.306000   81.582001   89.573997   89.985001   89.985001   89.985001   89.985001   89.995003   89.995003   89.995003   89.995003   89.995003   89.995003   89.995003   89.995003   89.995003   89.995003   89.995003   89.995003   89.995003   89.995003   89.995003   89.995003   89.995003   89.995003   89.999001   89.999001   89.999001   89.999001   89.999001   89.999001   89.999001   89.999001   89.999001   89.999001   89.999001   89.999001   89.999001   89.999001   89.999001   89.999001   89.999001   89.999001
   150.000000,   51
   25.000000   24.500000   24.000000   23.500000   23.000000   22.500000   22.000000   21.500000   21.000000   20.500000   20.000000   20.000000   19.500000   19.000000   18.500000   18.000000   17.500000   17.000000   16.500000   16.000000   15.500000   15.000000   14.500000   14.000000   13.500000   13.000000   12.500000   12.000000   11.500000   11.000000   10.500000   10.000000   9.500000   9.000000   8.500000   8.000000   7.500000   7.000000   6.500000   6.000000   5.500000   5.000000   4.500000   4.000000   3.500000   3.000000   2.500000   2.000000   1.500000   1.000000   0.500000
   19.650000   15.443000   11.236000   7.030000   2.823000   1.379000   0.795000   0.417000   0.183000   0.047000   0.002000   0.001000   0.001000   0.001000   0.001000   0.001000   0.001000   0.001000   0.001000   0.000000   0.000000   0.000000   0.000000   0.000000   0.000000   0.000000   0.000000   0.000000   0.000000   0.000000   0.000000   -0.000000   -0.000000   -0.000000   -0.000000   -0.000000   -0.000000   -0.000000   -0.000000   -0.000000   -0.000000   -0.000000   -0.000000   -0.000000   -0.000000   -0.000000   -0.000000   -0.000000   -0.000000   -0.000000   -0.000000
   6.778000   6.778000   6.778000   6.778000   6.778000   30.723000   46.521000   58.696999   68.157997   82.556999   89.573997   89.985001   89.985001   89.985001   89.985001   89.985001   89.985001   89.985001   89.985001   89.995003   89.995003   89.995003   89.995003   89.995003   89.995003   89.995003   89.995003   89.995003   89.995003   89.995003   89.995003   89.995003   89.995003   89.995003   89.995003   89.999001   89.999001   89.999001   89.999001   89.999001   89.999001   89.999001   89.999001   89.999001   89.999001   89.999001   89.999001   89.999001   89.999001   89.999001   89.999001
   140.000000,   51
   25.000000   24.500000   24.000000   23.500000   23.000000   22.500000   22.000000   21.500000   21.000000   20.500000   20.000000   20.000000   19.500000   19.000000   18.500000   18.000000   17.500000   17.000000   16.500000   16.000000   15.500000   15.000000   14.500000   14.000000   13.500000   13.000000   12.500000   12.000000   11.500000   11.000000   10.500000   10.000000   9.500000   9.000000   8.500000   8.000000   7.500000   7.000000   6.500000   6.000000   5.500000   5.000000   4.500000   4.000000   3.500000   3.000000   2.500000   2.000000   1.500000   1.000000   0.500000
   19.650000   15.443000   11.236000   7.030000   2.823000   1.391000   0.805000   0.425000   0.183000   0.045000   0.002000   0.002000   0.002000   0.002000   0.001000   0.001000   0.001000   0.001000   0.001000   0.001000   0.001000   0.001000   0.000000   0.000000   0.000000   0.000000   0.000000   0.000000   0.000000   0.000000   0.000000   0.000000   0.000000   -0.000000   -0.000000   -0.000000   -0.000000   -0.000000   -0.000000   -0.000000   -0.000000   -0.000000   -0.000000   -0.000000   -0.000000   -0.000000   -0.000000   -0.000000   -0.000000   -0.000000   -0.000000
   6.778000   6.778000   6.778000   6.778000   6.778000   30.482000   48.676998   63.172001   68.778000   77.946999   89.573997   89.985001   89.985001   89.985001   89.985001   89.985001   89.985001   89.985001   89.985001   89.985001   89.985001   89.985001   89.995003   89.995003   89.995003   89.995003   89.995003   89.995003   89.995003   89.995003   89.995003   89.995003   89.995003   89.995003   89.995003   89.995003   90.000000   89.999001   89.999001   89.999001   89.999001   89.999001   89.999001   89.999001   89.999001   89.999001   89.999001   89.999001   89.999001   89.999001   89.999001
   130.000000,   51
   25.000000   24.500000   24.000000   23.500000   23.000000   22.500000   22.000000   21.500000   21.000000   20.500000   20.000000   20.000000   19.500000   19.000000   18.500000   18.000000   17.500000   17.000000   16.500000   16.000000   15.500000   15.000000   14.500000   14.000000   13.500000   13.000000   12.500000   12.000000   11.500000   11.000000   10.500000   10.000000   9.500000   9.000000   8.500000   8.000000   7.500000   7.000000   6.500000   6.000000   5.500000   5.000000   4.500000   4.000000   3.500000   3.000000   2.500000   2.000000   1.500000   1.000000   0.500000
   19.650000   15.443000   11.236000   7.030000   2.823000   1.398000   0.820000   0.428000   0.188000   0.047000   0.003000   0.002000   0.002000   0.002000   0.002000   0.002000   0.002000   0.001000   0.001000   0.001000   0.001000   0.001000   0.001000   0.001000   0.001000   0.000000   0.000000   0.000000   0.000000   0.000000   0.000000   0.000000   0.000000   0.000000   0.000000   -0.000000   -0.000000   -0.000000   -0.000000   -0.000000   -0.000000   -0.000000   -0.000000   -0.000000   -0.000000   -0.000000   -0.000000   -0.000000   -0.000000   -0.000000   -0.000000
   6.778000   6.778000   6.778000   6.778000   6.778000   34.057999   47.068001   58.262001   68.612000   82.081001   89.573997   89.985001   89.985001   89.985001   89.985001   89.985001   89.985001   89.985001   89.985001   89.985001   89.985001   89.985001   89.985001   89.985001   89.985001   89.995003   89.995003   89.995003   89.995003   89.995003   89.995003   89.995003   89.995003   89.995003   89.995003   89.995003   89.995003   89.995003   89.999001   89.999001   89.999001   89.999001   89.999001   89.999001   89.999001   89.999001   89.999001   89.999001   89.999001   89.999001   89.999001
   120.000000,   50
   25.000000   24.500000   24.000000   23.500000   23.000000   22.500000   22.000000   21.500000   21.000000   20.500000   20.000000   19.500000   19.000000   18.500000   18.000000   17.500000   17.000000   16.500000   16.000000   15.500000   15.000000   14.500000   14.000000   13.500000   13.000000   12.500000   12.000000   11.500000   11.000000   10.500000   10.000000   9.500000   9.000000   8.500000   8.000000   7.500000   7.000000   6.500000   6.000000   5.500000   5.000000   4.500000   4.000000   3.500000   3.000000   2.500000   2.000000   1.500000   1.000000   0.500000
   19.650000   15.443000   11.236000   7.030000   2.823000   1.393000   0.811000   0.439000   0.187000   0.050000   0.003000   0.002000   0.002000   0.002000   0.002000   0.002000   0.002000   0.002000   0.002000   0.001000   0.001000   0.001000   0.001000   0.001000   0.001000   0.001000   0.001000   0.000000   0.000000   0.000000   0.000000   0.000000   0.000000   0.000000   0.000000   0.000000   -0.000000   -0.000000   -0.000000   -0.000000   -0.000000   -0.000000   -0.000000   -0.000000   -0.000000   -0.000000   -0.000000   -0.000000   -0.000000   -0.000000
   6.778000   6.778000   6.778000   6.778000   6.778000   35.526001   45.488998   59.403000   70.623001   83.008003   89.985001   89.985001   89.985001   89.985001   89.985001   89.985001   89.985001   89.985001   89.985001   89.985001   89.985001   89.985001   89.985001   89.985001   89.985001   89.985001   89.985001   89.985001   89.995003   89.995003   89.995003   89.995003   89.995003   89.995003   89.995003   89.995003   89.995003   89.995003   89.995003   89.999001   89.999001   89.999001   89.999001   89.999001   89.999001   89.999001   89.999001   89.999001   89.999001   89.999001
   110.000000,   51
   25.000000   24.500000   24.000000   23.500000   23.000000   22.500000   22.000000   21.500000   21.000000   20.500000   20.000000   20.000000   19.500000   19.000000   18.500000   18.000000   17.500000   17.000000   16.500000   16.000000   15.500000   15.000000   14.500000   14.000000   13.500000   13.000000   12.500000   12.000000   11.500000   11.000000   10.500000   10.000000   9.500000   9.000000   8.500000   8.000000   7.500000   7.000000   6.500000   6.000000   5.500000   5.000000   4.500000   4.000000   3.500000   3.000000   2.500000   2.000000   1.500000   1.000000   0.500000
   19.650000   15.443000   11.236000   7.030000   2.823000   1.394000   0.809000   0.433000   0.190000   0.048000   0.005000   0.003000   0.003000   0.003000   0.003000   0.002000   0.002000   0.002000   0.002000   0.002000   0.002000   0.002000   0.002000   0.001000   0.001000   0.001000   0.001000   0.001000   0.001000   0.001000   0.001000   0.000000   0.000000   0.000000   0.000000   0.000000   0.000000   0.000000   0.000000   -0.000000   -0.000000   -0.000000   -0.000000   -0.000000   -0.000000   -0.000000   -0.000000   -0.000000   -0.000000   -0.000000   -0.000000
   6.778000   6.778000   6.778000   6.778000   6.778000   34.356998   49.796001   61.381001   68.492996   80.417999   89.573997   89.985001   89.985001   89.985001   89.985001   89.985001   89.985001   89.985001   89.985001   89.985001   89.985001   89.985001   89.985001   89.985001   89.985001   89.985001   89.985001   89.985001   89.985001   89.985001   89.985001   89.985001   89.995003   89.995003   89.995003   89.995003   89.995003   89.995003   89.995003   89.995003   89.995003   89.995003   89.999001   89.999001   89.999001   89.999001   89.999001   89.999001   89.999001   89.999001   89.999001
   100.000000,   50
   25.000000   24.500000   24.000000   23.500000   23.000000   22.500000   22.000000   21.500000   21.000000   20.500000   20.000000   19.500000   19.000000   18.500000   18.000000   17.500000   17.000000   16.500000   16.000000   15.500000   15.000000   14.500000   14.000000   13.500000   13.000000   12.500000   12.000000   11.500000   11.000000   10.500000   10.000000   9.500000   9.000000   8.500000   8.000000   7.500000   7.000000   6.500000   6.000000   5.500000   5.000000   4.500000   4.000000   3.500000   3.000000   2.500000   2.000000   1.500000   1.000000   0.500000
   19.650000   15.443000   11.236000   7.030000   2.823000   1.381000   0.806000   0.432000   0.189000   0.052000   0.003000   0.003000   0.003000   0.003000   0.003000   0.003000   0.003000   0.002000   0.002000   0.002000   0.002000   0.002000   0.002000   0.002000   0.002000   0.001000   0.001000   0.001000   0.001000   0.001000   0.001000   0.001000   0.001000   0.000000   0.000000   0.000000   0.000000   0.000000   0.000000   0.000000   -0.000000   -0.000000   -0.000000   -0.000000   -0.000000   -0.000000   -0.000000   -0.000000   -0.000000   -0.000000
   6.778000   6.778000   6.778000   6.778000   6.778000   33.964001   45.624001   60.921001   68.626999   80.954002   89.985001   89.985001   89.985001   89.985001   89.985001   89.985001   89.985001   89.985001   89.985001   89.985001   89.985001   89.985001   89.985001   89.985001   89.985001   89.985001   89.985001   89.985001   89.985001   89.985001   89.985001   89.985001   89.985001   89.985001   89.985001   89.995003   89.995003   89.995003   89.995003   89.995003   89.995003   89.995003   90.000000   89.999001   89.999001   89.999001   89.999001   89.999001   89.999001   89.999001
