 VS =   1.000000     VE =   5.000000     VI =   2.000000    
 VSP =   1.000000     FROUD =  3.7678156E-02
 VSP =   3.000000     FROUD =  0.1130345    
 VSP =   5.000000     FROUD =  0.1883908    
 IV =           1 SIGMA =           1 THICK =           1
 IV =           1 SIGMA =           1 THICK =           2
 IV =           1 SIGMA =           1 THICK =           3
 IV =           1 SIGMA =           1 THICK =           4
 IV =           1 SIGMA =           1 THICK =           5
 IV =           1 SIGMA =           1 THICK =           6
 IV =           1 SIGMA =           1 THICK =           7
 IV =           1 SIGMA =           1 THICK =           8
 IV =           1 SIGMA =           1 THICK =           9
 IV =           1 SIGMA =           1 THICK =          10
 IV =           1 SIGMA =           2 THICK =           1
 IV =           1 SIGMA =           2 THICK =           2
 IV =           1 SIGMA =           2 THICK =           3
 IV =           1 SIGMA =           2 THICK =           4
 IV =           1 SIGMA =           2 THICK =           5
 IV =           1 SIGMA =           2 THICK =           6
 IV =           1 SIGMA =           2 THICK =           7
 IV =           1 SIGMA =           2 THICK =           8
 IV =           1 SIGMA =           2 THICK =           9
 IV =           1 SIGMA =           2 THICK =          10
 IV =           1 SIGMA =           3 THICK =           1
 IV =           1 SIGMA =           3 THICK =           2
 IV =           1 SIGMA =           3 THICK =           3
 IV =           1 SIGMA =           3 THICK =           4
 IV =           1 SIGMA =           3 THICK =           5
 IV =           1 SIGMA =           3 THICK =           6
 IV =           1 SIGMA =           3 THICK =           7
 IV =           1 SIGMA =           3 THICK =           8
 IV =           1 SIGMA =           3 THICK =           9
 IV =           1 SIGMA =           3 THICK =          10
 IV =           1 SIGMA =           4 THICK =           1
 IV =           1 SIGMA =           4 THICK =           2
 IV =           1 SIGMA =           4 THICK =           3
 IV =           1 SIGMA =           4 THICK =           4
 IV =           1 SIGMA =           4 THICK =           5
 IV =           1 SIGMA =           4 THICK =           6
 IV =           1 SIGMA =           4 THICK =           7
 IV =           1 SIGMA =           4 THICK =           8
 IV =           1 SIGMA =           4 THICK =           9
 IV =           1 SIGMA =           4 THICK =          10
 IV =           1 SIGMA =           5 THICK =           1
 IV =           1 SIGMA =           5 THICK =           2
 IV =           1 SIGMA =           5 THICK =           3
 IV =           1 SIGMA =           5 THICK =           4
 IV =           1 SIGMA =           5 THICK =           5
 IV =           1 SIGMA =           5 THICK =           6
 IV =           1 SIGMA =           5 THICK =           7
 IV =           1 SIGMA =           5 THICK =           8
 IV =           1 SIGMA =           5 THICK =           9
 IV =           1 SIGMA =           5 THICK =          10
 IV =           2 SIGMA =           1 THICK =           1
 IV =           2 SIGMA =           1 THICK =           2
 IV =           2 SIGMA =           1 THICK =           3
 IV =           2 SIGMA =           1 THICK =           4
 IV =           2 SIGMA =           1 THICK =           5
 IV =           2 SIGMA =           1 THICK =           6
 IV =           2 SIGMA =           1 THICK =           7
 IV =           2 SIGMA =           1 THICK =           8
 IV =           2 SIGMA =           1 THICK =           9
 IV =           2 SIGMA =           1 THICK =          10
 IV =           2 SIGMA =           2 THICK =           1
 IV =           2 SIGMA =           2 THICK =           2
 IV =           2 SIGMA =           2 THICK =           3
 IV =           2 SIGMA =           2 THICK =           4
 IV =           2 SIGMA =           2 THICK =           5
 IV =           2 SIGMA =           2 THICK =           6
 IV =           2 SIGMA =           2 THICK =           7
 IV =           2 SIGMA =           2 THICK =           8
 IV =           2 SIGMA =           2 THICK =           9
 IV =           2 SIGMA =           2 THICK =          10
 IV =           2 SIGMA =           3 THICK =           1
 IV =           2 SIGMA =           3 THICK =           2
 IV =           2 SIGMA =           3 THICK =           3
 IV =           2 SIGMA =           3 THICK =           4
 IV =           2 SIGMA =           3 THICK =           5
 IV =           2 SIGMA =           3 THICK =           6
 IV =           2 SIGMA =           3 THICK =           7
 IV =           2 SIGMA =           3 THICK =           8
 IV =           2 SIGMA =           3 THICK =           9
 IV =           2 SIGMA =           3 THICK =          10
 IV =           2 SIGMA =           4 THICK =           1
 IV =           2 SIGMA =           4 THICK =           2
 IV =           2 SIGMA =           4 THICK =           3
 IV =           2 SIGMA =           4 THICK =           4
 IV =           2 SIGMA =           4 THICK =           5
 IV =           2 SIGMA =           4 THICK =           6
 IV =           2 SIGMA =           4 THICK =           7
 IV =           2 SIGMA =           4 THICK =           8
 IV =           2 SIGMA =           4 THICK =           9
 IV =           2 SIGMA =           4 THICK =          10
 IV =           2 SIGMA =           5 THICK =           1
 IV =           2 SIGMA =           5 THICK =           2
 IV =           2 SIGMA =           5 THICK =           3
 IV =           2 SIGMA =           5 THICK =           4
 IV =           2 SIGMA =           5 THICK =           5
 IV =           2 SIGMA =           5 THICK =           6
 IV =           2 SIGMA =           5 THICK =           7
 IV =           2 SIGMA =           5 THICK =           8
 IV =           2 SIGMA =           5 THICK =           9
 IV =           2 SIGMA =           5 THICK =          10
 IV =           3 SIGMA =           1 THICK =           1
 IV =           3 SIGMA =           1 THICK =           2
 IV =           3 SIGMA =           1 THICK =           3
 IV =           3 SIGMA =           1 THICK =           4
 IV =           3 SIGMA =           1 THICK =           5
 IV =           3 SIGMA =           1 THICK =           6
 IV =           3 SIGMA =           1 THICK =           7
 IV =           3 SIGMA =           1 THICK =           8
 IV =           3 SIGMA =           1 THICK =           9
 IV =           3 SIGMA =           1 THICK =          10
 IV =           3 SIGMA =           2 THICK =           1
 IV =           3 SIGMA =           2 THICK =           2
 IV =           3 SIGMA =           2 THICK =           3
 IV =           3 SIGMA =           2 THICK =           4
 IV =           3 SIGMA =           2 THICK =           5
 IV =           3 SIGMA =           2 THICK =           6
 IV =           3 SIGMA =           2 THICK =           7
 IV =           3 SIGMA =           2 THICK =           8
 IV =           3 SIGMA =           2 THICK =           9
 IV =           3 SIGMA =           2 THICK =          10
 IV =           3 SIGMA =           3 THICK =           1
 IV =           3 SIGMA =           3 THICK =           2
 IV =           3 SIGMA =           3 THICK =           3
 IV =           3 SIGMA =           3 THICK =           4
 IV =           3 SIGMA =           3 THICK =           5
 IV =           3 SIGMA =           3 THICK =           6
 IV =           3 SIGMA =           3 THICK =           7
 IV =           3 SIGMA =           3 THICK =           8
 IV =           3 SIGMA =           3 THICK =           9
 IV =           3 SIGMA =           3 THICK =          10
 IV =           3 SIGMA =           4 THICK =           1
 IV =           3 SIGMA =           4 THICK =           2
 IV =           3 SIGMA =           4 THICK =           3
 IV =           3 SIGMA =           4 THICK =           4
 IV =           3 SIGMA =           4 THICK =           5
 IV =           3 SIGMA =           4 THICK =           6
 IV =           3 SIGMA =           4 THICK =           7
 IV =           3 SIGMA =           4 THICK =           8
 IV =           3 SIGMA =           4 THICK =           9
 IV =           3 SIGMA =           4 THICK =          10
 IV =           3 SIGMA =           5 THICK =           1
 IV =           3 SIGMA =           5 THICK =           2
 IV =           3 SIGMA =           5 THICK =           3
 IV =           3 SIGMA =           5 THICK =           4
 IV =           3 SIGMA =           5 THICK =           5
 IV =           3 SIGMA =           5 THICK =           6
 IV =           3 SIGMA =           5 THICK =           7
 IV =           3 SIGMA =           5 THICK =           8
 IV =           3 SIGMA =           5 THICK =           9
 IV =           3 SIGMA =           5 THICK =          10
